<?xml version="1.0" encoding="UTF-8"?>
<coverage generated="1686468278717" clover="3.2.0">
  <project timestamp="1686468278717" name="All files">
    <metrics statements="2175" coveredstatements="13" conditionals="4211" coveredconditionals="1" methods="1275" coveredmethods="4" elements="7661" coveredelements="18" complexity="0" loc="2175" ncloc="2175" packages="15" files="34" classes="34"/>
    <package name="coverage.lcov-report">
      <metrics statements="120" coveredstatements="0" conditionals="329" coveredconditionals="0" methods="54" coveredmethods="0"/>
      <file name="block-navigation.js" path="C:\Users\spart\Documents\GitHub\cse110-sp23-group11\coverage\lcov-report\block-navigation.js">
        <metrics statements="30" coveredstatements="0" conditionals="19" coveredconditionals="0" methods="6" coveredmethods="0"/>
        <line num="2" count="0" type="stmt"/>
        <line num="4" count="0" type="stmt"/>
        <line num="7" count="0" type="stmt"/>
        <line num="10" count="0" type="stmt"/>
        <line num="14" count="0" type="stmt"/>
        <line num="20" count="0" type="stmt"/>
        <line num="25" count="0" type="stmt"/>
        <line num="28" count="0" type="stmt"/>
        <line num="32" count="0" type="stmt"/>
        <line num="33" count="0" type="stmt"/>
        <line num="34" count="0" type="stmt"/>
        <line num="42" count="0" type="stmt"/>
        <line num="43" count="0" type="cond" truecount="0" falsecount="4"/>
        <line num="44" count="0" type="stmt"/>
        <line num="45" count="0" type="cond" truecount="0" falsecount="2"/>
        <line num="46" count="0" type="stmt"/>
        <line num="49" count="0" type="stmt"/>
        <line num="53" count="0" type="stmt"/>
        <line num="55" count="0" type="cond" truecount="0" falsecount="2"/>
        <line num="59" count="0" type="stmt"/>
        <line num="62" count="0" type="stmt"/>
        <line num="65" count="0" type="stmt"/>
        <line num="66" count="0" type="cond" truecount="0" falsecount="2"/>
        <line num="71" count="0" type="stmt"/>
        <line num="74" count="0" type="cond" truecount="0" falsecount="5"/>
        <line num="77" count="0" type="stmt"/>
        <line num="78" count="0" type="stmt"/>
        <line num="82" count="0" type="stmt"/>
        <line num="83" count="0" type="stmt"/>
        <line num="87" count="0" type="stmt"/>
      </file>
      <file name="prettify.js" path="C:\Users\spart\Documents\GitHub\cse110-sp23-group11\coverage\lcov-report\prettify.js">
        <metrics statements="1" coveredstatements="0" conditionals="286" coveredconditionals="0" methods="29" coveredmethods="0"/>
        <line num="2" count="0" type="cond" truecount="0" falsecount="286"/>
      </file>
      <file name="sorter.js" path="C:\Users\spart\Documents\GitHub\cse110-sp23-group11\coverage\lcov-report\sorter.js">
        <metrics statements="89" coveredstatements="0" conditionals="24" coveredconditionals="0" methods="19" coveredmethods="0"/>
        <line num="2" count="0" type="stmt"/>
        <line num="5" count="0" type="stmt"/>
        <line num="12" count="0" type="stmt"/>
        <line num="16" count="0" type="stmt"/>
        <line num="20" count="0" type="stmt"/>
        <line num="24" count="0" type="stmt"/>
        <line num="28" count="0" type="stmt"/>
        <line num="29" count="0" type="stmt"/>
        <line num="30" count="0" type="stmt"/>
        <line num="31" count="0" type="stmt"/>
        <line num="32" count="0" type="cond" truecount="0" falsecount="2"/>
        <line num="37" count="0" type="stmt"/>
        <line num="39" count="0" type="stmt"/>
        <line num="46" count="0" type="stmt"/>
        <line num="47" count="0" type="stmt"/>
        <line num="48" count="0" type="stmt"/>
        <line num="49" count="0" type="stmt"/>
        <line num="54" count="0" type="stmt"/>
        <line num="56" count="0" type="stmt"/>
        <line num="60" count="0" type="stmt"/>
        <line num="61" count="0" type="stmt"/>
        <line num="62" count="0" type="stmt"/>
        <line num="67" count="0" type="stmt"/>
        <line num="68" count="0" type="cond" truecount="0" falsecount="2"/>
        <line num="69" count="0" type="stmt"/>
        <line num="70" count="0" type="stmt"/>
        <line num="74" count="0" type="stmt"/>
        <line num="79" count="0" type="stmt"/>
        <line num="82" count="0" type="stmt"/>
        <line num="85" count="0" type="stmt"/>
        <line num="86" count="0" type="stmt"/>
        <line num="87" count="0" type="stmt"/>
        <line num="88" count="0" type="stmt"/>
        <line num="89" count="0" type="cond" truecount="0" falsecount="2"/>
        <line num="90" count="0" type="stmt"/>
        <line num="92" count="0" type="stmt"/>
        <line num="94" count="0" type="stmt"/>
        <line num="98" count="0" type="stmt"/>
        <line num="101" count="0" type="stmt"/>
        <line num="102" count="0" type="stmt"/>
        <line num="107" count="0" type="stmt"/>
        <line num="108" count="0" type="stmt"/>
        <line num="109" count="0" type="stmt"/>
        <line num="110" count="0" type="stmt"/>
        <line num="111" count="0" type="cond" truecount="0" falsecount="4"/>
        <line num="113" count="0" type="stmt"/>
        <line num="114" count="0" type="stmt"/>
        <line num="115" count="0" type="stmt"/>
        <line num="116" count="0" type="stmt"/>
        <line num="119" count="0" type="cond" truecount="0" falsecount="2"/>
        <line num="120" count="0" type="stmt"/>
        <line num="121" count="0" type="stmt"/>
        <line num="125" count="0" type="stmt"/>
        <line num="126" count="0" type="stmt"/>
        <line num="127" count="0" type="stmt"/>
        <line num="130" count="0" type="stmt"/>
        <line num="132" count="0" type="stmt"/>
        <line num="133" count="0" type="stmt"/>
        <line num="138" count="0" type="stmt"/>
        <line num="139" count="0" type="stmt"/>
        <line num="141" count="0" type="stmt"/>
        <line num="142" count="0" type="stmt"/>
        <line num="146" count="0" type="cond" truecount="0" falsecount="2"/>
        <line num="154" count="0" type="stmt"/>
        <line num="155" count="0" type="stmt"/>
        <line num="157" count="0" type="stmt"/>
        <line num="158" count="0" type="stmt"/>
        <line num="160" count="0" type="cond" truecount="0" falsecount="2"/>
        <line num="161" count="0" type="stmt"/>
        <line num="163" count="0" type="stmt"/>
        <line num="164" count="0" type="stmt"/>
        <line num="165" count="0" type="stmt"/>
        <line num="166" count="0" type="stmt"/>
        <line num="167" count="0" type="stmt"/>
        <line num="170" count="0" type="stmt"/>
        <line num="171" count="0" type="cond" truecount="0" falsecount="2"/>
        <line num="174" count="0" type="stmt"/>
        <line num="175" count="0" type="cond" truecount="0" falsecount="2"/>
        <line num="176" count="0" type="stmt"/>
        <line num="178" count="0" type="stmt"/>
        <line num="184" count="0" type="stmt"/>
        <line num="185" count="0" type="cond" truecount="0" falsecount="2"/>
        <line num="186" count="0" type="stmt"/>
        <line num="188" count="0" type="stmt"/>
        <line num="189" count="0" type="stmt"/>
        <line num="190" count="0" type="stmt"/>
        <line num="191" count="0" type="stmt"/>
        <line num="192" count="0" type="stmt"/>
        <line num="196" count="0" type="stmt"/>
      </file>
    </package>
    <package name="out.scripts">
      <metrics statements="418" coveredstatements="0" conditionals="317" coveredconditionals="0" methods="141" coveredmethods="0"/>
      <file name="core.js" path="C:\Users\spart\Documents\GitHub\cse110-sp23-group11\out\scripts\core.js">
        <metrics statements="258" coveredstatements="0" conditionals="94" coveredconditionals="0" methods="50" coveredmethods="0"/>
        <line num="2" count="0" type="stmt"/>
        <line num="3" count="0" type="stmt"/>
        <line num="4" count="0" type="stmt"/>
        <line num="5" count="0" type="stmt"/>
        <line num="7" count="0" type="stmt"/>
        <line num="8" count="0" type="stmt"/>
        <line num="11" count="0" type="stmt"/>
        <line num="14" count="0" type="stmt"/>
        <line num="16" count="0" type="stmt"/>
        <line num="20" count="0" type="stmt"/>
        <line num="21" count="0" type="stmt"/>
        <line num="22" count="0" type="cond" truecount="0" falsecount="2"/>
        <line num="24" count="0" type="stmt"/>
        <line num="25" count="0" type="stmt"/>
        <line num="26" count="0" type="stmt"/>
        <line num="28" count="0" type="stmt"/>
        <line num="29" count="0" type="stmt"/>
        <line num="32" count="0" type="stmt"/>
        <line num="36" count="0" type="stmt"/>
        <line num="37" count="0" type="stmt"/>
        <line num="39" count="0" type="cond" truecount="0" falsecount="2"/>
        <line num="41" count="0" type="stmt"/>
        <line num="44" count="0" type="stmt"/>
        <line num="45" count="0" type="stmt"/>
        <line num="47" count="0" type="stmt"/>
        <line num="49" count="0" type="cond" truecount="0" falsecount="2"/>
        <line num="50" count="0" type="cond" truecount="0" falsecount="2"/>
        <line num="51" count="0" type="stmt"/>
        <line num="54" count="0" type="stmt"/>
        <line num="56" count="0" type="stmt"/>
        <line num="68" count="0" type="stmt"/>
        <line num="70" count="0" type="stmt"/>
        <line num="71" count="0" type="stmt"/>
        <line num="82" count="0" type="stmt"/>
        <line num="84" count="0" type="stmt"/>
        <line num="85" count="0" type="stmt"/>
        <line num="97" count="0" type="stmt"/>
        <line num="99" count="0" type="cond" truecount="0" falsecount="2"/>
        <line num="103" count="0" type="stmt"/>
        <line num="104" count="0" type="stmt"/>
        <line num="106" count="0" type="cond" truecount="0" falsecount="2"/>
        <line num="107" count="0" type="stmt"/>
        <line num="108" count="0" type="stmt"/>
        <line num="110" count="0" type="stmt"/>
        <line num="111" count="0" type="stmt"/>
        <line num="116" count="0" type="cond" truecount="0" falsecount="2"/>
        <line num="120" count="0" type="stmt"/>
        <line num="122" count="0" type="stmt"/>
        <line num="123" count="0" type="stmt"/>
        <line num="125" count="0" type="stmt"/>
        <line num="126" count="0" type="stmt"/>
        <line num="127" count="0" type="stmt"/>
        <line num="129" count="0" type="cond" truecount="0" falsecount="2"/>
        <line num="130" count="0" type="stmt"/>
        <line num="136" count="0" type="stmt"/>
        <line num="141" count="0" type="cond" truecount="0" falsecount="2"/>
        <line num="142" count="0" type="stmt"/>
        <line num="151" count="0" type="cond" truecount="0" falsecount="2"/>
        <line num="153" count="0" type="stmt"/>
        <line num="155" count="0" type="stmt"/>
        <line num="156" count="0" type="stmt"/>
        <line num="157" count="0" type="stmt"/>
        <line num="159" count="0" type="stmt"/>
        <line num="161" count="0" type="cond" truecount="0" falsecount="2"/>
        <line num="162" count="0" type="stmt"/>
        <line num="165" count="0" type="cond" truecount="0" falsecount="2"/>
        <line num="166" count="0" type="stmt"/>
        <line num="169" count="0" type="cond" truecount="0" falsecount="2"/>
        <line num="171" count="0" type="stmt"/>
        <line num="177" count="0" type="stmt"/>
        <line num="178" count="0" type="stmt"/>
        <line num="179" count="0" type="stmt"/>
        <line num="181" count="0" type="cond" truecount="0" falsecount="2"/>
        <line num="182" count="0" type="stmt"/>
        <line num="185" count="0" type="stmt"/>
        <line num="187" count="0" type="cond" truecount="0" falsecount="2"/>
        <line num="188" count="0" type="stmt"/>
        <line num="193" count="0" type="cond" truecount="0" falsecount="2"/>
        <line num="194" count="0" type="stmt"/>
        <line num="198" count="0" type="stmt"/>
        <line num="200" count="0" type="cond" truecount="0" falsecount="2"/>
        <line num="201" count="0" type="stmt"/>
        <line num="204" count="0" type="stmt"/>
        <line num="206" count="0" type="cond" truecount="0" falsecount="2"/>
        <line num="207" count="0" type="stmt"/>
        <line num="208" count="0" type="stmt"/>
        <line num="211" count="0" type="cond" truecount="0" falsecount="2"/>
        <line num="212" count="0" type="stmt"/>
        <line num="217" count="0" type="stmt"/>
        <line num="219" count="0" type="stmt"/>
        <line num="220" count="0" type="stmt"/>
        <line num="221" count="0" type="stmt"/>
        <line num="222" count="0" type="stmt"/>
        <line num="224" count="0" type="stmt"/>
        <line num="228" count="0" type="stmt"/>
        <line num="230" count="0" type="stmt"/>
        <line num="231" count="0" type="stmt"/>
        <line num="232" count="0" type="stmt"/>
        <line num="233" count="0" type="stmt"/>
        <line num="235" count="0" type="stmt"/>
        <line num="237" count="0" type="stmt"/>
        <line num="238" count="0" type="stmt"/>
        <line num="239" count="0" type="stmt"/>
        <line num="241" count="0" type="stmt"/>
        <line num="242" count="0" type="stmt"/>
        <line num="252" count="0" type="stmt"/>
        <line num="253" count="0" type="stmt"/>
        <line num="255" count="0" type="stmt"/>
        <line num="256" count="0" type="stmt"/>
        <line num="257" count="0" type="stmt"/>
        <line num="258" count="0" type="stmt"/>
        <line num="259" count="0" type="stmt"/>
        <line num="263" count="0" type="stmt"/>
        <line num="265" count="0" type="stmt"/>
        <line num="266" count="0" type="stmt"/>
        <line num="267" count="0" type="stmt"/>
        <line num="274" count="0" type="stmt"/>
        <line num="277" count="0" type="stmt"/>
        <line num="279" count="0" type="cond" truecount="0" falsecount="2"/>
        <line num="281" count="0" type="stmt"/>
        <line num="285" count="0" type="stmt"/>
        <line num="288" count="0" type="stmt"/>
        <line num="292" count="0" type="cond" truecount="0" falsecount="2"/>
        <line num="293" count="0" type="stmt"/>
        <line num="299" count="0" type="stmt"/>
        <line num="303" count="0" type="stmt"/>
        <line num="310" count="0" type="stmt"/>
        <line num="315" count="0" type="stmt"/>
        <line num="320" count="0" type="stmt"/>
        <line num="324" count="0" type="stmt"/>
        <line num="326" count="0" type="stmt"/>
        <line num="328" count="0" type="stmt"/>
        <line num="332" count="0" type="stmt"/>
        <line num="333" count="0" type="stmt"/>
        <line num="334" count="0" type="stmt"/>
        <line num="336" count="0" type="stmt"/>
        <line num="337" count="0" type="stmt"/>
        <line num="339" count="0" type="cond" truecount="0" falsecount="2"/>
        <line num="340" count="0" type="stmt"/>
        <line num="343" count="0" type="cond" truecount="0" falsecount="2"/>
        <line num="344" count="0" type="stmt"/>
        <line num="348" count="0" type="stmt"/>
        <line num="350" count="0" type="stmt"/>
        <line num="351" count="0" type="stmt"/>
        <line num="353" count="0" type="cond" truecount="0" falsecount="4"/>
        <line num="354" count="0" type="stmt"/>
        <line num="357" count="0" type="stmt"/>
        <line num="358" count="0" type="stmt"/>
        <line num="360" count="0" type="cond" truecount="0" falsecount="2"/>
        <line num="361" count="0" type="stmt"/>
        <line num="363" count="0" type="stmt"/>
        <line num="365" count="0" type="stmt"/>
        <line num="366" count="0" type="stmt"/>
        <line num="367" count="0" type="stmt"/>
        <line num="368" count="0" type="stmt"/>
        <line num="369" count="0" type="stmt"/>
        <line num="375" count="0" type="stmt"/>
        <line num="377" count="0" type="stmt"/>
        <line num="378" count="0" type="stmt"/>
        <line num="380" count="0" type="stmt"/>
        <line num="382" count="0" type="stmt"/>
        <line num="383" count="0" type="stmt"/>
        <line num="385" count="0" type="stmt"/>
        <line num="390" count="0" type="stmt"/>
        <line num="392" count="0" type="stmt"/>
        <line num="393" count="0" type="stmt"/>
        <line num="398" count="0" type="stmt"/>
        <line num="401" count="0" type="stmt"/>
        <line num="405" count="0" type="stmt"/>
        <line num="406" count="0" type="stmt"/>
        <line num="407" count="0" type="stmt"/>
        <line num="411" count="0" type="cond" truecount="0" falsecount="2"/>
        <line num="412" count="0" type="stmt"/>
        <line num="416" count="0" type="stmt"/>
        <line num="417" count="0" type="stmt"/>
        <line num="418" count="0" type="stmt"/>
        <line num="420" count="0" type="cond" truecount="0" falsecount="2"/>
        <line num="421" count="0" type="stmt"/>
        <line num="423" count="0" type="cond" truecount="0" falsecount="2"/>
        <line num="424" count="0" type="stmt"/>
        <line num="426" count="0" type="stmt"/>
        <line num="428" count="0" type="stmt"/>
        <line num="434" count="0" type="stmt"/>
        <line num="436" count="0" type="cond" truecount="0" falsecount="2"/>
        <line num="437" count="0" type="stmt"/>
        <line num="443" count="0" type="stmt"/>
        <line num="445" count="0" type="cond" truecount="0" falsecount="2"/>
        <line num="446" count="0" type="stmt"/>
        <line num="451" count="0" type="stmt"/>
        <line num="453" count="0" type="stmt"/>
        <line num="483" count="0" type="stmt"/>
        <line num="489" count="0" type="stmt"/>
        <line num="495" count="0" type="stmt"/>
        <line num="501" count="0" type="stmt"/>
        <line num="507" count="0" type="stmt"/>
        <line num="513" count="0" type="stmt"/>
        <line num="523" count="0" type="stmt"/>
        <line num="525" count="0" type="stmt"/>
        <line num="526" count="0" type="cond" truecount="0" falsecount="2"/>
        <line num="528" count="0" type="stmt"/>
        <line num="531" count="0" type="stmt"/>
        <line num="533" count="0" type="stmt"/>
        <line num="534" count="0" type="stmt"/>
        <line num="535" count="0" type="stmt"/>
        <line num="540" count="0" type="stmt"/>
        <line num="541" count="0" type="stmt"/>
        <line num="542" count="0" type="stmt"/>
        <line num="544" count="0" type="cond" truecount="0" falsecount="2"/>
        <line num="545" count="0" type="stmt"/>
        <line num="547" count="0" type="cond" truecount="0" falsecount="2"/>
        <line num="548" count="0" type="stmt"/>
        <line num="550" count="0" type="cond" truecount="0" falsecount="2"/>
        <line num="551" count="0" type="stmt"/>
        <line num="556" count="0" type="stmt"/>
        <line num="557" count="0" type="stmt"/>
        <line num="558" count="0" type="stmt"/>
        <line num="560" count="0" type="cond" truecount="0" falsecount="2"/>
        <line num="561" count="0" type="stmt"/>
        <line num="563" count="0" type="cond" truecount="0" falsecount="2"/>
        <line num="564" count="0" type="stmt"/>
        <line num="566" count="0" type="cond" truecount="0" falsecount="2"/>
        <line num="567" count="0" type="stmt"/>
        <line num="572" count="0" type="stmt"/>
        <line num="573" count="0" type="stmt"/>
        <line num="575" count="0" type="cond" truecount="0" falsecount="2"/>
        <line num="576" count="0" type="stmt"/>
        <line num="578" count="0" type="stmt"/>
        <line num="583" count="0" type="stmt"/>
        <line num="585" count="0" type="cond" truecount="0" falsecount="2"/>
        <line num="586" count="0" type="stmt"/>
        <line num="591" count="0" type="stmt"/>
        <line num="593" count="0" type="stmt"/>
        <line num="595" count="0" type="stmt"/>
        <line num="600" count="0" type="stmt"/>
        <line num="602" count="0" type="stmt"/>
        <line num="604" count="0" type="cond" truecount="0" falsecount="2"/>
        <line num="605" count="0" type="stmt"/>
        <line num="606" count="0" type="stmt"/>
        <line num="613" count="0" type="stmt"/>
        <line num="618" count="0" type="stmt"/>
        <line num="622" count="0" type="stmt"/>
        <line num="624" count="0" type="stmt"/>
        <line num="630" count="0" type="stmt"/>
        <line num="631" count="0" type="stmt"/>
        <line num="632" count="0" type="stmt"/>
        <line num="633" count="0" type="stmt"/>
        <line num="634" count="0" type="stmt"/>
        <line num="635" count="0" type="stmt"/>
        <line num="636" count="0" type="cond" truecount="0" falsecount="2"/>
        <line num="637" count="0" type="stmt"/>
        <line num="640" count="0" type="stmt"/>
        <line num="641" count="0" type="stmt"/>
        <line num="642" count="0" type="stmt"/>
        <line num="646" count="0" type="stmt"/>
        <line num="649" count="0" type="stmt"/>
        <line num="650" count="0" type="stmt"/>
        <line num="652" count="0" type="cond" truecount="0" falsecount="2"/>
        <line num="653" count="0" type="stmt"/>
      </file>
      <file name="core.min.js" path="C:\Users\spart\Documents\GitHub\cse110-sp23-group11\out\scripts\core.min.js">
        <metrics statements="2" coveredstatements="0" conditionals="90" coveredconditionals="0" methods="50" coveredmethods="0"/>
        <line num="1" count="0" type="cond" truecount="0" falsecount="54"/>
        <line num="23" count="0" type="cond" truecount="0" falsecount="32"/>
      </file>
      <file name="linenumber.js" path="C:\Users\spart\Documents\GitHub\cse110-sp23-group11\out\scripts\linenumber.js">
        <metrics statements="14" coveredstatements="0" conditionals="6" coveredconditionals="0" methods="1" coveredmethods="0"/>
        <line num="2" count="0" type="stmt"/>
        <line num="3" count="0" type="stmt"/>
        <line num="4" count="0" type="stmt"/>
        <line num="5" count="0" type="stmt"/>
        <line num="11" count="0" type="cond" truecount="0" falsecount="4"/>
        <line num="12" count="0" type="stmt"/>
        <line num="13" count="0" type="stmt"/>
        <line num="14" count="0" type="stmt"/>
        <line num="16" count="0" type="stmt"/>
        <line num="17" count="0" type="stmt"/>
        <line num="18" count="0" type="stmt"/>
        <line num="19" count="0" type="stmt"/>
        <line num="20" count="0" type="cond" truecount="0" falsecount="2"/>
        <line num="21" count="0" type="stmt"/>
      </file>
      <file name="resize.js" path="C:\Users\spart\Documents\GitHub\cse110-sp23-group11\out\scripts\resize.js">
        <metrics statements="32" coveredstatements="0" conditionals="12" coveredconditionals="0" methods="6" coveredmethods="0"/>
        <line num="4" count="0" type="stmt"/>
        <line num="6" count="0" type="stmt"/>
        <line num="7" count="0" type="stmt"/>
        <line num="9" count="0" type="stmt"/>
        <line num="10" count="0" type="stmt"/>
        <line num="11" count="0" type="stmt"/>
        <line num="12" count="0" type="stmt"/>
        <line num="21" count="0" type="cond" truecount="0" falsecount="2"/>
        <line num="22" count="0" type="stmt"/>
        <line num="23" count="0" type="stmt"/>
        <line num="24" count="0" type="stmt"/>
        <line num="27" count="0" type="stmt"/>
        <line num="30" count="0" type="stmt"/>
        <line num="31" count="0" type="stmt"/>
        <line num="32" count="0" type="cond" truecount="0" falsecount="2"/>
        <line num="33" count="0" type="cond" truecount="0" falsecount="2"/>
        <line num="41" count="0" type="cond" truecount="0" falsecount="2"/>
        <line num="42" count="0" type="stmt"/>
        <line num="49" count="0" type="cond" truecount="0" falsecount="4"/>
        <line num="50" count="0" type="stmt"/>
        <line num="51" count="0" type="stmt"/>
        <line num="52" count="0" type="stmt"/>
        <line num="58" count="0" type="stmt"/>
        <line num="60" count="0" type="stmt"/>
        <line num="65" count="0" type="stmt"/>
        <line num="75" count="0" type="stmt"/>
        <line num="77" count="0" type="stmt"/>
        <line num="78" count="0" type="stmt"/>
        <line num="81" count="0" type="stmt"/>
        <line num="82" count="0" type="stmt"/>
        <line num="84" count="0" type="stmt"/>
        <line num="89" count="0" type="stmt"/>
      </file>
      <file name="search.js" path="C:\Users\spart\Documents\GitHub\cse110-sp23-group11\out\scripts\search.js">
        <metrics statements="110" coveredstatements="0" conditionals="58" coveredconditionals="0" methods="17" coveredmethods="0"/>
        <line num="3" count="0" type="stmt"/>
        <line num="4" count="0" type="stmt"/>
        <line num="5" count="0" type="stmt"/>
        <line num="6" count="0" type="stmt"/>
        <line num="7" count="0" type="stmt"/>
        <line num="8" count="0" type="stmt"/>
        <line num="9" count="0" type="stmt"/>
        <line num="12" count="0" type="stmt"/>
        <line num="17" count="0" type="cond" truecount="0" falsecount="2"/>
        <line num="19" count="0" type="stmt"/>
        <line num="23" count="0" type="stmt"/>
        <line num="25" count="0" type="cond" truecount="0" falsecount="2"/>
        <line num="26" count="0" type="stmt"/>
        <line num="31" count="0" type="cond" truecount="0" falsecount="2"/>
        <line num="32" count="0" type="stmt"/>
        <line num="34" count="0" type="stmt"/>
        <line num="39" count="0" type="stmt"/>
        <line num="44" count="0" type="stmt"/>
        <line num="46" count="0" type="stmt"/>
        <line num="50" count="0" type="stmt"/>
        <line num="53" count="0" type="cond" truecount="0" falsecount="2"/>
        <line num="55" count="0" type="stmt"/>
        <line num="58" count="0" type="cond" truecount="0" falsecount="2"/>
        <line num="59" count="0" type="stmt"/>
        <line num="61" count="0" type="stmt"/>
        <line num="64" count="0" type="cond" truecount="0" falsecount="2"/>
        <line num="65" count="0" type="stmt"/>
        <line num="71" count="0" type="stmt"/>
        <line num="74" count="0" type="cond" truecount="0" falsecount="2"/>
        <line num="76" count="0" type="stmt"/>
        <line num="77" count="0" type="stmt"/>
        <line num="78" count="0" type="stmt"/>
        <line num="80" count="0" type="stmt"/>
        <line num="85" count="0" type="stmt"/>
        <line num="87" count="0" type="cond" truecount="0" falsecount="2"/>
        <line num="88" count="0" type="cond" truecount="0" falsecount="2"/>
        <line num="89" count="0" type="cond" truecount="0" falsecount="2"/>
        <line num="90" count="0" type="stmt"/>
        <line num="92" count="0" type="cond" truecount="0" falsecount="2"/>
        <line num="93" count="0" type="stmt"/>
        <line num="94" count="0" type="stmt"/>
        <line num="97" count="0" type="cond" truecount="0" falsecount="2"/>
        <line num="98" count="0" type="stmt"/>
        <line num="100" count="0" type="stmt"/>
        <line num="107" count="0" type="stmt"/>
        <line num="108" count="0" type="stmt"/>
        <line num="110" count="0" type="stmt"/>
        <line num="111" count="0" type="cond" truecount="0" falsecount="2"/>
        <line num="113" count="0" type="stmt"/>
        <line num="114" count="0" type="stmt"/>
        <line num="115" count="0" type="stmt"/>
        <line num="117" count="0" type="stmt"/>
        <line num="125" count="0" type="stmt"/>
        <line num="129" count="0" type="stmt"/>
        <line num="139" count="0" type="stmt"/>
        <line num="142" count="0" type="stmt"/>
        <line num="145" count="0" type="stmt"/>
        <line num="147" count="0" type="stmt"/>
        <line num="149" count="0" type="cond" truecount="0" falsecount="2"/>
        <line num="150" count="0" type="stmt"/>
        <line num="153" count="0" type="stmt"/>
        <line num="159" count="0" type="stmt"/>
        <line num="160" count="0" type="stmt"/>
        <line num="162" count="0" type="stmt"/>
        <line num="163" count="0" type="stmt"/>
        <line num="164" count="0" type="stmt"/>
        <line num="165" count="0" type="cond" truecount="0" falsecount="2"/>
        <line num="167" count="0" type="stmt"/>
        <line num="171" count="0" type="cond" truecount="0" falsecount="4"/>
        <line num="173" count="0" type="stmt"/>
        <line num="181" count="0" type="stmt"/>
        <line num="182" count="0" type="stmt"/>
        <line num="184" count="0" type="cond" truecount="0" falsecount="2"/>
        <line num="185" count="0" type="stmt"/>
        <line num="187" count="0" type="stmt"/>
        <line num="190" count="0" type="cond" truecount="0" falsecount="2"/>
        <line num="191" count="0" type="stmt"/>
        <line num="193" count="0" type="stmt"/>
        <line num="196" count="0" type="cond" truecount="0" falsecount="2"/>
        <line num="197" count="0" type="stmt"/>
        <line num="199" count="0" type="stmt"/>
        <line num="201" count="0" type="stmt"/>
        <line num="203" count="0" type="stmt"/>
        <line num="204" count="0" type="stmt"/>
        <line num="206" count="0" type="stmt"/>
        <line num="210" count="0" type="stmt"/>
        <line num="212" count="0" type="cond" truecount="0" falsecount="2"/>
        <line num="213" count="0" type="stmt"/>
        <line num="215" count="0" type="stmt"/>
        <line num="219" count="0" type="stmt"/>
        <line num="223" count="0" type="stmt"/>
        <line num="224" count="0" type="stmt"/>
        <line num="226" count="0" type="cond" truecount="0" falsecount="2"/>
        <line num="227" count="0" type="stmt"/>
        <line num="230" count="0" type="cond" truecount="0" falsecount="2"/>
        <line num="231" count="0" type="stmt"/>
        <line num="232" count="0" type="stmt"/>
        <line num="236" count="0" type="cond" truecount="0" falsecount="2"/>
        <line num="237" count="0" type="stmt"/>
        <line num="240" count="0" type="cond" truecount="0" falsecount="2"/>
        <line num="241" count="0" type="stmt"/>
        <line num="242" count="0" type="stmt"/>
        <line num="246" count="0" type="cond" truecount="0" falsecount="2"/>
        <line num="247" count="0" type="stmt"/>
        <line num="251" count="0" type="cond" truecount="0" falsecount="2"/>
        <line num="252" count="0" type="stmt"/>
        <line num="257" count="0" type="stmt"/>
        <line num="260" count="0" type="stmt"/>
        <line num="262" count="0" type="cond" truecount="0" falsecount="2"/>
        <line num="263" count="0" type="stmt"/>
      </file>
      <file name="search.min.js" path="C:\Users\spart\Documents\GitHub\cse110-sp23-group11\out\scripts\search.min.js">
        <metrics statements="2" coveredstatements="0" conditionals="57" coveredconditionals="0" methods="17" coveredmethods="0"/>
        <line num="1" count="0" type="cond" truecount="0" falsecount="26"/>
        <line num="6" count="0" type="cond" truecount="0" falsecount="29"/>
      </file>
    </package>
    <package name="out.scripts.prettify">
      <metrics statements="29" coveredstatements="0" conditionals="279" coveredconditionals="0" methods="26" coveredmethods="0"/>
      <file name="lang-css.js" path="C:\Users\spart\Documents\GitHub\cse110-sp23-group11\out\scripts\prettify\lang-css.js">
        <metrics statements="2" coveredstatements="0" conditionals="0" coveredconditionals="0" methods="0" coveredmethods="0"/>
        <line num="1" count="0" type="stmt"/>
        <line num="2" count="0" type="stmt"/>
      </file>
      <file name="prettify.js" path="C:\Users\spart\Documents\GitHub\cse110-sp23-group11\out\scripts\prettify\prettify.js">
        <metrics statements="27" coveredstatements="0" conditionals="279" coveredconditionals="0" methods="26" coveredmethods="0"/>
        <line num="1" count="0" type="stmt"/>
        <line num="2" count="0" type="cond" truecount="0" falsecount="22"/>
        <line num="3" count="0" type="cond" truecount="0" falsecount="23"/>
        <line num="4" count="0" type="cond" truecount="0" falsecount="20"/>
        <line num="5" count="0" type="cond" truecount="0" falsecount="17"/>
        <line num="6" count="0" type="cond" truecount="0" falsecount="19"/>
        <line num="7" count="0" type="cond" truecount="0" falsecount="12"/>
        <line num="8" count="0" type="cond" truecount="0" falsecount="20"/>
        <line num="9" count="0" type="cond" truecount="0" falsecount="8"/>
        <line num="10" count="0" type="cond" truecount="0" falsecount="8"/>
        <line num="11" count="0" type="cond" truecount="0" falsecount="6"/>
        <line num="12" count="0" type="cond" truecount="0" falsecount="9"/>
        <line num="13" count="0" type="cond" truecount="0" falsecount="14"/>
        <line num="14" count="0" type="cond" truecount="0" falsecount="12"/>
        <line num="15" count="0" type="cond" truecount="0" falsecount="14"/>
        <line num="16" count="0" type="cond" truecount="0" falsecount="14"/>
        <line num="17" count="0" type="cond" truecount="0" falsecount="12"/>
        <line num="18" count="0" type="stmt"/>
        <line num="19" count="0" type="stmt"/>
        <line num="20" count="0" type="stmt"/>
        <line num="21" count="0" type="stmt"/>
        <line num="22" count="0" type="stmt"/>
        <line num="23" count="0" type="stmt"/>
        <line num="24" count="0" type="stmt"/>
        <line num="25" count="0" type="cond" truecount="0" falsecount="10"/>
        <line num="26" count="0" type="cond" truecount="0" falsecount="35"/>
        <line num="27" count="0" type="cond" truecount="0" falsecount="4"/>
      </file>
    </package>
    <package name="out.scripts.third-party">
      <metrics statements="1323" coveredstatements="0" conditionals="3246" coveredconditionals="0" methods="998" coveredmethods="0"/>
      <file name="fuse.js" path="C:\Users\spart\Documents\GitHub\cse110-sp23-group11\out\scripts\third-party\fuse.js">
        <metrics statements="1" coveredstatements="0" conditionals="581" coveredconditionals="0" methods="192" coveredmethods="0"/>
        <line num="9" count="0" type="cond" truecount="0" falsecount="581"/>
      </file>
      <file name="hljs-line-num-original.js" path="C:\Users\spart\Documents\GitHub\cse110-sp23-group11\out\scripts\third-party\hljs-line-num-original.js">
        <metrics statements="138" coveredstatements="0" conditionals="64" coveredconditionals="0" methods="27" coveredmethods="0"/>
        <line num="3" count="0" type="stmt"/>
        <line num="6" count="0" type="stmt"/>
        <line num="7" count="0" type="stmt"/>
        <line num="8" count="0" type="stmt"/>
        <line num="9" count="0" type="stmt"/>
        <line num="10" count="0" type="stmt"/>
        <line num="11" count="0" type="stmt"/>
        <line num="12" count="0" type="stmt"/>
        <line num="14" count="0" type="cond" truecount="0" falsecount="2"/>
        <line num="15" count="0" type="stmt"/>
        <line num="16" count="0" type="stmt"/>
        <line num="17" count="0" type="stmt"/>
        <line num="19" count="0" type="stmt"/>
        <line num="21" count="0" type="stmt"/>
        <line num="25" count="0" type="stmt"/>
        <line num="26" count="0" type="stmt"/>
        <line num="27" count="0" type="cond" truecount="0" falsecount="4"/>
        <line num="28" count="0" type="stmt"/>
        <line num="30" count="0" type="stmt"/>
        <line num="32" count="0" type="stmt"/>
        <line num="36" count="0" type="stmt"/>
        <line num="37" count="0" type="stmt"/>
        <line num="38" count="0" type="stmt"/>
        <line num="40" count="0" type="stmt"/>
        <line num="50" count="0" type="stmt"/>
        <line num="53" count="0" type="stmt"/>
        <line num="54" count="0" type="stmt"/>
        <line num="55" count="0" type="stmt"/>
        <line num="59" count="0" type="stmt"/>
        <line num="60" count="0" type="stmt"/>
        <line num="61" count="0" type="stmt"/>
        <line num="65" count="0" type="stmt"/>
        <line num="66" count="0" type="stmt"/>
        <line num="69" count="0" type="cond" truecount="0" falsecount="2"/>
        <line num="71" count="0" type="stmt"/>
        <line num="72" count="0" type="stmt"/>
        <line num="75" count="0" type="cond" truecount="0" falsecount="2"/>
        <line num="76" count="0" type="stmt"/>
        <line num="77" count="0" type="stmt"/>
        <line num="78" count="0" type="stmt"/>
        <line num="79" count="0" type="stmt"/>
        <line num="80" count="0" type="stmt"/>
        <line num="81" count="0" type="stmt"/>
        <line num="85" count="0" type="stmt"/>
        <line num="86" count="0" type="stmt"/>
        <line num="90" count="0" type="stmt"/>
        <line num="91" count="0" type="stmt"/>
        <line num="95" count="0" type="stmt"/>
        <line num="96" count="0" type="stmt"/>
        <line num="97" count="0" type="stmt"/>
        <line num="98" count="0" type="stmt"/>
        <line num="99" count="0" type="stmt"/>
        <line num="100" count="0" type="stmt"/>
        <line num="102" count="0" type="stmt"/>
        <line num="103" count="0" type="stmt"/>
        <line num="106" count="0" type="stmt"/>
        <line num="112" count="0" type="stmt"/>
        <line num="114" count="0" type="stmt"/>
        <line num="116" count="0" type="cond" truecount="0" falsecount="2"/>
        <line num="120" count="0" type="cond" truecount="0" falsecount="2"/>
        <line num="121" count="0" type="stmt"/>
        <line num="124" count="0" type="stmt"/>
        <line num="126" count="0" type="stmt"/>
        <line num="131" count="0" type="stmt"/>
        <line num="136" count="0" type="stmt"/>
        <line num="137" count="0" type="stmt"/>
        <line num="138" count="0" type="stmt"/>
        <line num="147" count="0" type="stmt"/>
        <line num="151" count="0" type="cond" truecount="0" falsecount="4"/>
        <line num="152" count="0" type="stmt"/>
        <line num="154" count="0" type="stmt"/>
        <line num="155" count="0" type="stmt"/>
        <line num="161" count="0" type="stmt"/>
        <line num="162" count="0" type="stmt"/>
        <line num="164" count="0" type="stmt"/>
        <line num="165" count="0" type="cond" truecount="0" falsecount="2"/>
        <line num="166" count="0" type="cond" truecount="0" falsecount="2"/>
        <line num="167" count="0" type="stmt"/>
        <line num="172" count="0" type="stmt"/>
        <line num="177" count="0" type="stmt"/>
        <line num="181" count="0" type="cond" truecount="0" falsecount="2"/>
        <line num="183" count="0" type="stmt"/>
        <line num="184" count="0" type="stmt"/>
        <line num="189" count="0" type="cond" truecount="0" falsecount="2"/>
        <line num="191" count="0" type="stmt"/>
        <line num="192" count="0" type="stmt"/>
        <line num="194" count="0" type="stmt"/>
        <line num="199" count="0" type="stmt"/>
        <line num="201" count="0" type="stmt"/>
        <line num="203" count="0" type="stmt"/>
        <line num="207" count="0" type="stmt"/>
        <line num="210" count="0" type="cond" truecount="0" falsecount="2"/>
        <line num="211" count="0" type="stmt"/>
        <line num="214" count="0" type="cond" truecount="0" falsecount="4"/>
        <line num="215" count="0" type="stmt"/>
        <line num="217" count="0" type="stmt"/>
        <line num="218" count="0" type="stmt"/>
        <line num="237" count="0" type="stmt"/>
        <line num="240" count="0" type="stmt"/>
        <line num="249" count="0" type="cond" truecount="0" falsecount="2"/>
        <line num="250" count="0" type="stmt"/>
        <line num="257" count="0" type="stmt"/>
        <line num="258" count="0" type="cond" truecount="0" falsecount="2"/>
        <line num="259" count="0" type="stmt"/>
        <line num="261" count="0" type="stmt"/>
        <line num="265" count="0" type="stmt"/>
        <line num="266" count="0" type="stmt"/>
        <line num="268" count="0" type="cond" truecount="0" falsecount="2"/>
        <line num="269" count="0" type="stmt"/>
        <line num="273" count="0" type="stmt"/>
        <line num="274" count="0" type="cond" truecount="0" falsecount="2"/>
        <line num="275" count="0" type="stmt"/>
        <line num="278" count="0" type="stmt"/>
        <line num="287" count="0" type="stmt"/>
        <line num="288" count="0" type="stmt"/>
        <line num="289" count="0" type="cond" truecount="0" falsecount="2"/>
        <line num="290" count="0" type="stmt"/>
        <line num="291" count="0" type="cond" truecount="0" falsecount="2"/>
        <line num="292" count="0" type="cond" truecount="0" falsecount="2"/>
        <line num="293" count="0" type="stmt"/>
        <line num="295" count="0" type="stmt"/>
        <line num="307" count="0" type="stmt"/>
        <line num="309" count="0" type="cond" truecount="0" falsecount="2"/>
        <line num="311" count="0" type="stmt"/>
        <line num="313" count="0" type="stmt"/>
        <line num="314" count="0" type="cond" truecount="0" falsecount="2"/>
        <line num="315" count="0" type="stmt"/>
        <line num="318" count="0" type="stmt"/>
        <line num="322" count="0" type="cond" truecount="0" falsecount="2"/>
        <line num="323" count="0" type="stmt"/>
        <line num="327" count="0" type="cond" truecount="0" falsecount="2"/>
        <line num="335" count="0" type="stmt"/>
        <line num="344" count="0" type="stmt"/>
        <line num="345" count="0" type="cond" truecount="0" falsecount="2"/>
        <line num="355" count="0" type="cond" truecount="0" falsecount="2"/>
        <line num="364" count="0" type="cond" truecount="0" falsecount="2"/>
        <line num="365" count="0" type="stmt"/>
        <line num="366" count="0" type="cond" truecount="0" falsecount="2"/>
      </file>
      <file name="hljs-line-num.js" path="C:\Users\spart\Documents\GitHub\cse110-sp23-group11\out\scripts\third-party\hljs-line-num.js">
        <metrics statements="1" coveredstatements="0" conditionals="62" coveredconditionals="0" methods="22" coveredmethods="0"/>
        <line num="1" count="0" type="cond" truecount="0" falsecount="62"/>
      </file>
      <file name="hljs-original.js" path="C:\Users\spart\Documents\GitHub\cse110-sp23-group11\out\scripts\third-party\hljs-original.js">
        <metrics statements="916" coveredstatements="0" conditionals="468" coveredconditionals="0" methods="174" coveredmethods="0"/>
        <line num="6" count="0" type="stmt"/>
        <line num="9" count="0" type="stmt"/>
        <line num="12" count="0" type="cond" truecount="0" falsecount="2"/>
        <line num="13" count="0" type="stmt"/>
        <line num="14" count="0" type="stmt"/>
        <line num="16" count="0" type="cond" truecount="0" falsecount="2"/>
        <line num="17" count="0" type="stmt"/>
        <line num="18" count="0" type="stmt"/>
        <line num="23" count="0" type="stmt"/>
        <line num="25" count="0" type="stmt"/>
        <line num="26" count="0" type="stmt"/>
        <line num="29" count="0" type="cond" truecount="0" falsecount="4"/>
        <line num="30" count="0" type="stmt"/>
        <line num="34" count="0" type="stmt"/>
        <line num="37" count="0" type="stmt"/>
        <line num="38" count="0" type="stmt"/>
        <line num="40" count="0" type="stmt"/>
        <line num="52" count="0" type="cond" truecount="0" falsecount="2"/>
        <line num="54" count="0" type="stmt"/>
        <line num="55" count="0" type="stmt"/>
        <line num="59" count="0" type="stmt"/>
        <line num="68" count="0" type="stmt"/>
        <line num="86" count="0" type="stmt"/>
        <line num="88" count="0" type="stmt"/>
        <line num="89" count="0" type="stmt"/>
        <line num="91" count="0" type="stmt"/>
        <line num="92" count="0" type="stmt"/>
        <line num="93" count="0" type="stmt"/>
        <line num="96" count="0" type="stmt"/>
        <line num="111" count="0" type="stmt"/>
        <line num="117" count="0" type="stmt"/>
        <line num="118" count="0" type="stmt"/>
        <line num="126" count="0" type="stmt"/>
        <line num="127" count="0" type="cond" truecount="0" falsecount="2"/>
        <line num="128" count="0" type="stmt"/>
        <line num="129" count="0" type="stmt"/>
        <line num="131" count="0" type="stmt"/>
        <line num="134" count="0" type="stmt"/>
        <line num="146" count="0" type="stmt"/>
        <line num="147" count="0" type="stmt"/>
        <line num="148" count="0" type="stmt"/>
        <line num="156" count="0" type="stmt"/>
        <line num="164" count="0" type="cond" truecount="0" falsecount="2"/>
        <line num="166" count="0" type="stmt"/>
        <line num="167" count="0" type="cond" truecount="0" falsecount="2"/>
        <line num="168" count="0" type="stmt"/>
        <line num="170" count="0" type="stmt"/>
        <line num="172" count="0" type="stmt"/>
        <line num="180" count="0" type="cond" truecount="0" falsecount="2"/>
        <line num="182" count="0" type="stmt"/>
        <line num="189" count="0" type="stmt"/>
        <line num="199" count="0" type="stmt"/>
        <line num="211" count="0" type="stmt"/>
        <line num="212" count="0" type="stmt"/>
        <line num="216" count="0" type="stmt"/>
        <line num="219" count="0" type="stmt"/>
        <line num="223" count="0" type="stmt"/>
        <line num="229" count="0" type="stmt"/>
        <line num="230" count="0" type="stmt"/>
        <line num="231" count="0" type="stmt"/>
        <line num="235" count="0" type="cond" truecount="0" falsecount="2"/>
        <line num="236" count="0" type="stmt"/>
        <line num="239" count="0" type="stmt"/>
        <line num="243" count="0" type="stmt"/>
        <line num="247" count="0" type="stmt"/>
        <line num="256" count="0" type="stmt"/>
        <line num="266" count="0" type="cond" truecount="0" falsecount="2"/>
        <line num="267" count="0" type="stmt"/>
        <line num="268" count="0" type="cond" truecount="0" falsecount="2"/>
        <line num="269" count="0" type="stmt"/>
        <line num="270" count="0" type="stmt"/>
        <line num="271" count="0" type="stmt"/>
        <line num="273" count="0" type="stmt"/>
        <line num="280" count="0" type="cond" truecount="0" falsecount="2"/>
        <line num="281" count="0" type="cond" truecount="0" falsecount="2"/>
        <line num="283" count="0" type="cond" truecount="0" falsecount="2"/>
        <line num="286" count="0" type="stmt"/>
        <line num="288" count="0" type="stmt"/>
        <line num="289" count="0" type="stmt"/>
        <line num="320" count="0" type="stmt"/>
        <line num="321" count="0" type="stmt"/>
        <line num="329" count="0" type="cond" truecount="0" falsecount="2"/>
        <line num="331" count="0" type="stmt"/>
        <line num="332" count="0" type="stmt"/>
        <line num="333" count="0" type="stmt"/>
        <line num="340" count="0" type="cond" truecount="0" falsecount="2"/>
        <line num="342" count="0" type="stmt"/>
        <line num="351" count="0" type="stmt"/>
        <line num="352" count="0" type="stmt"/>
        <line num="353" count="0" type="stmt"/>
        <line num="354" count="0" type="stmt"/>
        <line num="358" count="0" type="stmt"/>
        <line num="359" count="0" type="stmt"/>
        <line num="363" count="0" type="stmt"/>
        <line num="377" count="0" type="cond" truecount="0" falsecount="2"/>
        <line num="378" count="0" type="cond" truecount="0" falsecount="2"/>
        <line num="380" count="0" type="stmt"/>
        <line num="388" count="0" type="stmt"/>
        <line num="396" count="0" type="stmt"/>
        <line num="404" count="0" type="stmt"/>
        <line num="405" count="0" type="stmt"/>
        <line num="409" count="0" type="stmt"/>
        <line num="411" count="0" type="cond" truecount="0" falsecount="4"/>
        <line num="412" count="0" type="stmt"/>
        <line num="413" count="0" type="stmt"/>
        <line num="415" count="0" type="stmt"/>
        <line num="427" count="0" type="stmt"/>
        <line num="428" count="0" type="stmt"/>
        <line num="430" count="0" type="stmt"/>
        <line num="431" count="0" type="stmt"/>
        <line num="439" count="0" type="stmt"/>
        <line num="448" count="0" type="cond" truecount="0" falsecount="2"/>
        <line num="449" count="0" type="cond" truecount="0" falsecount="2"/>
        <line num="459" count="0" type="stmt"/>
        <line num="473" count="0" type="stmt"/>
        <line num="475" count="0" type="stmt"/>
        <line num="476" count="0" type="stmt"/>
        <line num="477" count="0" type="stmt"/>
        <line num="478" count="0" type="stmt"/>
        <line num="479" count="0" type="stmt"/>
        <line num="481" count="0" type="stmt"/>
        <line num="482" count="0" type="stmt"/>
        <line num="483" count="0" type="cond" truecount="0" falsecount="2"/>
        <line num="484" count="0" type="stmt"/>
        <line num="485" count="0" type="stmt"/>
        <line num="487" count="0" type="stmt"/>
        <line num="488" count="0" type="stmt"/>
        <line num="489" count="0" type="cond" truecount="0" falsecount="4"/>
        <line num="491" count="0" type="stmt"/>
        <line num="493" count="0" type="stmt"/>
        <line num="494" count="0" type="cond" truecount="0" falsecount="2"/>
        <line num="495" count="0" type="stmt"/>
        <line num="499" count="0" type="stmt"/>
        <line num="500" count="0" type="stmt"/>
        <line num="507" count="0" type="stmt"/>
        <line num="508" count="0" type="stmt"/>
        <line num="509" count="0" type="stmt"/>
        <line num="510" count="0" type="stmt"/>
        <line num="511" count="0" type="stmt"/>
        <line num="512" count="0" type="stmt"/>
        <line num="513" count="0" type="stmt"/>
        <line num="518" count="0" type="cond" truecount="0" falsecount="1"/>
        <line num="519" count="0" type="stmt"/>
        <line num="520" count="0" type="cond" truecount="0" falsecount="2"/>
        <line num="521" count="0" type="stmt"/>
        <line num="527" count="0" type="stmt"/>
        <line num="534" count="0" type="cond" truecount="0" falsecount="2"/>
        <line num="540" count="0" type="stmt"/>
        <line num="543" count="0" type="stmt"/>
        <line num="550" count="0" type="stmt"/>
        <line num="557" count="0" type="stmt"/>
        <line num="568" count="0" type="cond" truecount="0" falsecount="1"/>
        <line num="569" count="0" type="stmt"/>
        <line num="578" count="0" type="stmt"/>
        <line num="587" count="0" type="stmt"/>
        <line num="606" count="0" type="stmt"/>
        <line num="631" count="0" type="stmt"/>
        <line num="633" count="0" type="stmt"/>
        <line num="634" count="0" type="stmt"/>
        <line num="635" count="0" type="stmt"/>
        <line num="636" count="0" type="stmt"/>
        <line num="641" count="0" type="stmt"/>
        <line num="646" count="0" type="stmt"/>
        <line num="651" count="0" type="stmt"/>
        <line num="675" count="0" type="stmt"/>
        <line num="680" count="0" type="stmt"/>
        <line num="685" count="0" type="stmt"/>
        <line num="698" count="0" type="stmt"/>
        <line num="699" count="0" type="stmt"/>
        <line num="702" count="0" type="stmt"/>
        <line num="704" count="0" type="cond" truecount="0" falsecount="2"/>
        <line num="708" count="0" type="stmt"/>
        <line num="766" count="0" type="stmt"/>
        <line num="767" count="0" type="cond" truecount="0" falsecount="2"/>
        <line num="768" count="0" type="stmt"/>
        <line num="778" count="0" type="cond" truecount="0" falsecount="2"/>
        <line num="779" count="0" type="stmt"/>
        <line num="780" count="0" type="stmt"/>
        <line num="789" count="0" type="cond" truecount="0" falsecount="2"/>
        <line num="790" count="0" type="cond" truecount="0" falsecount="2"/>
        <line num="797" count="0" type="stmt"/>
        <line num="798" count="0" type="stmt"/>
        <line num="799" count="0" type="cond" truecount="0" falsecount="2"/>
        <line num="800" count="0" type="stmt"/>
        <line num="805" count="0" type="cond" truecount="0" falsecount="2"/>
        <line num="813" count="0" type="cond" truecount="0" falsecount="2"/>
        <line num="815" count="0" type="stmt"/>
        <line num="823" count="0" type="cond" truecount="0" falsecount="2"/>
        <line num="824" count="0" type="cond" truecount="0" falsecount="4"/>
        <line num="826" count="0" type="stmt"/>
        <line num="827" count="0" type="stmt"/>
        <line num="836" count="0" type="cond" truecount="0" falsecount="2"/>
        <line num="841" count="0" type="stmt"/>
        <line num="842" count="0" type="cond" truecount="0" falsecount="2"/>
        <line num="845" count="0" type="cond" truecount="0" falsecount="2"/>
        <line num="847" count="0" type="stmt"/>
        <line num="848" count="0" type="stmt"/>
        <line num="850" count="0" type="stmt"/>
        <line num="851" count="0" type="stmt"/>
        <line num="852" count="0" type="stmt"/>
        <line num="858" count="0" type="stmt"/>
        <line num="860" count="0" type="stmt"/>
        <line num="864" count="0" type="stmt"/>
        <line num="878" count="0" type="stmt"/>
        <line num="888" count="0" type="stmt"/>
        <line num="892" count="0" type="cond" truecount="0" falsecount="2"/>
        <line num="893" count="0" type="stmt"/>
        <line num="894" count="0" type="cond" truecount="0" falsecount="2"/>
        <line num="895" count="0" type="stmt"/>
        <line num="897" count="0" type="stmt"/>
        <line num="899" count="0" type="stmt"/>
        <line num="905" count="0" type="stmt"/>
        <line num="918" count="0" type="cond" truecount="0" falsecount="2"/>
        <line num="919" count="0" type="stmt"/>
        <line num="921" count="0" type="stmt"/>
        <line num="922" count="0" type="stmt"/>
        <line num="923" count="0" type="stmt"/>
        <line num="939" count="0" type="cond" truecount="0" falsecount="2"/>
        <line num="940" count="0" type="stmt"/>
        <line num="943" count="0" type="cond" truecount="0" falsecount="2"/>
        <line num="951" count="0" type="stmt"/>
        <line num="964" count="0" type="stmt"/>
        <line num="969" count="0" type="stmt"/>
        <line num="970" count="0" type="stmt"/>
        <line num="977" count="0" type="stmt"/>
        <line num="978" count="0" type="stmt"/>
        <line num="985" count="0" type="stmt"/>
        <line num="986" count="0" type="cond" truecount="0" falsecount="2"/>
        <line num="988" count="0" type="stmt"/>
        <line num="989" count="0" type="stmt"/>
        <line num="998" count="0" type="stmt"/>
        <line num="1029" count="0" type="stmt"/>
        <line num="1030" count="0" type="stmt"/>
        <line num="1032" count="0" type="stmt"/>
        <line num="1034" count="0" type="stmt"/>
        <line num="1036" count="0" type="stmt"/>
        <line num="1037" count="0" type="stmt"/>
        <line num="1038" count="0" type="stmt"/>
        <line num="1039" count="0" type="stmt"/>
        <line num="1043" count="0" type="stmt"/>
        <line num="1044" count="0" type="stmt"/>
        <line num="1045" count="0" type="stmt"/>
        <line num="1052" count="0" type="cond" truecount="0" falsecount="2"/>
        <line num="1054" count="0" type="cond" truecount="0" falsecount="5"/>
        <line num="1055" count="0" type="stmt"/>
        <line num="1056" count="0" type="stmt"/>
        <line num="1059" count="0" type="cond" truecount="0" falsecount="4"/>
        <line num="1060" count="0" type="stmt"/>
        <line num="1061" count="0" type="stmt"/>
        <line num="1064" count="0" type="stmt"/>
        <line num="1065" count="0" type="stmt"/>
        <line num="1072" count="0" type="cond" truecount="0" falsecount="2"/>
        <line num="1074" count="0" type="cond" truecount="0" falsecount="5"/>
        <line num="1075" count="0" type="stmt"/>
        <line num="1076" count="0" type="stmt"/>
        <line num="1079" count="0" type="cond" truecount="0" falsecount="4"/>
        <line num="1080" count="0" type="stmt"/>
        <line num="1081" count="0" type="stmt"/>
        <line num="1084" count="0" type="stmt"/>
        <line num="1085" count="0" type="stmt"/>
        <line num="1100" count="0" type="cond" truecount="0" falsecount="5"/>
        <line num="1101" count="0" type="stmt"/>
        <line num="1102" count="0" type="stmt"/>
        <line num="1110" count="0" type="stmt"/>
        <line num="1112" count="0" type="cond" truecount="0" falsecount="2"/>
        <line num="1113" count="0" type="stmt"/>
        <line num="1115" count="0" type="cond" truecount="0" falsecount="2"/>
        <line num="1116" count="0" type="stmt"/>
        <line num="1119" count="0" type="stmt"/>
        <line num="1120" count="0" type="stmt"/>
        <line num="1149" count="0" type="stmt"/>
        <line num="1170" count="0" type="stmt"/>
        <line num="1172" count="0" type="stmt"/>
        <line num="1173" count="0" type="stmt"/>
        <line num="1174" count="0" type="stmt"/>
        <line num="1179" count="0" type="stmt"/>
        <line num="1181" count="0" type="stmt"/>
        <line num="1182" count="0" type="stmt"/>
        <line num="1183" count="0" type="stmt"/>
        <line num="1187" count="0" type="cond" truecount="0" falsecount="2"/>
        <line num="1190" count="0" type="stmt"/>
        <line num="1192" count="0" type="stmt"/>
        <line num="1193" count="0" type="stmt"/>
        <line num="1194" count="0" type="stmt"/>
        <line num="1199" count="0" type="stmt"/>
        <line num="1200" count="0" type="stmt"/>
        <line num="1201" count="0" type="cond" truecount="0" falsecount="2"/>
        <line num="1204" count="0" type="cond" truecount="0" falsecount="2"/>
        <line num="1206" count="0" type="stmt"/>
        <line num="1209" count="0" type="stmt"/>
        <line num="1211" count="0" type="stmt"/>
        <line num="1249" count="0" type="stmt"/>
        <line num="1251" count="0" type="stmt"/>
        <line num="1252" count="0" type="stmt"/>
        <line num="1254" count="0" type="stmt"/>
        <line num="1255" count="0" type="stmt"/>
        <line num="1260" count="0" type="cond" truecount="0" falsecount="2"/>
        <line num="1262" count="0" type="stmt"/>
        <line num="1263" count="0" type="stmt"/>
        <line num="1264" count="0" type="stmt"/>
        <line num="1265" count="0" type="stmt"/>
        <line num="1266" count="0" type="stmt"/>
        <line num="1270" count="0" type="stmt"/>
        <line num="1274" count="0" type="stmt"/>
        <line num="1279" count="0" type="stmt"/>
        <line num="1280" count="0" type="cond" truecount="0" falsecount="2"/>
        <line num="1285" count="0" type="stmt"/>
        <line num="1286" count="0" type="stmt"/>
        <line num="1287" count="0" type="stmt"/>
        <line num="1320" count="0" type="cond" truecount="0" falsecount="2"/>
        <line num="1321" count="0" type="cond" truecount="0" falsecount="4"/>
        <line num="1322" count="0" type="stmt"/>
        <line num="1323" count="0" type="stmt"/>
        <line num="1324" count="0" type="stmt"/>
        <line num="1328" count="0" type="cond" truecount="0" falsecount="2"/>
        <line num="1329" count="0" type="stmt"/>
        <line num="1330" count="0" type="cond" truecount="0" falsecount="2"/>
        <line num="1332" count="0" type="stmt"/>
        <line num="1336" count="0" type="stmt"/>
        <line num="1348" count="0" type="stmt"/>
        <line num="1350" count="0" type="stmt"/>
        <line num="1352" count="0" type="cond" truecount="0" falsecount="2"/>
        <line num="1353" count="0" type="stmt"/>
        <line num="1355" count="0" type="cond" truecount="0" falsecount="2"/>
        <line num="1356" count="0" type="stmt"/>
        <line num="1359" count="0" type="stmt"/>
        <line num="1402" count="0" type="stmt"/>
        <line num="1403" count="0" type="cond" truecount="0" falsecount="2"/>
        <line num="1405" count="0" type="stmt"/>
        <line num="1412" count="0" type="stmt"/>
        <line num="1414" count="0" type="stmt"/>
        <line num="1417" count="0" type="stmt"/>
        <line num="1419" count="0" type="stmt"/>
        <line num="1426" count="0" type="stmt"/>
        <line num="1428" count="0" type="stmt"/>
        <line num="1430" count="0" type="stmt"/>
        <line num="1431" count="0" type="cond" truecount="0" falsecount="4"/>
        <line num="1435" count="0" type="stmt"/>
        <line num="1436" count="0" type="stmt"/>
        <line num="1437" count="0" type="stmt"/>
        <line num="1439" count="0" type="cond" truecount="0" falsecount="2"/>
        <line num="1441" count="0" type="cond" truecount="0" falsecount="2"/>
        <line num="1442" count="0" type="stmt"/>
        <line num="1445" count="0" type="stmt"/>
        <line num="1447" count="0" type="cond" truecount="0" falsecount="2"/>
        <line num="1448" count="0" type="cond" truecount="0" falsecount="2"/>
        <line num="1449" count="0" type="stmt"/>
        <line num="1450" count="0" type="cond" truecount="0" falsecount="4"/>
        <line num="1451" count="0" type="cond" truecount="0" falsecount="2"/>
        <line num="1452" count="0" type="cond" truecount="0" falsecount="2"/>
        <line num="1453" count="0" type="cond" truecount="0" falsecount="4"/>
        <line num="1454" count="0" type="cond" truecount="0" falsecount="2"/>
        <line num="1457" count="0" type="cond" truecount="0" falsecount="2"/>
        <line num="1458" count="0" type="cond" truecount="0" falsecount="2"/>
        <line num="1460" count="0" type="stmt"/>
        <line num="1461" count="0" type="cond" truecount="0" falsecount="2"/>
        <line num="1463" count="0" type="stmt"/>
        <line num="1465" count="0" type="cond" truecount="0" falsecount="2"/>
        <line num="1466" count="0" type="stmt"/>
        <line num="1469" count="0" type="stmt"/>
        <line num="1470" count="0" type="stmt"/>
        <line num="1473" count="0" type="cond" truecount="0" falsecount="2"/>
        <line num="1476" count="0" type="cond" truecount="0" falsecount="4"/>
        <line num="1477" count="0" type="stmt"/>
        <line num="1481" count="0" type="cond" truecount="0" falsecount="2"/>
        <line num="1483" count="0" type="stmt"/>
        <line num="1498" count="0" type="cond" truecount="0" falsecount="2"/>
        <line num="1500" count="0" type="cond" truecount="0" falsecount="2"/>
        <line num="1514" count="0" type="cond" truecount="0" falsecount="4"/>
        <line num="1515" count="0" type="stmt"/>
        <line num="1516" count="0" type="stmt"/>
        <line num="1523" count="0" type="cond" truecount="0" falsecount="2"/>
        <line num="1524" count="0" type="stmt"/>
        <line num="1531" count="0" type="cond" truecount="0" falsecount="2"/>
        <line num="1532" count="0" type="cond" truecount="0" falsecount="2"/>
        <line num="1535" count="0" type="cond" truecount="0" falsecount="2"/>
        <line num="1536" count="0" type="stmt"/>
        <line num="1540" count="0" type="stmt"/>
        <line num="1543" count="0" type="stmt"/>
        <line num="1571" count="0" type="stmt"/>
        <line num="1572" count="0" type="stmt"/>
        <line num="1573" count="0" type="stmt"/>
        <line num="1574" count="0" type="stmt"/>
        <line num="1580" count="0" type="stmt"/>
        <line num="1583" count="0" type="stmt"/>
        <line num="1585" count="0" type="stmt"/>
        <line num="1587" count="0" type="stmt"/>
        <line num="1591" count="0" type="stmt"/>
        <line num="1592" count="0" type="stmt"/>
        <line num="1594" count="0" type="stmt"/>
        <line num="1599" count="0" type="stmt"/>
        <line num="1618" count="0" type="stmt"/>
        <line num="1625" count="0" type="stmt"/>
        <line num="1627" count="0" type="cond" truecount="0" falsecount="2"/>
        <line num="1630" count="0" type="stmt"/>
        <line num="1631" count="0" type="cond" truecount="0" falsecount="2"/>
        <line num="1632" count="0" type="stmt"/>
        <line num="1633" count="0" type="cond" truecount="0" falsecount="2"/>
        <line num="1634" count="0" type="stmt"/>
        <line num="1635" count="0" type="stmt"/>
        <line num="1637" count="0" type="cond" truecount="0" falsecount="2"/>
        <line num="1640" count="0" type="stmt"/>
        <line num="1642" count="0" type="cond" truecount="0" falsecount="2"/>
        <line num="1668" count="0" type="stmt"/>
        <line num="1669" count="0" type="stmt"/>
        <line num="1670" count="0" type="cond" truecount="0" falsecount="2"/>
        <line num="1671" count="0" type="stmt"/>
        <line num="1672" count="0" type="stmt"/>
        <line num="1673" count="0" type="stmt"/>
        <line num="1676" count="0" type="stmt"/>
        <line num="1679" count="0" type="stmt"/>
        <line num="1680" count="0" type="stmt"/>
        <line num="1681" count="0" type="stmt"/>
        <line num="1682" count="0" type="stmt"/>
        <line num="1687" count="0" type="cond" truecount="0" falsecount="2"/>
        <line num="1690" count="0" type="stmt"/>
        <line num="1696" count="0" type="stmt"/>
        <line num="1700" count="0" type="cond" truecount="0" falsecount="2"/>
        <line num="1704" count="0" type="stmt"/>
        <line num="1706" count="0" type="stmt"/>
        <line num="1708" count="0" type="stmt"/>
        <line num="1721" count="0" type="stmt"/>
        <line num="1730" count="0" type="stmt"/>
        <line num="1734" count="0" type="cond" truecount="0" falsecount="2"/>
        <line num="1735" count="0" type="stmt"/>
        <line num="1736" count="0" type="stmt"/>
        <line num="1739" count="0" type="stmt"/>
        <line num="1740" count="0" type="stmt"/>
        <line num="1741" count="0" type="stmt"/>
        <line num="1742" count="0" type="stmt"/>
        <line num="1744" count="0" type="stmt"/>
        <line num="1745" count="0" type="stmt"/>
        <line num="1746" count="0" type="cond" truecount="0" falsecount="2"/>
        <line num="1747" count="0" type="stmt"/>
        <line num="1748" count="0" type="cond" truecount="0" falsecount="2"/>
        <line num="1749" count="0" type="stmt"/>
        <line num="1750" count="0" type="stmt"/>
        <line num="1751" count="0" type="stmt"/>
        <line num="1753" count="0" type="cond" truecount="0" falsecount="2"/>
        <line num="1754" count="0" type="cond" truecount="0" falsecount="2"/>
        <line num="1755" count="0" type="cond" truecount="0" falsecount="2"/>
        <line num="1758" count="0" type="stmt"/>
        <line num="1760" count="0" type="cond" truecount="0" falsecount="2"/>
        <line num="1761" count="0" type="stmt"/>
        <line num="1764" count="0" type="stmt"/>
        <line num="1766" count="0" type="stmt"/>
        <line num="1767" count="0" type="stmt"/>
        <line num="1769" count="0" type="stmt"/>
        <line num="1770" count="0" type="stmt"/>
        <line num="1774" count="0" type="cond" truecount="0" falsecount="2"/>
        <line num="1776" count="0" type="stmt"/>
        <line num="1778" count="0" type="cond" truecount="0" falsecount="2"/>
        <line num="1779" count="0" type="cond" truecount="0" falsecount="2"/>
        <line num="1780" count="0" type="stmt"/>
        <line num="1781" count="0" type="stmt"/>
        <line num="1783" count="0" type="stmt"/>
        <line num="1784" count="0" type="stmt"/>
        <line num="1786" count="0" type="cond" truecount="0" falsecount="2"/>
        <line num="1793" count="0" type="cond" truecount="0" falsecount="2"/>
        <line num="1794" count="0" type="stmt"/>
        <line num="1796" count="0" type="stmt"/>
        <line num="1800" count="0" type="cond" truecount="0" falsecount="2"/>
        <line num="1801" count="0" type="stmt"/>
        <line num="1803" count="0" type="stmt"/>
        <line num="1805" count="0" type="stmt"/>
        <line num="1813" count="0" type="stmt"/>
        <line num="1815" count="0" type="stmt"/>
        <line num="1816" count="0" type="cond" truecount="0" falsecount="2"/>
        <line num="1817" count="0" type="cond" truecount="0" falsecount="2"/>
        <line num="1818" count="0" type="stmt"/>
        <line num="1819" count="0" type="cond" truecount="0" falsecount="2"/>
        <line num="1820" count="0" type="stmt"/>
        <line num="1822" count="0" type="stmt"/>
        <line num="1823" count="0" type="stmt"/>
        <line num="1824" count="0" type="stmt"/>
        <line num="1826" count="0" type="stmt"/>
        <line num="1835" count="0" type="cond" truecount="0" falsecount="4"/>
        <line num="1836" count="0" type="cond" truecount="0" falsecount="2"/>
        <line num="1838" count="0" type="cond" truecount="0" falsecount="2"/>
        <line num="1840" count="0" type="cond" truecount="0" falsecount="2"/>
        <line num="1841" count="0" type="cond" truecount="0" falsecount="2"/>
        <line num="1842" count="0" type="stmt"/>
        <line num="1843" count="0" type="cond" truecount="0" falsecount="2"/>
        <line num="1845" count="0" type="stmt"/>
        <line num="1846" count="0" type="stmt"/>
        <line num="1850" count="0" type="stmt"/>
        <line num="1851" count="0" type="stmt"/>
        <line num="1861" count="0" type="stmt"/>
        <line num="1863" count="0" type="cond" truecount="0" falsecount="2"/>
        <line num="1864" count="0" type="cond" truecount="0" falsecount="2"/>
        <line num="1865" count="0" type="stmt"/>
        <line num="1866" count="0" type="stmt"/>
        <line num="1867" count="0" type="cond" truecount="0" falsecount="2"/>
        <line num="1870" count="0" type="cond" truecount="0" falsecount="2"/>
        <line num="1871" count="0" type="cond" truecount="0" falsecount="2"/>
        <line num="1872" count="0" type="stmt"/>
        <line num="1874" count="0" type="stmt"/>
        <line num="1879" count="0" type="cond" truecount="0" falsecount="2"/>
        <line num="1880" count="0" type="stmt"/>
        <line num="1890" count="0" type="cond" truecount="0" falsecount="2"/>
        <line num="1893" count="0" type="stmt"/>
        <line num="1894" count="0" type="stmt"/>
        <line num="1898" count="0" type="stmt"/>
        <line num="1899" count="0" type="stmt"/>
        <line num="1910" count="0" type="stmt"/>
        <line num="1911" count="0" type="stmt"/>
        <line num="1913" count="0" type="stmt"/>
        <line num="1915" count="0" type="stmt"/>
        <line num="1916" count="0" type="stmt"/>
        <line num="1917" count="0" type="cond" truecount="0" falsecount="2"/>
        <line num="1918" count="0" type="stmt"/>
        <line num="1919" count="0" type="cond" truecount="0" falsecount="2"/>
        <line num="1922" count="0" type="cond" truecount="0" falsecount="2"/>
        <line num="1923" count="0" type="stmt"/>
        <line num="1925" count="0" type="cond" truecount="0" falsecount="2"/>
        <line num="1926" count="0" type="stmt"/>
        <line num="1928" count="0" type="stmt"/>
        <line num="1929" count="0" type="cond" truecount="0" falsecount="4"/>
        <line num="1930" count="0" type="stmt"/>
        <line num="1933" count="0" type="stmt"/>
        <line num="1934" count="0" type="cond" truecount="0" falsecount="2"/>
        <line num="1943" count="0" type="stmt"/>
        <line num="1944" count="0" type="stmt"/>
        <line num="1946" count="0" type="stmt"/>
        <line num="1947" count="0" type="cond" truecount="0" falsecount="2"/>
        <line num="1949" count="0" type="stmt"/>
        <line num="1950" count="0" type="cond" truecount="0" falsecount="4"/>
        <line num="1951" count="0" type="stmt"/>
        <line num="1952" count="0" type="stmt"/>
        <line num="1953" count="0" type="cond" truecount="0" falsecount="4"/>
        <line num="1954" count="0" type="stmt"/>
        <line num="1955" count="0" type="stmt"/>
        <line num="1956" count="0" type="cond" truecount="0" falsecount="2"/>
        <line num="1957" count="0" type="stmt"/>
        <line num="1959" count="0" type="cond" truecount="0" falsecount="4"/>
        <line num="1960" count="0" type="stmt"/>
        <line num="1962" count="0" type="stmt"/>
        <line num="1963" count="0" type="cond" truecount="0" falsecount="2"/>
        <line num="1964" count="0" type="stmt"/>
        <line num="1967" count="0" type="stmt"/>
        <line num="1968" count="0" type="cond" truecount="0" falsecount="4"/>
        <line num="1969" count="0" type="stmt"/>
        <line num="1971" count="0" type="cond" truecount="0" falsecount="4"/>
        <line num="1972" count="0" type="stmt"/>
        <line num="1974" count="0" type="stmt"/>
        <line num="1976" count="0" type="cond" truecount="0" falsecount="2"/>
        <line num="1977" count="0" type="stmt"/>
        <line num="1979" count="0" type="cond" truecount="0" falsecount="2"/>
        <line num="1983" count="0" type="stmt"/>
        <line num="1984" count="0" type="stmt"/>
        <line num="1985" count="0" type="cond" truecount="0" falsecount="2"/>
        <line num="1986" count="0" type="stmt"/>
        <line num="1989" count="0" type="stmt"/>
        <line num="1993" count="0" type="stmt"/>
        <line num="2002" count="0" type="cond" truecount="0" falsecount="2"/>
        <line num="2005" count="0" type="stmt"/>
        <line num="2007" count="0" type="cond" truecount="0" falsecount="2"/>
        <line num="2008" count="0" type="stmt"/>
        <line num="2009" count="0" type="stmt"/>
        <line num="2016" count="0" type="cond" truecount="0" falsecount="6"/>
        <line num="2018" count="0" type="stmt"/>
        <line num="2019" count="0" type="cond" truecount="0" falsecount="2"/>
        <line num="2021" count="0" type="stmt"/>
        <line num="2022" count="0" type="stmt"/>
        <line num="2023" count="0" type="stmt"/>
        <line num="2024" count="0" type="stmt"/>
        <line num="2026" count="0" type="stmt"/>
        <line num="2028" count="0" type="stmt"/>
        <line num="2030" count="0" type="cond" truecount="0" falsecount="2"/>
        <line num="2031" count="0" type="stmt"/>
        <line num="2032" count="0" type="cond" truecount="0" falsecount="4"/>
        <line num="2035" count="0" type="cond" truecount="0" falsecount="2"/>
        <line num="2036" count="0" type="stmt"/>
        <line num="2037" count="0" type="stmt"/>
        <line num="2038" count="0" type="cond" truecount="0" falsecount="2"/>
        <line num="2039" count="0" type="stmt"/>
        <line num="2040" count="0" type="cond" truecount="0" falsecount="2"/>
        <line num="2041" count="0" type="stmt"/>
        <line num="2048" count="0" type="cond" truecount="0" falsecount="4"/>
        <line num="2050" count="0" type="stmt"/>
        <line num="2057" count="0" type="cond" truecount="0" falsecount="4"/>
        <line num="2058" count="0" type="stmt"/>
        <line num="2059" count="0" type="stmt"/>
        <line num="2070" count="0" type="stmt"/>
        <line num="2071" count="0" type="stmt"/>
        <line num="2074" count="0" type="stmt"/>
        <line num="2075" count="0" type="cond" truecount="0" falsecount="2"/>
        <line num="2076" count="0" type="stmt"/>
        <line num="2077" count="0" type="stmt"/>
        <line num="2080" count="0" type="stmt"/>
        <line num="2081" count="0" type="stmt"/>
        <line num="2083" count="0" type="cond" truecount="0" falsecount="2"/>
        <line num="2085" count="0" type="stmt"/>
        <line num="2086" count="0" type="stmt"/>
        <line num="2087" count="0" type="stmt"/>
        <line num="2088" count="0" type="stmt"/>
        <line num="2089" count="0" type="stmt"/>
        <line num="2090" count="0" type="stmt"/>
        <line num="2091" count="0" type="stmt"/>
        <line num="2092" count="0" type="stmt"/>
        <line num="2094" count="0" type="stmt"/>
        <line num="2095" count="0" type="stmt"/>
        <line num="2097" count="0" type="stmt"/>
        <line num="2098" count="0" type="stmt"/>
        <line num="2099" count="0" type="cond" truecount="0" falsecount="2"/>
        <line num="2102" count="0" type="stmt"/>
        <line num="2104" count="0" type="stmt"/>
        <line num="2106" count="0" type="stmt"/>
        <line num="2108" count="0" type="stmt"/>
        <line num="2111" count="0" type="cond" truecount="0" falsecount="2"/>
        <line num="2113" count="0" type="stmt"/>
        <line num="2114" count="0" type="stmt"/>
        <line num="2115" count="0" type="stmt"/>
        <line num="2117" count="0" type="stmt"/>
        <line num="2118" count="0" type="stmt"/>
        <line num="2119" count="0" type="stmt"/>
        <line num="2120" count="0" type="stmt"/>
        <line num="2122" count="0" type="stmt"/>
        <line num="2131" count="0" type="cond" truecount="0" falsecount="4"/>
        <line num="2132" count="0" type="stmt"/>
        <line num="2146" count="0" type="cond" truecount="0" falsecount="2"/>
        <line num="2147" count="0" type="stmt"/>
        <line num="2157" count="0" type="stmt"/>
        <line num="2170" count="0" type="stmt"/>
        <line num="2177" count="0" type="stmt"/>
        <line num="2178" count="0" type="stmt"/>
        <line num="2196" count="0" type="cond" truecount="0" falsecount="3"/>
        <line num="2197" count="0" type="stmt"/>
        <line num="2199" count="0" type="stmt"/>
        <line num="2200" count="0" type="stmt"/>
        <line num="2202" count="0" type="stmt"/>
        <line num="2204" count="0" type="stmt"/>
        <line num="2206" count="0" type="cond" truecount="0" falsecount="2"/>
        <line num="2210" count="0" type="cond" truecount="0" falsecount="4"/>
        <line num="2211" count="0" type="cond" truecount="0" falsecount="2"/>
        <line num="2212" count="0" type="stmt"/>
        <line num="2213" count="0" type="cond" truecount="0" falsecount="2"/>
        <line num="2214" count="0" type="stmt"/>
        <line num="2222" count="0" type="stmt"/>
        <line num="2225" count="0" type="stmt"/>
        <line num="2228" count="0" type="stmt"/>
        <line num="2229" count="0" type="stmt"/>
        <line num="2231" count="0" type="stmt"/>
        <line num="2242" count="0" type="cond" truecount="0" falsecount="3"/>
        <line num="2244" count="0" type="stmt"/>
        <line num="2245" count="0" type="stmt"/>
        <line num="2255" count="0" type="stmt"/>
        <line num="2256" count="0" type="stmt"/>
        <line num="2258" count="0" type="cond" truecount="0" falsecount="2"/>
        <line num="2260" count="0" type="stmt"/>
        <line num="2264" count="0" type="cond" truecount="0" falsecount="4"/>
        <line num="2265" count="0" type="stmt"/>
        <line num="2266" count="0" type="stmt"/>
        <line num="2267" count="0" type="stmt"/>
        <line num="2270" count="0" type="stmt"/>
        <line num="2271" count="0" type="stmt"/>
        <line num="2272" count="0" type="cond" truecount="0" falsecount="2"/>
        <line num="2274" count="0" type="stmt"/>
        <line num="2276" count="0" type="stmt"/>
[...]
        <line num="1" count="0" type="cond" truecount="0" falsecount="195"/>
      </file>
    </package>
    <package name="source">
      <metrics statements="108" coveredstatements="13" conditionals="16" coveredconditionals="1" methods="25" coveredmethods="4"/>
      <file name="eslint.config.js" path="C:\Users\spart\Documents\GitHub\cse110-sp23-group11\source\eslint.config.js">
        <metrics statements="1" coveredstatements="0" conditionals="0" coveredconditionals="0" methods="0" coveredmethods="0"/>
        <line num="12" count="0" type="stmt"/>
      </file>
      <file name="interpPage.js" path="C:\Users\spart\Documents\GitHub\cse110-sp23-group11\source\interpPage.js">
        <metrics statements="68" coveredstatements="0" conditionals="12" coveredconditionals="0" methods="11" coveredmethods="0"/>
        <line num="5" count="0" type="stmt"/>
        <line num="319" count="0" type="stmt"/>
        <line num="377" count="0" type="stmt"/>
        <line num="379" count="0" type="stmt"/>
        <line num="382" count="0" type="cond" truecount="0" falsecount="2"/>
        <line num="383" count="0" type="stmt"/>
        <line num="384" count="0" type="stmt"/>
        <line num="385" count="0" type="stmt"/>
        <line num="386" count="0" type="stmt"/>
        <line num="389" count="0" type="stmt"/>
        <line num="392" count="0" type="stmt"/>
        <line num="393" count="0" type="stmt"/>
        <line num="394" count="0" type="stmt"/>
        <line num="398" count="0" type="stmt"/>
        <line num="399" count="0" type="stmt"/>
        <line num="400" count="0" type="stmt"/>
        <line num="404" count="0" type="stmt"/>
        <line num="405" count="0" type="stmt"/>
        <line num="407" count="0" type="stmt"/>
        <line num="408" count="0" type="stmt"/>
        <line num="410" count="0" type="cond" truecount="0" falsecount="2"/>
        <line num="411" count="0" type="stmt"/>
        <line num="412" count="0" type="stmt"/>
        <line num="414" count="0" type="stmt"/>
        <line num="427" count="0" type="stmt"/>
        <line num="428" count="0" type="stmt"/>
        <line num="431" count="0" type="stmt"/>
        <line num="432" count="0" type="stmt"/>
        <line num="433" count="0" type="cond" truecount="0" falsecount="2"/>
        <line num="434" count="0" type="stmt"/>
        <line num="436" count="0" type="stmt"/>
        <line num="440" count="0" type="stmt"/>
        <line num="447" count="0" type="stmt"/>
        <line num="448" count="0" type="stmt"/>
        <line num="449" count="0" type="stmt"/>
        <line num="452" count="0" type="stmt"/>
        <line num="453" count="0" type="stmt"/>
        <line num="455" count="0" type="stmt"/>
        <line num="456" count="0" type="stmt"/>
        <line num="459" count="0" type="stmt"/>
        <line num="460" count="0" type="stmt"/>
        <line num="461" count="0" type="stmt"/>
        <line num="464" count="0" type="stmt"/>
        <line num="465" count="0" type="stmt"/>
        <line num="466" count="0" type="stmt"/>
        <line num="471" count="0" type="cond" truecount="0" falsecount="2"/>
        <line num="472" count="0" type="stmt"/>
        <line num="474" count="0" type="stmt"/>
        <line num="485" count="0" type="stmt"/>
        <line num="488" count="0" type="stmt"/>
        <line num="489" count="0" type="stmt"/>
        <line num="493" count="0" type="stmt"/>
        <line num="496" count="0" type="stmt"/>
        <line num="497" count="0" type="stmt"/>
        <line num="499" count="0" type="stmt"/>
        <line num="506" count="0" type="stmt"/>
        <line num="513" count="0" type="stmt"/>
        <line num="514" count="0" type="stmt"/>
        <line num="515" count="0" type="stmt"/>
        <line num="516" count="0" type="cond" truecount="0" falsecount="2"/>
        <line num="517" count="0" type="stmt"/>
        <line num="518" count="0" type="stmt"/>
        <line num="522" count="0" type="stmt"/>
        <line num="523" count="0" type="cond" truecount="0" falsecount="2"/>
        <line num="524" count="0" type="stmt"/>
        <line num="525" count="0" type="stmt"/>
        <line num="527" count="0" type="stmt"/>
        <line num="528" count="0" type="stmt"/>
      </file>
      <file name="recipe.js" path="C:\Users\spart\Documents\GitHub\cse110-sp23-group11\source\recipe.js">
        <metrics statements="13" coveredstatements="13" conditionals="2" coveredconditionals="1" methods="4" coveredmethods="4"/>
        <line num="3" count="2" type="stmt"/>
        <line num="5" count="2" type="stmt"/>
        <line num="6" count="2" type="stmt"/>
        <line num="7" count="2" type="stmt"/>
        <line num="9" count="2" type="stmt"/>
        <line num="85" count="2" type="stmt"/>
        <line num="86" count="2" type="stmt"/>
        <line num="104" count="1" type="cond" truecount="1" falsecount="1"/>
        <line num="106" count="1" type="stmt"/>
        <line num="107" count="1" type="stmt"/>
        <line num="118" count="8" type="stmt"/>
        <line num="124" count="5" type="stmt"/>
        <line num="131" count="1" type="stmt"/>
      </file>
      <file name="recipeGenerator.js" path="C:\Users\spart\Documents\GitHub\cse110-sp23-group11\source\recipeGenerator.js">
        <metrics statements="26" coveredstatements="0" conditionals="2" coveredconditionals="0" methods="10" coveredmethods="0"/>
        <line num="1" count="0" type="stmt"/>
        <line num="4" count="0" type="stmt"/>
        <line num="5" count="0" type="stmt"/>
        <line num="8" count="0" type="stmt"/>
        <line num="9" count="0" type="stmt"/>
        <line num="14" count="0" type="stmt"/>
        <line num="15" count="0" type="stmt"/>
        <line num="17" count="0" type="stmt"/>
        <line num="18" count="0" type="stmt"/>
        <line num="21" count="0" type="stmt"/>
        <line num="23" count="0" type="stmt"/>
        <line num="25" count="0" type="stmt"/>
        <line num="36" count="0" type="stmt"/>
        <line num="37" count="0" type="stmt"/>
        <line num="38" count="0" type="stmt"/>
        <line num="49" count="0" type="stmt"/>
        <line num="50" count="0" type="stmt"/>
        <line num="51" count="0" type="stmt"/>
        <line num="54" count="0" type="cond" truecount="0" falsecount="2"/>
        <line num="55" count="0" type="stmt"/>
        <line num="57" count="0" type="stmt"/>
        <line num="59" count="0" type="stmt"/>
        <line num="60" count="0" type="stmt"/>
        <line num="61" count="0" type="stmt"/>
        <line num="62" count="0" type="stmt"/>
        <line num="63" count="0" type="stmt"/>
      </file>
    </package>
    <package name="source.assets.scripts">
      <metrics statements="13" coveredstatements="0" conditionals="0" coveredconditionals="0" methods="3" coveredmethods="0"/>
      <file name="rando.js" path="C:\Users\spart\Documents\GitHub\cse110-sp23-group11\source\assets\scripts\rando.js">
        <metrics statements="13" coveredstatements="0" conditionals="0" coveredconditionals="0" methods="3" coveredmethods="0"/>
        <line num="3" count="0" type="stmt"/>
        <line num="7" count="0" type="stmt"/>
        <line num="9" count="0" type="stmt"/>
        <line num="13" count="0" type="stmt"/>
        <line num="14" count="0" type="stmt"/>
        <line num="15" count="0" type="stmt"/>
        <line num="19" count="0" type="stmt"/>
        <line num="21" count="0" type="stmt"/>
        <line num="24" count="0" type="stmt"/>
        <line num="27" count="0" type="stmt"/>
        <line num="30" count="0" type="stmt"/>
        <line num="47" count="0" type="stmt"/>
        <line num="50" count="0" type="stmt"/>
      </file>
    </package>
    <package name="source.script">
      <metrics statements="52" coveredstatements="0" conditionals="14" coveredconditionals="0" methods="6" coveredmethods="0"/>
      <file name="shuffle.js" path="C:\Users\spart\Documents\GitHub\cse110-sp23-group11\source\script\shuffle.js">
        <metrics statements="52" coveredstatements="0" conditionals="14" coveredconditionals="0" methods="6" coveredmethods="0"/>
        <line num="2" count="0" type="stmt"/>
        <line num="94" count="0" type="stmt"/>
        <line num="95" count="0" type="stmt"/>
        <line num="97" count="0" type="stmt"/>
        <line num="98" count="0" type="stmt"/>
        <line num="100" count="0" type="stmt"/>
        <line num="102" count="0" type="stmt"/>
        <line num="103" count="0" type="stmt"/>
        <line num="104" count="0" type="stmt"/>
        <line num="106" count="0" type="stmt"/>
        <line num="107" count="0" type="stmt"/>
        <line num="109" count="0" type="cond" truecount="0" falsecount="2"/>
        <line num="110" count="0" type="stmt"/>
        <line num="112" count="0" type="stmt"/>
        <line num="113" count="0" type="stmt"/>
        <line num="116" count="0" type="stmt"/>
        <line num="117" count="0" type="stmt"/>
        <line num="119" count="0" type="cond" truecount="0" falsecount="4"/>
        <line num="120" count="0" type="stmt"/>
        <line num="121" count="0" type="stmt"/>
        <line num="124" count="0" type="stmt"/>
        <line num="129" count="0" type="stmt"/>
        <line num="131" count="0" type="cond" truecount="0" falsecount="2"/>
        <line num="132" count="0" type="stmt"/>
        <line num="134" count="0" type="stmt"/>
        <line num="135" count="0" type="stmt"/>
        <line num="137" count="0" type="stmt"/>
        <line num="149" count="0" type="stmt"/>
        <line num="150" count="0" type="stmt"/>
        <line num="151" count="0" type="cond" truecount="0" falsecount="2"/>
        <line num="152" count="0" type="stmt"/>
        <line num="155" count="0" type="stmt"/>
        <line num="156" count="0" type="stmt"/>
        <line num="164" count="0" type="stmt"/>
        <line num="165" count="0" type="stmt"/>
        <line num="166" count="0" type="stmt"/>
        <line num="167" count="0" type="stmt"/>
        <line num="168" count="0" type="stmt"/>
        <line num="169" count="0" type="stmt"/>
        <line num="171" count="0" type="stmt"/>
        <line num="172" count="0" type="stmt"/>
        <line num="173" count="0" type="stmt"/>
        <line num="182" count="0" type="stmt"/>
        <line num="183" count="0" type="stmt"/>
        <line num="184" count="0" type="stmt"/>
        <line num="186" count="0" type="cond" truecount="0" falsecount="2"/>
        <line num="187" count="0" type="stmt"/>
        <line num="188" count="0" type="cond" truecount="0" falsecount="2"/>
        <line num="189" count="0" type="stmt"/>
        <line num="190" count="0" type="stmt"/>
        <line num="192" count="0" type="stmt"/>
        <line num="193" count="0" type="stmt"/>
      </file>
    </package>
    <package name="specs.Magic8Ball">
      <metrics statements="13" coveredstatements="0" conditionals="0" coveredconditionals="0" methods="3" coveredmethods="0"/>
      <file name="script.js" path="C:\Users\spart\Documents\GitHub\cse110-sp23-group11\specs\Magic8Ball\script.js">
        <metrics statements="13" coveredstatements="0" conditionals="0" coveredconditionals="0" methods="3" coveredmethods="0"/>
        <line num="3" count="0" type="stmt"/>
        <line num="6" count="0" type="stmt"/>
        <line num="8" count="0" type="stmt"/>
        <line num="11" count="0" type="stmt"/>
        <line num="12" count="0" type="stmt"/>
        <line num="13" count="0" type="stmt"/>
        <line num="17" count="0" type="stmt"/>
        <line num="19" count="0" type="stmt"/>
        <line num="22" count="0" type="stmt"/>
        <line num="25" count="0" type="stmt"/>
        <line num="28" count="0" type="stmt"/>
        <line num="45" count="0" type="stmt"/>
        <line num="48" count="0" type="stmt"/>
      </file>
    </package>
    <package name="specs.Magic8BallTest2">
      <metrics statements="15" coveredstatements="0" conditionals="0" coveredconditionals="0" methods="3" coveredmethods="0"/>
      <file name="script.js" path="C:\Users\spart\Documents\GitHub\cse110-sp23-group11\specs\Magic8BallTest2\script.js">
        <metrics statements="15" coveredstatements="0" conditionals="0" coveredconditionals="0" methods="3" coveredmethods="0"/>
        <line num="1" count="0" type="stmt"/>
        <line num="2" count="0" type="stmt"/>
        <line num="4" count="0" type="stmt"/>
        <line num="28" count="0" type="stmt"/>
        <line num="29" count="0" type="stmt"/>
        <line num="30" count="0" type="stmt"/>
        <line num="31" count="0" type="stmt"/>
        <line num="32" count="0" type="stmt"/>
        <line num="33" count="0" type="stmt"/>
        <line num="34" count="0" type="stmt"/>
        <line num="37" count="0" type="stmt"/>
        <line num="38" count="0" type="stmt"/>
        <line num="39" count="0" type="stmt"/>
        <line num="41" count="0" type="stmt"/>
        <line num="42" count="0" type="stmt"/>
      </file>
    </package>
    <package name="specs.Magic8BallTest3">
      <metrics statements="13" coveredstatements="0" conditionals="0" coveredconditionals="0" methods="4" coveredmethods="0"/>
      <file name="script.js" path="C:\Users\spart\Documents\GitHub\cse110-sp23-group11\specs\Magic8BallTest3\script.js">
        <metrics statements="13" coveredstatements="0" conditionals="0" coveredconditionals="0" methods="4" coveredmethods="0"/>
        <line num="1" count="0" type="stmt"/>
        <line num="2" count="0" type="stmt"/>
        <line num="12" count="0" type="stmt"/>
        <line num="13" count="0" type="stmt"/>
        <line num="14" count="0" type="stmt"/>
        <line num="17" count="0" type="stmt"/>
        <line num="18" count="0" type="stmt"/>
        <line num="19" count="0" type="stmt"/>
        <line num="20" count="0" type="stmt"/>
        <line num="21" count="0" type="stmt"/>
        <line num="25" count="0" type="stmt"/>
        <line num="29" count="0" type="stmt"/>
        <line num="30" count="0" type="stmt"/>
      </file>
    </package>
    <package name="specs.Magic8BallTest4">
      <metrics statements="15" coveredstatements="0" conditionals="2" coveredconditionals="0" methods="2" coveredmethods="0"/>
      <file name="script.js" path="C:\Users\spart\Documents\GitHub\cse110-sp23-group11\specs\Magic8BallTest4\script.js">
        <metrics statements="15" coveredstatements="0" conditionals="2" coveredconditionals="0" methods="2" coveredmethods="0"/>
        <line num="3" count="0" type="stmt"/>
        <line num="6" count="0" type="cond" truecount="0" falsecount="2"/>
        <line num="7" count="0" type="stmt"/>
        <line num="8" count="0" type="stmt"/>
        <line num="12" count="0" type="stmt"/>
        <line num="13" count="0" type="stmt"/>
        <line num="16" count="0" type="stmt"/>
        <line num="35" count="0" type="stmt"/>
        <line num="38" count="0" type="stmt"/>
        <line num="39" count="0" type="stmt"/>
        <line num="42" count="0" type="stmt"/>
        <line num="43" count="0" type="stmt"/>
        <line num="44" count="0" type="stmt"/>
        <line num="48" count="0" type="stmt"/>
        <line num="49" count="0" type="stmt"/>
      </file>
    </package>
    <package name="specs.Magic8BallTest5">
      <metrics statements="19" coveredstatements="0" conditionals="2" coveredconditionals="0" methods="2" coveredmethods="0"/>
      <file name="script.js" path="C:\Users\spart\Documents\GitHub\cse110-sp23-group11\specs\Magic8BallTest5\script.js">
        <metrics statements="19" coveredstatements="0" conditionals="2" coveredconditionals="0" methods="2" coveredmethods="0"/>
        <line num="3" count="0" type="stmt"/>
        <line num="6" count="0" type="cond" truecount="0" falsecount="2"/>
        <line num="7" count="0" type="stmt"/>
        <line num="8" count="0" type="stmt"/>
        <line num="12" count="0" type="stmt"/>
        <line num="13" count="0" type="stmt"/>
        <line num="16" count="0" type="stmt"/>
        <line num="35" count="0" type="stmt"/>
        <line num="38" count="0" type="stmt"/>
        <line num="39" count="0" type="stmt"/>
        <line num="40" count="0" type="stmt"/>
        <line num="43" count="0" type="stmt"/>
        <line num="44" count="0" type="stmt"/>
        <line num="45" count="0" type="stmt"/>
        <line num="49" count="0" type="stmt"/>
        <line num="50" count="0" type="stmt"/>
        <line num="51" count="0" type="stmt"/>
        <line num="52" count="0" type="stmt"/>
        <line num="53" count="0" type="stmt"/>
      </file>
    </package>
    <package name="specs.Magic8BallTest6(Harish)">
      <metrics statements="12" coveredstatements="0" conditionals="2" coveredconditionals="0" methods="2" coveredmethods="0"/>
      <file name="barrelroll.js" path="C:\Users\spart\Documents\GitHub\cse110-sp23-group11\specs\Magic8BallTest6(Harish)\barrelroll.js">
        <metrics statements="12" coveredstatements="0" conditionals="2" coveredconditionals="0" methods="2" coveredmethods="0"/>
        <line num="2" count="0" type="stmt"/>
        <line num="3" count="0" type="stmt"/>
        <line num="4" count="0" type="stmt"/>
        <line num="6" count="0" type="cond" truecount="0" falsecount="2"/>
        <line num="7" count="0" type="stmt"/>
        <line num="8" count="0" type="stmt"/>
        <line num="9" count="0" type="stmt"/>
        <line num="10" count="0" type="stmt"/>
        <line num="11" count="0" type="stmt"/>
        <line num="12" count="0" type="stmt"/>
        <line num="15" count="0" type="stmt"/>
        <line num="19" count="0" type="stmt"/>
      </file>
    </package>
    <package name="specs.Magic8BallTest7(Sophia)">
      <metrics statements="10" coveredstatements="0" conditionals="2" coveredconditionals="0" methods="2" coveredmethods="0"/>
      <file name="script.js" path="C:\Users\spart\Documents\GitHub\cse110-sp23-group11\specs\Magic8BallTest7(Sophia)\script.js">
        <metrics statements="10" coveredstatements="0" conditionals="2" coveredconditionals="0" methods="2" coveredmethods="0"/>
        <line num="2" count="0" type="stmt"/>
        <line num="3" count="0" type="cond" truecount="0" falsecount="2"/>
        <line num="4" count="0" type="stmt"/>
        <line num="5" count="0" type="stmt"/>
        <line num="6" count="0" type="stmt"/>
        <line num="8" count="0" type="stmt"/>
        <line num="13" count="0" type="stmt"/>
        <line num="35" count="0" type="stmt"/>
        <line num="36" count="0" type="stmt"/>
        <line num="37" count="0" type="stmt"/>
      </file>
    </package>
    <package name="specs.Magic8BallTest8(Thanh)">
      <metrics statements="15" coveredstatements="0" conditionals="2" coveredconditionals="0" methods="4" coveredmethods="0"/>
      <file name="script.js" path="C:\Users\spart\Documents\GitHub\cse110-sp23-group11\specs\Magic8BallTest8(Thanh)\script.js">
        <metrics statements="15" coveredstatements="0" conditionals="2" coveredconditionals="0" methods="4" coveredmethods="0"/>
        <line num="1" count="0" type="stmt"/>
        <line num="23" count="0" type="stmt"/>
        <line num="24" count="0" type="stmt"/>
        <line num="25" count="0" type="stmt"/>
        <line num="26" count="0" type="stmt"/>
        <line num="29" count="0" type="stmt"/>
        <line num="33" count="0" type="stmt"/>
        <line num="34" count="0" type="stmt"/>
        <line num="35" count="0" type="stmt"/>
        <line num="40" count="0" type="cond" truecount="0" falsecount="2"/>
        <line num="41" count="0" type="stmt"/>
        <line num="42" count="0" type="stmt"/>
        <line num="44" count="0" type="stmt"/>
        <line num="45" count="0" type="stmt"/>
        <line num="48" count="0" type="stmt"/>
      </file>
    </package>
  </project>
</coverage>
