TN:
SF:coverage/lcov-report/block-navigation.js
FN:2,init
FN:24,toggleClass
FN:31,makeCurrent
FN:41,goToPrevious
FN:52,goToNext
FN:65,jump
FNF:6
FNH:0
FNDA:0,init
FNDA:0,toggleClass
FNDA:0,makeCurrent
FNDA:0,goToPrevious
FNDA:0,goToNext
FNDA:0,jump
DA:2,0
DA:4,0
DA:7,0
DA:10,0
DA:14,0
DA:20,0
DA:25,0
DA:28,0
DA:32,0
DA:33,0
DA:34,0
DA:42,0
DA:43,0
DA:44,0
DA:45,0
DA:46,0
DA:49,0
DA:53,0
DA:55,0
DA:59,0
DA:62,0
DA:65,0
DA:66,0
DA:71,0
DA:74,0
DA:77,0
DA:78,0
DA:82,0
DA:83,0
DA:87,0
LF:30
LH:0
BRDA:43,0,0,0
BRDA:43,0,1,0
BRDA:43,1,0,0
BRDA:43,1,1,0
BRDA:45,2,0,0
BRDA:45,2,1,0
BRDA:55,3,0,0
BRDA:55,3,1,0
BRDA:56,4,0,0
BRDA:56,4,1,0
BRDA:66,5,0,0
BRDA:66,5,1,0
BRDA:67,6,0,0
BRDA:67,6,1,0
BRDA:74,7,0,0
BRDA:74,7,1,0
BRDA:74,7,2,0
BRDA:74,7,3,0
BRDA:74,7,4,0
BRF:19
BRH:0
end_of_record
TN:
SF:coverage/lcov-report/prettify.js
FN:2,(anonymous_0)
FN:2,k
FN:2,ab
FN:2,T
FN:2,X
FN:2,(anonymous_5)
FN:2,W
FN:2,(anonymous_7)
FN:2,a
FN:2,aa
FN:2,B
FN:2,o
FN:2,g
FN:2,(anonymous_13)
FN:2,(anonymous_14)
FN:2,i
FN:2,Q
FN:2,ae
FN:2,ad
FN:2,ai
FN:2,D
FN:2,c
FN:2,q
FN:2,d
FN:2,y
FN:2,b
FN:2,Y
FN:2,(anonymous_27)
FN:2,U
FNF:29
FNH:0
FNDA:0,(anonymous_0)
FNDA:0,k
FNDA:0,ab
FNDA:0,T
FNDA:0,X
FNDA:0,(anonymous_5)
FNDA:0,W
FNDA:0,(anonymous_7)
FNDA:0,a
FNDA:0,aa
FNDA:0,B
FNDA:0,o
FNDA:0,g
FNDA:0,(anonymous_13)
FNDA:0,(anonymous_14)
FNDA:0,i
FNDA:0,Q
FNDA:0,ae
FNDA:0,ad
FNDA:0,ai
FNDA:0,D
FNDA:0,c
FNDA:0,q
FNDA:0,d
FNDA:0,y
FNDA:0,b
FNDA:0,Y
FNDA:0,(anonymous_27)
FNDA:0,U
DA:2,0
LF:1
LH:0
BRDA:2,0,0,0
BRDA:2,0,1,0
BRDA:2,1,0,0
BRDA:2,1,1,0
BRDA:2,2,0,0
BRDA:2,2,1,0
BRDA:2,3,0,0
BRDA:2,3,1,0
BRDA:2,4,0,0
BRDA:2,4,1,0
BRDA:2,5,0,0
BRDA:2,5,1,0
BRDA:2,6,0,0
BRDA:2,6,1,0
BRDA:2,7,0,0
BRDA:2,7,1,0
BRDA:2,8,0,0
BRDA:2,8,1,0
BRDA:2,9,0,0
BRDA:2,9,1,0
BRDA:2,10,0,0
BRDA:2,10,1,0
BRDA:2,11,0,0
BRDA:2,11,1,0
BRDA:2,11,2,0
BRDA:2,11,3,0
BRDA:2,12,0,0
BRDA:2,12,1,0
BRDA:2,13,0,0
BRDA:2,13,1,0
BRDA:2,14,0,0
BRDA:2,14,1,0
BRDA:2,15,0,0
BRDA:2,15,1,0
BRDA:2,16,0,0
BRDA:2,16,1,0
BRDA:2,17,0,0
BRDA:2,17,1,0
BRDA:2,18,0,0
BRDA:2,18,1,0
BRDA:2,19,0,0
BRDA:2,19,1,0
BRDA:2,20,0,0
BRDA:2,20,1,0
BRDA:2,21,0,0
BRDA:2,21,1,0
BRDA:2,22,0,0
BRDA:2,22,1,0
BRDA:2,23,0,0
BRDA:2,23,1,0
BRDA:2,24,0,0
BRDA:2,24,1,0
BRDA:2,25,0,0
BRDA:2,25,1,0
BRDA:2,26,0,0
BRDA:2,26,1,0
BRDA:2,27,0,0
BRDA:2,27,1,0
BRDA:2,28,0,0
BRDA:2,28,1,0
BRDA:2,29,0,0
BRDA:2,29,1,0
BRDA:2,30,0,0
BRDA:2,30,1,0
BRDA:2,31,0,0
BRDA:2,31,1,0
BRDA:2,32,0,0
BRDA:2,32,1,0
BRDA:2,33,0,0
BRDA:2,33,1,0
BRDA:2,34,0,0
BRDA:2,34,1,0
BRDA:2,35,0,0
BRDA:2,35,1,0
BRDA:2,36,0,0
BRDA:2,36,1,0
BRDA:2,37,0,0
BRDA:2,37,1,0
BRDA:2,38,0,0
BRDA:2,38,1,0
BRDA:2,39,0,0
BRDA:2,39,1,0
BRDA:2,40,0,0
BRDA:2,40,1,0
BRDA:2,41,0,0
BRDA:2,41,1,0
BRDA:2,42,0,0
BRDA:2,42,1,0
BRDA:2,43,0,0
BRDA:2,43,1,0
BRDA:2,44,0,0
BRDA:2,44,1,0
BRDA:2,45,0,0
BRDA:2,45,1,0
BRDA:2,46,0,0
BRDA:2,46,1,0
BRDA:2,47,0,0
BRDA:2,47,1,0
BRDA:2,48,0,0
BRDA:2,48,1,0
BRDA:2,49,0,0
BRDA:2,49,1,0
BRDA:2,50,0,0
BRDA:2,50,1,0
BRDA:2,50,2,0
BRDA:2,51,0,0
BRDA:2,51,1,0
BRDA:2,52,0,0
BRDA:2,52,1,0
BRDA:2,53,0,0
BRDA:2,53,1,0
BRDA:2,54,0,0
BRDA:2,54,1,0
BRDA:2,55,0,0
BRDA:2,55,1,0
BRDA:2,56,0,0
BRDA:2,56,1,0
BRDA:2,57,0,0
BRDA:2,57,1,0
BRDA:2,58,0,0
BRDA:2,58,1,0
BRDA:2,59,0,0
BRDA:2,59,1,0
BRDA:2,60,0,0
BRDA:2,60,1,0
BRDA:2,61,0,0
BRDA:2,61,1,0
BRDA:2,62,0,0
BRDA:2,62,1,0
BRDA:2,63,0,0
BRDA:2,63,1,0
BRDA:2,64,0,0
BRDA:2,64,1,0
BRDA:2,65,0,0
BRDA:2,65,1,0
BRDA:2,66,0,0
BRDA:2,66,1,0
BRDA:2,67,0,0
BRDA:2,67,1,0
BRDA:2,68,0,0
BRDA:2,68,1,0
BRDA:2,69,0,0
BRDA:2,69,1,0
BRDA:2,70,0,0
BRDA:2,70,1,0
BRDA:2,71,0,0
BRDA:2,71,1,0
BRDA:2,72,0,0
BRDA:2,72,1,0
BRDA:2,73,0,0
BRDA:2,73,1,0
BRDA:2,74,0,0
BRDA:2,74,1,0
BRDA:2,75,0,0
BRDA:2,75,1,0
BRDA:2,76,0,0
BRDA:2,76,1,0
BRDA:2,77,0,0
BRDA:2,77,1,0
BRDA:2,78,0,0
BRDA:2,78,1,0
BRDA:2,79,0,0
BRDA:2,79,1,0
BRDA:2,80,0,0
BRDA:2,80,1,0
BRDA:2,81,0,0
BRDA:2,81,1,0
BRDA:2,82,0,0
BRDA:2,82,1,0
BRDA:2,83,0,0
BRDA:2,83,1,0
BRDA:2,84,0,0
BRDA:2,84,1,0
BRDA:2,85,0,0
BRDA:2,85,1,0
BRDA:2,86,0,0
BRDA:2,86,1,0
BRDA:2,87,0,0
BRDA:2,87,1,0
BRDA:2,88,0,0
BRDA:2,88,1,0
BRDA:2,89,0,0
BRDA:2,89,1,0
BRDA:2,89,2,0
BRDA:2,90,0,0
BRDA:2,90,1,0
BRDA:2,91,0,0
BRDA:2,91,1,0
BRDA:2,92,0,0
BRDA:2,92,1,0
BRDA:2,93,0,0
BRDA:2,93,1,0
BRDA:2,94,0,0
BRDA:2,94,1,0
BRDA:2,95,0,0
BRDA:2,95,1,0
BRDA:2,96,0,0
BRDA:2,96,1,0
BRDA:2,97,0,0
BRDA:2,97,1,0
BRDA:2,98,0,0
BRDA:2,98,1,0
BRDA:2,99,0,0
BRDA:2,99,1,0
BRDA:2,100,0,0
BRDA:2,100,1,0
BRDA:2,101,0,0
BRDA:2,101,1,0
BRDA:2,102,0,0
BRDA:2,102,1,0
BRDA:2,103,0,0
BRDA:2,103,1,0
BRDA:2,104,0,0
BRDA:2,104,1,0
BRDA:2,105,0,0
BRDA:2,105,1,0
BRDA:2,106,0,0
BRDA:2,106,1,0
BRDA:2,107,0,0
BRDA:2,107,1,0
BRDA:2,108,0,0
BRDA:2,108,1,0
BRDA:2,109,0,0
BRDA:2,109,1,0
BRDA:2,110,0,0
BRDA:2,110,1,0
BRDA:2,111,0,0
BRDA:2,111,1,0
BRDA:2,112,0,0
BRDA:2,112,1,0
BRDA:2,113,0,0
BRDA:2,113,1,0
BRDA:2,114,0,0
BRDA:2,114,1,0
BRDA:2,115,0,0
BRDA:2,115,1,0
BRDA:2,116,0,0
BRDA:2,116,1,0
BRDA:2,117,0,0
BRDA:2,117,1,0
BRDA:2,118,0,0
BRDA:2,118,1,0
BRDA:2,119,0,0
BRDA:2,119,1,0
BRDA:2,120,0,0
BRDA:2,120,1,0
BRDA:2,121,0,0
BRDA:2,121,1,0
BRDA:2,122,0,0
BRDA:2,122,1,0
BRDA:2,123,0,0
BRDA:2,123,1,0
BRDA:2,124,0,0
BRDA:2,124,1,0
BRDA:2,125,0,0
BRDA:2,125,1,0
BRDA:2,126,0,0
BRDA:2,126,1,0
BRDA:2,127,0,0
BRDA:2,127,1,0
BRDA:2,128,0,0
BRDA:2,128,1,0
BRDA:2,128,2,0
BRDA:2,129,0,0
BRDA:2,129,1,0
BRDA:2,130,0,0
BRDA:2,130,1,0
BRDA:2,131,0,0
BRDA:2,131,1,0
BRDA:2,131,2,0
BRDA:2,131,3,0
BRDA:2,131,4,0
BRDA:2,132,0,0
BRDA:2,132,1,0
BRDA:2,133,0,0
BRDA:2,133,1,0
BRDA:2,134,0,0
BRDA:2,134,1,0
BRDA:2,135,0,0
BRDA:2,135,1,0
BRDA:2,136,0,0
BRDA:2,136,1,0
BRDA:2,137,0,0
BRDA:2,137,1,0
BRDA:2,138,0,0
BRDA:2,138,1,0
BRF:286
BRH:0
end_of_record
TN:
SF:coverage/lcov-report/sorter.js
FN:2,(anonymous_0)
FN:11,getTable
FN:15,getTableHeader
FN:19,getTableBody
FN:23,getNthColumn
FN:27,onFilterInput
FN:45,addSearchBox
FN:53,loadColumns
FN:78,loadRowData
FN:97,loadData
FN:106,sortByIndex
FN:108,(anonymous_11)
FN:120,(anonymous_12)
FN:137,removeSortIndicators
FN:145,addSortIndicators
FN:151,enableUI
FN:154,ithSorter
FN:157,(anonymous_17)
FN:184,(anonymous_18)
FNF:19
FNH:0
FNDA:0,(anonymous_0)
FNDA:0,getTable
FNDA:0,getTableHeader
FNDA:0,getTableBody
FNDA:0,getNthColumn
FNDA:0,onFilterInput
FNDA:0,addSearchBox
FNDA:0,loadColumns
FNDA:0,loadRowData
FNDA:0,loadData
FNDA:0,sortByIndex
FNDA:0,(anonymous_11)
FNDA:0,(anonymous_12)
FNDA:0,removeSortIndicators
FNDA:0,addSortIndicators
FNDA:0,enableUI
FNDA:0,ithSorter
FNDA:0,(anonymous_17)
FNDA:0,(anonymous_18)
DA:2,0
DA:5,0
DA:12,0
DA:16,0
DA:20,0
DA:24,0
DA:28,0
DA:29,0
DA:30,0
DA:31,0
DA:32,0
DA:37,0
DA:39,0
DA:46,0
DA:47,0
DA:48,0
DA:49,0
DA:54,0
DA:56,0
DA:60,0
DA:61,0
DA:62,0
DA:67,0
DA:68,0
DA:69,0
DA:70,0
DA:74,0
DA:79,0
DA:82,0
DA:85,0
DA:86,0
DA:87,0
DA:88,0
DA:89,0
DA:90,0
DA:92,0
DA:94,0
DA:98,0
DA:101,0
DA:102,0
DA:107,0
DA:108,0
DA:109,0
DA:110,0
DA:111,0
DA:113,0
DA:114,0
DA:115,0
DA:116,0
DA:119,0
DA:120,0
DA:121,0
DA:125,0
DA:126,0
DA:127,0
DA:130,0
DA:132,0
DA:133,0
DA:138,0
DA:139,0
DA:141,0
DA:142,0
DA:146,0
DA:154,0
DA:155,0
DA:157,0
DA:158,0
DA:160,0
DA:161,0
DA:163,0
DA:164,0
DA:165,0
DA:166,0
DA:167,0
DA:170,0
DA:171,0
DA:174,0
DA:175,0
DA:176,0
DA:178,0
DA:184,0
DA:185,0
DA:186,0
DA:188,0
DA:189,0
DA:190,0
DA:191,0
DA:192,0
DA:196,0
LF:89
LH:0
BRDA:32,0,0,0
BRDA:32,0,1,0
BRDA:65,1,0,0
BRDA:65,1,1,0
BRDA:68,2,0,0
BRDA:68,2,1,0
BRDA:89,3,0,0
BRDA:89,3,1,0
BRDA:111,4,0,0
BRDA:111,4,1,0
BRDA:111,5,0,0
BRDA:111,5,1,0
BRDA:119,6,0,0
BRDA:119,6,1,0
BRDA:146,7,0,0
BRDA:146,7,1,0
BRDA:160,8,0,0
BRDA:160,8,1,0
BRDA:171,9,0,0
BRDA:171,9,1,0
BRDA:175,10,0,0
BRDA:175,10,1,0
BRDA:185,11,0,0
BRDA:185,11,1,0
BRF:24
BRH:0
end_of_record
TN:
SF:out/scripts/linenumber.js
FN:2,(anonymous_0)
FNF:1
FNH:0
FNDA:0,(anonymous_0)
DA:2,0
DA:3,0
DA:4,0
DA:5,0
DA:11,0
DA:12,0
DA:13,0
DA:14,0
DA:16,0
DA:17,0
DA:18,0
DA:19,0
DA:20,0
DA:21,0
LF:14
LH:0
BRDA:11,0,0,0
BRDA:11,0,1,0
BRDA:11,1,0,0
BRDA:11,1,1,0
BRDA:20,2,0,0
BRDA:20,2,1,0
BRF:6
BRH:0
end_of_record
TN:
SF:out/scripts/prettify/lang-css.js
FNF:0
FNH:0
DA:1,0
DA:2,0
LF:2
LH:0
BRF:0
BRH:0
end_of_record
TN:
SF:out/scripts/prettify/prettify.js
FN:2,(anonymous_0)
FN:2,L
FN:2,m
FN:2,e
FN:2,h
FN:3,(anonymous_5)
FN:4,y
FN:5,(anonymous_7)
FN:6,M
FN:6,m
FN:7,B
FN:7,x
FN:7,e
FN:8,(anonymous_13)
FN:9,u
FN:12,D
FN:12,e
FN:13,h
FN:13,b
FN:15,k
FN:15,C
FN:15,E
FN:25,(anonymous_22)
FN:25,(anonymous_23)
FN:25,m
FN:27,(anonymous_25)
FNF:26
FNH:0
FNDA:0,(anonymous_0)
FNDA:0,L
FNDA:0,m
FNDA:0,e
FNDA:0,h
FNDA:0,(anonymous_5)
FNDA:0,y
FNDA:0,(anonymous_7)
FNDA:0,M
FNDA:0,m
FNDA:0,B
FNDA:0,x
FNDA:0,e
FNDA:0,(anonymous_13)
FNDA:0,u
FNDA:0,D
FNDA:0,e
FNDA:0,h
FNDA:0,b
FNDA:0,k
FNDA:0,C
FNDA:0,E
FNDA:0,(anonymous_22)
FNDA:0,(anonymous_23)
FNDA:0,m
FNDA:0,(anonymous_25)
DA:1,0
DA:2,0
DA:3,0
DA:4,0
DA:5,0
DA:6,0
DA:7,0
DA:8,0
DA:9,0
DA:10,0
DA:11,0
DA:12,0
DA:13,0
DA:14,0
DA:15,0
DA:16,0
DA:17,0
DA:18,0
DA:19,0
DA:20,0
DA:21,0
DA:22,0
DA:23,0
DA:24,0
DA:25,0
DA:26,0
DA:27,0
LF:27
LH:0
BRDA:2,0,0,0
BRDA:2,0,1,0
BRDA:2,1,0,0
BRDA:2,1,1,0
BRDA:2,2,0,0
BRDA:2,2,1,0
BRDA:2,3,0,0
BRDA:2,3,1,0
BRDA:2,4,0,0
BRDA:2,4,1,0
BRDA:2,5,0,0
BRDA:2,5,1,0
BRDA:2,6,0,0
BRDA:2,6,1,0
BRDA:2,7,0,0
BRDA:2,7,1,0
BRDA:2,8,0,0
BRDA:2,8,1,0
BRDA:2,9,0,0
BRDA:2,9,1,0
BRDA:2,9,2,0
BRDA:2,9,3,0
BRDA:3,10,0,0
BRDA:3,10,1,0
BRDA:3,11,0,0
BRDA:3,11,1,0
BRDA:3,12,0,0
BRDA:3,12,1,0
BRDA:3,13,0,0
BRDA:3,13,1,0
BRDA:3,14,0,0
BRDA:3,14,1,0
BRDA:3,14,2,0
BRDA:3,15,0,0
BRDA:3,15,1,0
BRDA:3,15,2,0
BRDA:3,16,0,0
BRDA:3,16,1,0
BRDA:3,16,2,0
BRDA:3,17,0,0
BRDA:3,17,1,0
BRDA:3,18,0,0
BRDA:3,18,1,0
BRDA:3,19,0,0
BRDA:3,19,1,0
BRDA:4,20,0,0
BRDA:4,20,1,0
BRDA:4,21,0,0
BRDA:4,21,1,0
BRDA:4,22,0,0
BRDA:4,22,1,0
BRDA:4,23,0,0
BRDA:4,23,1,0
BRDA:4,23,2,0
BRDA:4,23,3,0
BRDA:4,24,0,0
BRDA:4,24,1,0
BRDA:4,25,0,0
BRDA:4,25,1,0
BRDA:4,26,0,0
BRDA:4,26,1,0
BRDA:4,27,0,0
BRDA:4,27,1,0
BRDA:4,27,2,0
BRDA:4,27,3,0
BRDA:5,28,0,0
BRDA:5,28,1,0
BRDA:5,28,2,0
BRDA:5,29,0,0
BRDA:5,29,1,0
BRDA:5,30,0,0
BRDA:5,30,1,0
BRDA:5,31,0,0
BRDA:5,31,1,0
BRDA:5,32,0,0
BRDA:5,32,1,0
BRDA:5,33,0,0
BRDA:5,33,1,0
BRDA:5,34,0,0
BRDA:5,34,1,0
BRDA:5,35,0,0
BRDA:5,35,1,0
BRDA:6,36,0,0
BRDA:6,36,1,0
BRDA:6,37,0,0
BRDA:6,37,1,0
BRDA:6,38,0,0
BRDA:6,38,1,0
BRDA:6,39,0,0
BRDA:6,39,1,0
BRDA:6,39,2,0
BRDA:6,40,0,0
BRDA:6,40,1,0
BRDA:6,41,0,0
BRDA:6,41,1,0
BRDA:6,42,0,0
BRDA:6,42,1,0
BRDA:6,43,0,0
BRDA:6,43,1,0
BRDA:6,44,0,0
BRDA:6,44,1,0
BRDA:7,45,0,0
BRDA:7,45,1,0
BRDA:7,46,0,0
BRDA:7,46,1,0
BRDA:7,47,0,0
BRDA:7,47,1,0
BRDA:7,48,0,0
BRDA:7,48,1,0
BRDA:7,49,0,0
BRDA:7,49,1,0
BRDA:7,50,0,0
BRDA:7,50,1,0
BRDA:8,51,0,0
BRDA:8,51,1,0
BRDA:8,52,0,0
BRDA:8,52,1,0
BRDA:8,53,0,0
BRDA:8,53,1,0
BRDA:8,54,0,0
BRDA:8,54,1,0
BRDA:8,55,0,0
BRDA:8,55,1,0
BRDA:8,56,0,0
BRDA:8,56,1,0
BRDA:8,57,0,0
BRDA:8,57,1,0
BRDA:8,58,0,0
BRDA:8,58,1,0
BRDA:8,59,0,0
BRDA:8,59,1,0
BRDA:8,60,0,0
BRDA:8,60,1,0
BRDA:9,61,0,0
BRDA:9,61,1,0
BRDA:9,62,0,0
BRDA:9,62,1,0
BRDA:9,63,0,0
BRDA:9,63,1,0
BRDA:9,64,0,0
BRDA:9,64,1,0
BRDA:10,65,0,0
BRDA:10,65,1,0
BRDA:10,66,0,0
BRDA:10,66,1,0
BRDA:10,67,0,0
BRDA:10,67,1,0
BRDA:10,68,0,0
BRDA:10,68,1,0
BRDA:11,69,0,0
BRDA:11,69,1,0
BRDA:11,70,0,0
BRDA:11,70,1,0
BRDA:11,71,0,0
BRDA:11,71,1,0
BRDA:12,72,0,0
BRDA:12,72,1,0
BRDA:12,73,0,0
BRDA:12,73,1,0
BRDA:12,73,2,0
BRDA:12,74,0,0
BRDA:12,74,1,0
BRDA:12,75,0,0
BRDA:12,75,1,0
BRDA:13,76,0,0
BRDA:13,76,1,0
BRDA:13,77,0,0
BRDA:13,77,1,0
BRDA:13,78,0,0
BRDA:13,78,1,0
BRDA:13,79,0,0
BRDA:13,79,1,0
BRDA:13,80,0,0
BRDA:13,80,1,0
BRDA:13,81,0,0
BRDA:13,81,1,0
BRDA:13,82,0,0
BRDA:13,82,1,0
BRDA:14,83,0,0
BRDA:14,83,1,0
BRDA:14,84,0,0
BRDA:14,84,1,0
BRDA:14,85,0,0
BRDA:14,85,1,0
BRDA:14,86,0,0
BRDA:14,86,1,0
BRDA:14,87,0,0
BRDA:14,87,1,0
BRDA:14,88,0,0
BRDA:14,88,1,0
BRDA:15,89,0,0
BRDA:15,89,1,0
BRDA:15,90,0,0
BRDA:15,90,1,0
BRDA:15,91,0,0
BRDA:15,91,1,0
BRDA:15,92,0,0
BRDA:15,92,1,0
BRDA:15,93,0,0
BRDA:15,93,1,0
BRDA:15,94,0,0
BRDA:15,94,1,0
BRDA:15,95,0,0
BRDA:15,95,1,0
BRDA:16,96,0,0
BRDA:16,96,1,0
BRDA:16,97,0,0
BRDA:16,97,1,0
BRDA:16,98,0,0
BRDA:16,98,1,0
BRDA:16,99,0,0
BRDA:16,99,1,0
BRDA:16,100,0,0
BRDA:16,100,1,0
BRDA:16,101,0,0
BRDA:16,101,1,0
BRDA:16,102,0,0
BRDA:16,102,1,0
BRDA:17,103,0,0
BRDA:17,103,1,0
BRDA:17,104,0,0
BRDA:17,104,1,0
BRDA:17,105,0,0
BRDA:17,105,1,0
BRDA:17,106,0,0
BRDA:17,106,1,0
BRDA:17,107,0,0
BRDA:17,107,1,0
BRDA:17,108,0,0
BRDA:17,108,1,0
BRDA:25,109,0,0
BRDA:25,109,1,0
BRDA:25,110,0,0
BRDA:25,110,1,0
BRDA:25,111,0,0
BRDA:25,111,1,0
BRDA:25,112,0,0
BRDA:25,112,1,0
BRDA:25,113,0,0
BRDA:25,113,1,0
BRDA:26,114,0,0
BRDA:26,114,1,0
BRDA:26,115,0,0
BRDA:26,115,1,0
BRDA:26,116,0,0
BRDA:26,116,1,0
BRDA:26,117,0,0
BRDA:26,117,1,0
BRDA:26,118,0,0
BRDA:26,118,1,0
BRDA:26,119,0,0
BRDA:26,119,1,0
BRDA:26,120,0,0
BRDA:26,120,1,0
BRDA:26,121,0,0
BRDA:26,121,1,0
BRDA:26,122,0,0
BRDA:26,122,1,0
BRDA:26,123,0,0
BRDA:26,123,1,0
BRDA:26,123,2,0
BRDA:26,123,3,0
BRDA:26,123,4,0
BRDA:26,124,0,0
BRDA:26,124,1,0
BRDA:26,125,0,0
BRDA:26,125,1,0
BRDA:26,126,0,0
BRDA:26,126,1,0
BRDA:26,127,0,0
BRDA:26,127,1,0
BRDA:26,128,0,0
BRDA:26,128,1,0
BRDA:26,129,0,0
BRDA:26,129,1,0
BRDA:27,130,0,0
BRDA:27,130,1,0
BRDA:27,131,0,0
BRDA:27,131,1,0
BRF:279
BRH:0
end_of_record
TN:
SF:source/eslint.config.js
FNF:0
FNH:0
DA:12,0
LF:1
LH:0
BRF:0
BRH:0
end_of_record
TN:
SF:source/interpPage.js
FN:6,setCardProp
FN:31,flipCard
FN:34,(anonymous_2)
FN:40,(anonymous_3)
FNF:4
FNH:0
FNDA:0,setCardProp
FNDA:0,flipCard
FNDA:0,(anonymous_2)
FNDA:0,(anonymous_3)
DA:4,0
DA:7,0
DA:8,0
DA:9,0
DA:10,0
DA:12,0
DA:13,0
DA:16,0
DA:17,0
DA:18,0
DA:19,0
DA:20,0
DA:21,0
DA:22,0
DA:23,0
DA:24,0
DA:25,0
DA:29,0
DA:32,0
DA:34,0
DA:37,0
DA:38,0
DA:40,0
DA:41,0
DA:43,0
DA:44,0
DA:45,0
DA:47,0
LF:28
LH:0
BRDA:43,0,0,0
BRDA:43,0,1,0
BRF:2
BRH:0
end_of_record
TN:
SF:source/recipe.js
FN:2,(anonymous_0)
FN:85,(anonymous_1)
FN:101,(anonymous_2)
FN:107,(anonymous_3)
FNF:4
FNH:4
FNDA:2,(anonymous_0)
FNDA:1,(anonymous_1)
FNDA:8,(anonymous_2)
FNDA:5,(anonymous_3)
DA:3,2
DA:5,2
DA:6,2
DA:7,2
DA:9,2
DA:68,2
DA:69,2
DA:87,1
DA:89,1
DA:90,1
DA:101,8
DA:107,5
DA:114,1
LF:13
LH:13
BRDA:87,0,0,0
BRDA:87,0,1,1
BRF:2
BRH:1
end_of_record
TN:
SF:source/recipeGenerator.js
FN:4,(anonymous_0)
FN:8,(anonymous_1)
FN:12,init
FN:17,(anonymous_3)
FN:20,(anonymous_4)
FN:22,(anonymous_5)
FN:24,(anonymous_6)
FN:35,getRecipeFromStorage
FN:48,GenerateButtonHandler
FN:53,(anonymous_9)
FNF:10
FNH:0
FNDA:0,(anonymous_0)
FNDA:0,(anonymous_1)
FNDA:0,init
FNDA:0,(anonymous_3)
FNDA:0,(anonymous_4)
FNDA:0,(anonymous_5)
FNDA:0,(anonymous_6)
FNDA:0,getRecipeFromStorage
FNDA:0,GenerateButtonHandler
FNDA:0,(anonymous_9)
DA:1,0
DA:4,0
DA:5,0
DA:8,0
DA:9,0
DA:14,0
DA:15,0
DA:17,0
DA:18,0
DA:21,0
DA:23,0
DA:25,0
DA:36,0
DA:37,0
DA:38,0
DA:49,0
DA:50,0
DA:51,0
DA:52,0
DA:53,0
DA:54,0
DA:55,0
DA:56,0
LF:23
LH:0
BRF:0
BRH:0
end_of_record
TN:
SF:source/assets/scripts/rando.js
FN:1,shake
FN:13,(anonymous_1)
FN:19,(anonymous_2)
FNF:3
FNH:0
FNDA:0,shake
FNDA:0,(anonymous_1)
FNDA:0,(anonymous_2)
DA:3,0
DA:7,0
DA:9,0
DA:13,0
DA:14,0
DA:15,0
DA:19,0
DA:21,0
DA:24,0
DA:27,0
DA:30,0
DA:47,0
DA:50,0
LF:13
LH:0
BRF:0
BRH:0
end_of_record
TN:
SF:source/script/shuffle.js
FN:94,(anonymous_0)
FN:113,(anonymous_1)
FN:121,(anonymous_2)
FN:136,(anonymous_3)
FN:145,(anonymous_4)
FN:163,shuffle
FNF:6
FNH:0
FNDA:0,(anonymous_0)
FNDA:0,(anonymous_1)
FNDA:0,(anonymous_2)
FNDA:0,(anonymous_3)
FNDA:0,(anonymous_4)
FNDA:0,shuffle
DA:2,0
DA:94,0
DA:95,0
DA:97,0
DA:99,0
DA:101,0
DA:102,0
DA:103,0
DA:104,0
DA:106,0
DA:107,0
DA:109,0
DA:110,0
DA:113,0
DA:114,0
DA:116,0
DA:117,0
DA:118,0
DA:120,0
DA:121,0
DA:126,0
DA:127,0
DA:128,0
DA:130,0
DA:134,0
DA:135,0
DA:136,0
DA:137,0
DA:143,0
DA:144,0
DA:145,0
DA:146,0
DA:147,0
DA:149,0
DA:150,0
DA:151,0
DA:152,0
DA:153,0
DA:154,0
DA:156,0
DA:157,0
DA:164,0
DA:165,0
DA:166,0
DA:167,0
DA:168,0
DA:170,0
DA:171,0
DA:172,0
LF:49
LH:0
BRDA:106,0,0,0
BRDA:106,0,1,0
BRDA:116,1,0,0
BRDA:116,1,1,0
BRDA:116,2,0,0
BRDA:116,2,1,0
BRDA:120,3,0,0
BRDA:120,3,1,0
BRDA:127,4,0,0
BRDA:127,4,1,0
BRDA:134,5,0,0
BRDA:134,5,1,0
BRDA:144,6,0,0
BRDA:144,6,1,0
BRDA:154,7,0,0
BRDA:154,7,1,0
BRF:16
BRH:0
end_of_record
TN:
SF:specs/Magic8Ball/script.js
FN:1,shake
FN:11,(anonymous_1)
FN:17,(anonymous_2)
FNF:3
FNH:0
FNDA:0,shake
FNDA:0,(anonymous_1)
FNDA:0,(anonymous_2)
DA:3,0
DA:6,0
DA:8,0
DA:11,0
DA:12,0
DA:13,0
DA:17,0
DA:19,0
DA:22,0
DA:25,0
DA:28,0
DA:45,0
DA:48,0
LF:13
LH:0
BRF:0
BRH:0
end_of_record
TN:
SF:specs/Magic8BallTest2/script.js
FN:27,shakeMagic8Ball
FN:38,(anonymous_1)
FN:41,(anonymous_2)
FNF:3
FNH:0
FNDA:0,shakeMagic8Ball
FNDA:0,(anonymous_1)
FNDA:0,(anonymous_2)
DA:1,0
DA:2,0
DA:4,0
DA:28,0
DA:29,0
DA:30,0
DA:31,0
DA:32,0
DA:33,0
DA:34,0
DA:37,0
DA:38,0
DA:39,0
DA:41,0
DA:42,0
LF:15
LH:0
BRF:0
BRH:0
end_of_record
TN:
SF:specs/Magic8BallTest3/script.js
FN:12,(anonymous_0)
FN:17,(anonymous_1)
FN:24,shakeBall
FN:28,speakAnswer
FNF:4
FNH:0
FNDA:0,(anonymous_0)
FNDA:0,(anonymous_1)
FNDA:0,shakeBall
FNDA:0,speakAnswer
DA:1,0
DA:2,0
DA:12,0
DA:13,0
DA:14,0
DA:17,0
DA:18,0
DA:19,0
DA:20,0
DA:21,0
DA:25,0
DA:29,0
DA:30,0
LF:13
LH:0
BRF:0
BRH:0
end_of_record
TN:
SF:specs/Magic8BallTest4/script.js
FN:1,shake
FN:48,(anonymous_1)
FNF:2
FNH:0
FNDA:0,shake
FNDA:0,(anonymous_1)
DA:3,0
DA:6,0
DA:7,0
DA:8,0
DA:12,0
DA:13,0
DA:16,0
DA:35,0
DA:38,0
DA:39,0
DA:42,0
DA:43,0
DA:44,0
DA:48,0
DA:49,0
LF:15
LH:0
BRDA:6,0,0,0
BRDA:6,0,1,0
BRF:2
BRH:0
end_of_record
TN:
SF:specs/Magic8BallTest5/script.js
FN:1,shake
FN:50,(anonymous_1)
FNF:2
FNH:0
FNDA:0,shake
FNDA:0,(anonymous_1)
DA:3,0
DA:6,0
DA:7,0
DA:8,0
DA:12,0
DA:13,0
DA:16,0
DA:35,0
DA:38,0
DA:39,0
DA:40,0
DA:43,0
DA:44,0
DA:45,0
DA:49,0
DA:50,0
DA:51,0
DA:52,0
DA:53,0
LF:19
LH:0
BRDA:6,0,0,0
BRDA:6,0,1,0
BRF:2
BRH:0
end_of_record
TN:
SF:specs/Magic8BallTest6(Harish)/barrelroll.js
FN:1,shake
FN:8,(anonymous_1)
FNF:2
FNH:0
FNDA:0,shake
FNDA:0,(anonymous_1)
DA:2,0
DA:3,0
DA:4,0
DA:6,0
DA:7,0
DA:8,0
DA:9,0
DA:10,0
DA:11,0
DA:12,0
DA:15,0
DA:19,0
LF:12
LH:0
BRDA:6,0,0,0
BRDA:6,0,1,0
BRF:2
BRH:0
end_of_record
TN:
SF:specs/Magic8BallTest7(Sophia)/script.js
FN:1,shakeBall
FN:12,getResponse
FNF:2
FNH:0
FNDA:0,shakeBall
FNDA:0,getResponse
DA:2,0
DA:3,0
DA:4,0
DA:5,0
DA:6,0
DA:8,0
DA:13,0
DA:35,0
DA:36,0
DA:37,0
LF:10
LH:0
BRDA:3,0,0,0
BRDA:3,0,1,0
BRF:2
BRH:0
end_of_record
TN:
SF:specs/Magic8BallTest8(Thanh)/script.js
FN:28,getRandomAnswer
FN:32,shake
FN:34,(anonymous_2)
FN:39,handleShakeBtnClick
FNF:4
FNH:0
FNDA:0,getRandomAnswer
FNDA:0,shake
FNDA:0,(anonymous_2)
FNDA:0,handleShakeBtnClick
DA:1,0
DA:23,0
DA:24,0
DA:25,0
DA:26,0
DA:29,0
DA:33,0
DA:34,0
DA:35,0
DA:40,0
DA:41,0
DA:42,0
DA:44,0
DA:45,0
DA:48,0
LF:15
LH:0
BRDA:40,0,0,0
BRDA:40,0,1,0
BRF:2
BRH:0
end_of_record
