TN:
SF:coverage\lcov-report\block-navigation.js
FN:2,init
FN:24,toggleClass
FN:31,makeCurrent
FN:41,goToPrevious
FN:52,goToNext
FN:65,jump
FNF:6
FNH:0
FNDA:0,init
FNDA:0,toggleClass
FNDA:0,makeCurrent
FNDA:0,goToPrevious
FNDA:0,goToNext
FNDA:0,jump
DA:2,0
DA:4,0
DA:7,0
DA:10,0
DA:14,0
DA:20,0
DA:25,0
DA:28,0
DA:32,0
DA:33,0
DA:34,0
DA:42,0
DA:43,0
DA:44,0
DA:45,0
DA:46,0
DA:49,0
DA:53,0
DA:55,0
DA:59,0
DA:62,0
DA:65,0
DA:66,0
DA:71,0
DA:74,0
DA:77,0
DA:78,0
DA:82,0
DA:83,0
DA:87,0
LF:30
LH:0
BRDA:43,0,0,0
BRDA:43,0,1,0
BRDA:43,1,0,0
BRDA:43,1,1,0
BRDA:45,2,0,0
BRDA:45,2,1,0
BRDA:55,3,0,0
BRDA:55,3,1,0
BRDA:56,4,0,0
BRDA:56,4,1,0
BRDA:66,5,0,0
BRDA:66,5,1,0
BRDA:67,6,0,0
BRDA:67,6,1,0
BRDA:74,7,0,0
BRDA:74,7,1,0
BRDA:74,7,2,0
BRDA:74,7,3,0
BRDA:74,7,4,0
BRF:19
BRH:0
end_of_record
TN:
SF:coverage\lcov-report\prettify.js
FN:2,(anonymous_0)
FN:2,k
FN:2,ab
FN:2,T
FN:2,X
FN:2,(anonymous_5)
FN:2,W
FN:2,(anonymous_7)
FN:2,a
FN:2,aa
FN:2,B
FN:2,o
FN:2,g
FN:2,(anonymous_13)
FN:2,(anonymous_14)
FN:2,i
FN:2,Q
FN:2,ae
FN:2,ad
FN:2,ai
FN:2,D
FN:2,c
FN:2,q
FN:2,d
FN:2,y
FN:2,b
FN:2,Y
FN:2,(anonymous_27)
FN:2,U
FNF:29
FNH:0
FNDA:0,(anonymous_0)
FNDA:0,k
FNDA:0,ab
FNDA:0,T
FNDA:0,X
FNDA:0,(anonymous_5)
FNDA:0,W
FNDA:0,(anonymous_7)
FNDA:0,a
FNDA:0,aa
FNDA:0,B
FNDA:0,o
FNDA:0,g
FNDA:0,(anonymous_13)
FNDA:0,(anonymous_14)
FNDA:0,i
FNDA:0,Q
FNDA:0,ae
FNDA:0,ad
FNDA:0,ai
FNDA:0,D
FNDA:0,c
FNDA:0,q
FNDA:0,d
FNDA:0,y
FNDA:0,b
FNDA:0,Y
FNDA:0,(anonymous_27)
FNDA:0,U
DA:2,0
LF:1
LH:0
BRDA:2,0,0,0
BRDA:2,0,1,0
BRDA:2,1,0,0
BRDA:2,1,1,0
BRDA:2,2,0,0
BRDA:2,2,1,0
BRDA:2,3,0,0
BRDA:2,3,1,0
BRDA:2,4,0,0
BRDA:2,4,1,0
BRDA:2,5,0,0
BRDA:2,5,1,0
BRDA:2,6,0,0
BRDA:2,6,1,0
BRDA:2,7,0,0
BRDA:2,7,1,0
BRDA:2,8,0,0
BRDA:2,8,1,0
BRDA:2,9,0,0
BRDA:2,9,1,0
BRDA:2,10,0,0
BRDA:2,10,1,0
BRDA:2,11,0,0
BRDA:2,11,1,0
BRDA:2,11,2,0
BRDA:2,11,3,0
BRDA:2,12,0,0
BRDA:2,12,1,0
BRDA:2,13,0,0
BRDA:2,13,1,0
BRDA:2,14,0,0
BRDA:2,14,1,0
BRDA:2,15,0,0
BRDA:2,15,1,0
BRDA:2,16,0,0
BRDA:2,16,1,0
BRDA:2,17,0,0
BRDA:2,17,1,0
BRDA:2,18,0,0
BRDA:2,18,1,0
BRDA:2,19,0,0
BRDA:2,19,1,0
BRDA:2,20,0,0
BRDA:2,20,1,0
BRDA:2,21,0,0
BRDA:2,21,1,0
BRDA:2,22,0,0
BRDA:2,22,1,0
BRDA:2,23,0,0
BRDA:2,23,1,0
BRDA:2,24,0,0
BRDA:2,24,1,0
BRDA:2,25,0,0
BRDA:2,25,1,0
BRDA:2,26,0,0
BRDA:2,26,1,0
BRDA:2,27,0,0
BRDA:2,27,1,0
BRDA:2,28,0,0
BRDA:2,28,1,0
BRDA:2,29,0,0
BRDA:2,29,1,0
BRDA:2,30,0,0
BRDA:2,30,1,0
BRDA:2,31,0,0
BRDA:2,31,1,0
BRDA:2,32,0,0
BRDA:2,32,1,0
BRDA:2,33,0,0
BRDA:2,33,1,0
BRDA:2,34,0,0
BRDA:2,34,1,0
BRDA:2,35,0,0
BRDA:2,35,1,0
BRDA:2,36,0,0
BRDA:2,36,1,0
BRDA:2,37,0,0
BRDA:2,37,1,0
BRDA:2,38,0,0
BRDA:2,38,1,0
BRDA:2,39,0,0
BRDA:2,39,1,0
BRDA:2,40,0,0
BRDA:2,40,1,0
BRDA:2,41,0,0
BRDA:2,41,1,0
BRDA:2,42,0,0
BRDA:2,42,1,0
BRDA:2,43,0,0
BRDA:2,43,1,0
BRDA:2,44,0,0
BRDA:2,44,1,0
BRDA:2,45,0,0
BRDA:2,45,1,0
BRDA:2,46,0,0
BRDA:2,46,1,0
BRDA:2,47,0,0
BRDA:2,47,1,0
BRDA:2,48,0,0
BRDA:2,48,1,0
BRDA:2,49,0,0
BRDA:2,49,1,0
BRDA:2,50,0,0
BRDA:2,50,1,0
BRDA:2,50,2,0
BRDA:2,51,0,0
BRDA:2,51,1,0
BRDA:2,52,0,0
BRDA:2,52,1,0
BRDA:2,53,0,0
BRDA:2,53,1,0
BRDA:2,54,0,0
BRDA:2,54,1,0
BRDA:2,55,0,0
BRDA:2,55,1,0
BRDA:2,56,0,0
BRDA:2,56,1,0
BRDA:2,57,0,0
BRDA:2,57,1,0
BRDA:2,58,0,0
BRDA:2,58,1,0
BRDA:2,59,0,0
BRDA:2,59,1,0
BRDA:2,60,0,0
BRDA:2,60,1,0
BRDA:2,61,0,0
BRDA:2,61,1,0
BRDA:2,62,0,0
BRDA:2,62,1,0
BRDA:2,63,0,0
BRDA:2,63,1,0
BRDA:2,64,0,0
BRDA:2,64,1,0
BRDA:2,65,0,0
BRDA:2,65,1,0
BRDA:2,66,0,0
BRDA:2,66,1,0
BRDA:2,67,0,0
BRDA:2,67,1,0
BRDA:2,68,0,0
BRDA:2,68,1,0
BRDA:2,69,0,0
BRDA:2,69,1,0
BRDA:2,70,0,0
BRDA:2,70,1,0
BRDA:2,71,0,0
BRDA:2,71,1,0
BRDA:2,72,0,0
BRDA:2,72,1,0
BRDA:2,73,0,0
BRDA:2,73,1,0
BRDA:2,74,0,0
BRDA:2,74,1,0
BRDA:2,75,0,0
BRDA:2,75,1,0
BRDA:2,76,0,0
BRDA:2,76,1,0
BRDA:2,77,0,0
BRDA:2,77,1,0
BRDA:2,78,0,0
BRDA:2,78,1,0
BRDA:2,79,0,0
BRDA:2,79,1,0
BRDA:2,80,0,0
BRDA:2,80,1,0
BRDA:2,81,0,0
BRDA:2,81,1,0
BRDA:2,82,0,0
BRDA:2,82,1,0
BRDA:2,83,0,0
BRDA:2,83,1,0
BRDA:2,84,0,0
BRDA:2,84,1,0
BRDA:2,85,0,0
BRDA:2,85,1,0
BRDA:2,86,0,0
BRDA:2,86,1,0
BRDA:2,87,0,0
BRDA:2,87,1,0
BRDA:2,88,0,0
BRDA:2,88,1,0
BRDA:2,89,0,0
BRDA:2,89,1,0
BRDA:2,89,2,0
BRDA:2,90,0,0
BRDA:2,90,1,0
BRDA:2,91,0,0
BRDA:2,91,1,0
BRDA:2,92,0,0
BRDA:2,92,1,0
BRDA:2,93,0,0
BRDA:2,93,1,0
BRDA:2,94,0,0
BRDA:2,94,1,0
BRDA:2,95,0,0
BRDA:2,95,1,0
BRDA:2,96,0,0
BRDA:2,96,1,0
BRDA:2,97,0,0
BRDA:2,97,1,0
BRDA:2,98,0,0
BRDA:2,98,1,0
BRDA:2,99,0,0
BRDA:2,99,1,0
BRDA:2,100,0,0
BRDA:2,100,1,0
BRDA:2,101,0,0
BRDA:2,101,1,0
BRDA:2,102,0,0
BRDA:2,102,1,0
BRDA:2,103,0,0
BRDA:2,103,1,0
BRDA:2,104,0,0
BRDA:2,104,1,0
BRDA:2,105,0,0
BRDA:2,105,1,0
BRDA:2,106,0,0
BRDA:2,106,1,0
BRDA:2,107,0,0
BRDA:2,107,1,0
BRDA:2,108,0,0
BRDA:2,108,1,0
BRDA:2,109,0,0
BRDA:2,109,1,0
BRDA:2,110,0,0
BRDA:2,110,1,0
BRDA:2,111,0,0
BRDA:2,111,1,0
BRDA:2,112,0,0
BRDA:2,112,1,0
BRDA:2,113,0,0
BRDA:2,113,1,0
BRDA:2,114,0,0
BRDA:2,114,1,0
BRDA:2,115,0,0
BRDA:2,115,1,0
BRDA:2,116,0,0
BRDA:2,116,1,0
BRDA:2,117,0,0
BRDA:2,117,1,0
BRDA:2,118,0,0
BRDA:2,118,1,0
BRDA:2,119,0,0
BRDA:2,119,1,0
BRDA:2,120,0,0
BRDA:2,120,1,0
BRDA:2,121,0,0
BRDA:2,121,1,0
BRDA:2,122,0,0
BRDA:2,122,1,0
BRDA:2,123,0,0
BRDA:2,123,1,0
BRDA:2,124,0,0
BRDA:2,124,1,0
BRDA:2,125,0,0
BRDA:2,125,1,0
BRDA:2,126,0,0
BRDA:2,126,1,0
BRDA:2,127,0,0
BRDA:2,127,1,0
BRDA:2,128,0,0
BRDA:2,128,1,0
BRDA:2,128,2,0
BRDA:2,129,0,0
BRDA:2,129,1,0
BRDA:2,130,0,0
BRDA:2,130,1,0
BRDA:2,131,0,0
BRDA:2,131,1,0
BRDA:2,131,2,0
BRDA:2,131,3,0
BRDA:2,131,4,0
BRDA:2,132,0,0
BRDA:2,132,1,0
BRDA:2,133,0,0
BRDA:2,133,1,0
BRDA:2,134,0,0
BRDA:2,134,1,0
BRDA:2,135,0,0
BRDA:2,135,1,0
BRDA:2,136,0,0
BRDA:2,136,1,0
BRDA:2,137,0,0
BRDA:2,137,1,0
BRDA:2,138,0,0
BRDA:2,138,1,0
BRF:286
BRH:0
end_of_record
TN:
SF:coverage\lcov-report\sorter.js
FN:2,(anonymous_0)
FN:11,getTable
FN:15,getTableHeader
FN:19,getTableBody
FN:23,getNthColumn
FN:27,onFilterInput
FN:45,addSearchBox
FN:53,loadColumns
FN:78,loadRowData
FN:97,loadData
FN:106,sortByIndex
FN:108,(anonymous_11)
FN:120,(anonymous_12)
FN:137,removeSortIndicators
FN:145,addSortIndicators
FN:151,enableUI
FN:154,ithSorter
FN:157,(anonymous_17)
FN:184,(anonymous_18)
FNF:19
FNH:0
FNDA:0,(anonymous_0)
FNDA:0,getTable
FNDA:0,getTableHeader
FNDA:0,getTableBody
FNDA:0,getNthColumn
FNDA:0,onFilterInput
FNDA:0,addSearchBox
FNDA:0,loadColumns
FNDA:0,loadRowData
FNDA:0,loadData
FNDA:0,sortByIndex
FNDA:0,(anonymous_11)
FNDA:0,(anonymous_12)
FNDA:0,removeSortIndicators
FNDA:0,addSortIndicators
FNDA:0,enableUI
FNDA:0,ithSorter
FNDA:0,(anonymous_17)
FNDA:0,(anonymous_18)
DA:2,0
DA:5,0
DA:12,0
DA:16,0
DA:20,0
DA:24,0
DA:28,0
DA:29,0
DA:30,0
DA:31,0
DA:32,0
DA:37,0
DA:39,0
DA:46,0
DA:47,0
DA:48,0
DA:49,0
DA:54,0
DA:56,0
DA:60,0
DA:61,0
DA:62,0
DA:67,0
DA:68,0
DA:69,0
DA:70,0
DA:74,0
DA:79,0
DA:82,0
DA:85,0
DA:86,0
DA:87,0
DA:88,0
DA:89,0
DA:90,0
DA:92,0
DA:94,0
DA:98,0
DA:101,0
DA:102,0
DA:107,0
DA:108,0
DA:109,0
DA:110,0
DA:111,0
DA:113,0
DA:114,0
DA:115,0
DA:116,0
DA:119,0
DA:120,0
DA:121,0
DA:125,0
DA:126,0
DA:127,0
DA:130,0
DA:132,0
DA:133,0
DA:138,0
DA:139,0
DA:141,0
DA:142,0
DA:146,0
DA:154,0
DA:155,0
DA:157,0
DA:158,0
DA:160,0
DA:161,0
DA:163,0
DA:164,0
DA:165,0
DA:166,0
DA:167,0
DA:170,0
DA:171,0
DA:174,0
DA:175,0
DA:176,0
DA:178,0
DA:184,0
DA:185,0
DA:186,0
DA:188,0
DA:189,0
DA:190,0
DA:191,0
DA:192,0
DA:196,0
LF:89
LH:0
BRDA:32,0,0,0
BRDA:32,0,1,0
BRDA:65,1,0,0
BRDA:65,1,1,0
BRDA:68,2,0,0
BRDA:68,2,1,0
BRDA:89,3,0,0
BRDA:89,3,1,0
BRDA:111,4,0,0
BRDA:111,4,1,0
BRDA:111,5,0,0
BRDA:111,5,1,0
BRDA:119,6,0,0
BRDA:119,6,1,0
BRDA:146,7,0,0
BRDA:146,7,1,0
BRDA:160,8,0,0
BRDA:160,8,1,0
BRDA:171,9,0,0
BRDA:171,9,1,0
BRDA:175,10,0,0
BRDA:175,10,1,0
BRDA:185,11,0,0
BRDA:185,11,1,0
BRF:24
BRH:0
end_of_record
TN:
SF:out\scripts\core.js
FN:13,getTheme
FN:19,updateTheme
FN:28,(anonymous_2)
FN:35,toggleTheme
FN:44,(anonymous_4)
FN:64,setAccordionIdToLocalStorage
FN:78,removeAccordionIdFromLocalStorage
FN:93,getAccordionIdsFromLocalStorage
FN:102,toggleAccordion
FN:115,initAccordion
FN:125,(anonymous_10)
FN:126,(anonymous_11)
FN:135,isSourcePage
FN:139,bringElementIntoView
FN:153,(anonymous_14)
FN:176,bringLinkToView
FN:192,bringIdToViewOnMount
FN:216,createAnchorElement
FN:227,addAnchor
FN:237,(anonymous_19)
FN:238,(anonymous_20)
FN:251,copy
FN:262,showTooltip
FN:266,(anonymous_23)
FN:272,copyFunction
FN:291,hideTocOnSourcePage
FN:297,getPreTopBar
FN:323,getPreDiv
FN:331,processAllPre
FN:350,(anonymous_29)
FN:373,highlightAndBringLineIntoView
FN:389,getFontSize
FN:404,updateFontSize
FN:416,(anonymous_33)
FN:433,incrementFont
FN:442,decrementFont
FN:450,fontSizeTooltip
FN:480,initTooltip
FN:522,fixTable
FN:539,hideMobileMenu
FN:555,showMobileMenu
FN:571,onMobileMenuClick
FN:582,initMobileMenu
FN:590,addHrefToSidebarTitle
FN:593,(anonymous_44)
FN:599,onDomContentLoaded
FN:605,(anonymous_46)
FN:614,(anonymous_47)
FN:634,(anonymous_48)
FN:649,(anonymous_49)
FNF:50
FNH:0
FNDA:0,getTheme
FNDA:0,updateTheme
FNDA:0,(anonymous_2)
FNDA:0,toggleTheme
FNDA:0,(anonymous_4)
FNDA:0,setAccordionIdToLocalStorage
FNDA:0,removeAccordionIdFromLocalStorage
FNDA:0,getAccordionIdsFromLocalStorage
FNDA:0,toggleAccordion
FNDA:0,initAccordion
FNDA:0,(anonymous_10)
FNDA:0,(anonymous_11)
FNDA:0,isSourcePage
FNDA:0,bringElementIntoView
FNDA:0,(anonymous_14)
FNDA:0,bringLinkToView
FNDA:0,bringIdToViewOnMount
FNDA:0,createAnchorElement
FNDA:0,addAnchor
FNDA:0,(anonymous_19)
FNDA:0,(anonymous_20)
FNDA:0,copy
FNDA:0,showTooltip
FNDA:0,(anonymous_23)
FNDA:0,copyFunction
FNDA:0,hideTocOnSourcePage
FNDA:0,getPreTopBar
FNDA:0,getPreDiv
FNDA:0,processAllPre
FNDA:0,(anonymous_29)
FNDA:0,highlightAndBringLineIntoView
FNDA:0,getFontSize
FNDA:0,updateFontSize
FNDA:0,(anonymous_33)
FNDA:0,incrementFont
FNDA:0,decrementFont
FNDA:0,fontSizeTooltip
FNDA:0,initTooltip
FNDA:0,fixTable
FNDA:0,hideMobileMenu
FNDA:0,showMobileMenu
FNDA:0,onMobileMenuClick
FNDA:0,initMobileMenu
FNDA:0,addHrefToSidebarTitle
FNDA:0,(anonymous_44)
FNDA:0,onDomContentLoaded
FNDA:0,(anonymous_46)
FNDA:0,(anonymous_47)
FNDA:0,(anonymous_48)
FNDA:0,(anonymous_49)
DA:2,0
DA:3,0
DA:4,0
DA:5,0
DA:7,0
DA:8,0
DA:11,0
DA:14,0
DA:16,0
DA:20,0
DA:21,0
DA:22,0
DA:24,0
DA:25,0
DA:26,0
DA:28,0
DA:29,0
DA:32,0
DA:36,0
DA:37,0
DA:39,0
DA:41,0
DA:44,0
DA:45,0
DA:47,0
DA:49,0
DA:50,0
DA:51,0
DA:54,0
DA:56,0
DA:68,0
DA:70,0
DA:71,0
DA:82,0
DA:84,0
DA:85,0
DA:97,0
DA:99,0
DA:103,0
DA:104,0
DA:106,0
DA:107,0
DA:108,0
DA:110,0
DA:111,0
DA:116,0
DA:120,0
DA:122,0
DA:123,0
DA:125,0
DA:126,0
DA:127,0
DA:129,0
DA:130,0
DA:136,0
DA:141,0
DA:142,0
DA:151,0
DA:153,0
DA:155,0
DA:156,0
DA:157,0
DA:159,0
DA:161,0
DA:162,0
DA:165,0
DA:166,0
DA:169,0
DA:171,0
DA:177,0
DA:178,0
DA:179,0
DA:181,0
DA:182,0
DA:185,0
DA:187,0
DA:188,0
DA:193,0
DA:194,0
DA:198,0
DA:200,0
DA:201,0
DA:204,0
DA:206,0
DA:207,0
DA:208,0
DA:211,0
DA:212,0
DA:217,0
DA:219,0
DA:220,0
DA:221,0
DA:222,0
DA:224,0
DA:228,0
DA:230,0
DA:231,0
DA:232,0
DA:233,0
DA:235,0
DA:237,0
DA:238,0
DA:239,0
DA:241,0
DA:242,0
DA:252,0
DA:253,0
DA:255,0
DA:256,0
DA:257,0
DA:258,0
DA:259,0
DA:263,0
DA:265,0
DA:266,0
DA:267,0
DA:274,0
DA:277,0
DA:279,0
DA:281,0
DA:285,0
DA:288,0
DA:292,0
DA:293,0
DA:299,0
DA:303,0
DA:310,0
DA:315,0
DA:320,0
DA:324,0
DA:326,0
DA:328,0
DA:332,0
DA:333,0
DA:334,0
DA:336,0
DA:337,0
DA:339,0
DA:340,0
DA:343,0
DA:344,0
DA:348,0
DA:350,0
DA:351,0
DA:353,0
DA:354,0
DA:357,0
DA:358,0
DA:360,0
DA:361,0
DA:363,0
DA:365,0
DA:366,0
DA:367,0
DA:368,0
DA:369,0
DA:375,0
DA:377,0
DA:378,0
DA:380,0
DA:382,0
DA:383,0
DA:385,0
DA:390,0
DA:392,0
DA:393,0
DA:398,0
DA:401,0
DA:405,0
DA:406,0
DA:407,0
DA:411,0
DA:412,0
DA:416,0
DA:417,0
DA:418,0
DA:420,0
DA:421,0
DA:423,0
DA:424,0
DA:426,0
DA:428,0
DA:434,0
DA:436,0
DA:437,0
DA:443,0
DA:445,0
DA:446,0
DA:451,0
DA:453,0
DA:483,0
DA:489,0
DA:495,0
DA:501,0
DA:507,0
DA:513,0
DA:523,0
DA:525,0
DA:526,0
DA:528,0
DA:531,0
DA:533,0
DA:534,0
DA:535,0
DA:540,0
DA:541,0
DA:542,0
DA:544,0
DA:545,0
DA:547,0
DA:548,0
DA:550,0
DA:551,0
DA:556,0
DA:557,0
DA:558,0
DA:560,0
DA:561,0
DA:563,0
DA:564,0
DA:566,0
DA:567,0
DA:572,0
DA:573,0
DA:575,0
DA:576,0
DA:578,0
DA:583,0
DA:585,0
DA:586,0
DA:591,0
DA:593,0
DA:595,0
DA:600,0
DA:602,0
DA:604,0
DA:605,0
DA:606,0
DA:613,0
DA:618,0
DA:622,0
DA:624,0
DA:630,0
DA:631,0
DA:632,0
DA:633,0
DA:634,0
DA:635,0
DA:636,0
DA:637,0
DA:640,0
DA:641,0
DA:642,0
DA:646,0
DA:649,0
DA:650,0
DA:652,0
DA:653,0
LF:258
LH:0
BRDA:22,0,0,0
BRDA:22,0,1,0
BRDA:39,1,0,0
BRDA:39,1,1,0
BRDA:49,2,0,0
BRDA:49,2,1,0
BRDA:50,3,0,0
BRDA:50,3,1,0
BRDA:99,4,0,0
BRDA:99,4,1,0
BRDA:106,5,0,0
BRDA:106,5,1,0
BRDA:116,6,0,0
BRDA:116,6,1,0
BRDA:117,7,0,0
BRDA:117,7,1,0
BRDA:129,8,0,0
BRDA:129,8,1,0
BRDA:139,9,0,0
BRDA:141,10,0,0
BRDA:141,10,1,0
BRDA:151,11,0,0
BRDA:151,11,1,0
BRDA:161,12,0,0
BRDA:161,12,1,0
BRDA:165,13,0,0
BRDA:165,13,1,0
BRDA:169,14,0,0
BRDA:169,14,1,0
BRDA:181,15,0,0
BRDA:181,15,1,0
BRDA:187,16,0,0
BRDA:187,16,1,0
BRDA:193,17,0,0
BRDA:193,17,1,0
BRDA:200,18,0,0
BRDA:200,18,1,0
BRDA:206,19,0,0
BRDA:206,19,1,0
BRDA:211,20,0,0
BRDA:211,20,1,0
BRDA:279,21,0,0
BRDA:279,21,1,0
BRDA:292,22,0,0
BRDA:292,22,1,0
BRDA:297,23,0,0
BRDA:339,24,0,0
BRDA:339,24,1,0
BRDA:343,25,0,0
BRDA:343,25,1,0
BRDA:353,26,0,0
BRDA:353,26,1,0
BRDA:353,27,0,0
BRDA:353,27,1,0
BRDA:360,28,0,0
BRDA:360,28,1,0
BRDA:411,29,0,0
BRDA:411,29,1,0
BRDA:420,30,0,0
BRDA:420,30,1,0
BRDA:423,31,0,0
BRDA:423,31,1,0
BRDA:436,32,0,0
BRDA:436,32,1,0
BRDA:445,33,0,0
BRDA:445,33,1,0
BRDA:455,34,0,0
BRDA:455,34,1,0
BRDA:464,35,0,0
BRDA:464,35,1,0
BRDA:526,36,0,0
BRDA:526,36,1,0
BRDA:544,37,0,0
BRDA:544,37,1,0
BRDA:547,38,0,0
BRDA:547,38,1,0
BRDA:550,39,0,0
BRDA:550,39,1,0
BRDA:560,40,0,0
BRDA:560,40,1,0
BRDA:563,41,0,0
BRDA:563,41,1,0
BRDA:566,42,0,0
BRDA:566,42,1,0
BRDA:575,43,0,0
BRDA:575,43,1,0
BRDA:585,44,0,0
BRDA:585,44,1,0
BRDA:604,45,0,0
BRDA:604,45,1,0
BRDA:636,46,0,0
BRDA:636,46,1,0
BRDA:652,47,0,0
BRDA:652,47,1,0
BRF:94
BRH:0
end_of_record
TN:
SF:out\scripts\core.min.js
FN:1,getTheme
FN:1,updateTheme
FN:1,(anonymous_2)
FN:1,toggleTheme
FN:1,setAccordionIdToLocalStorage
FN:1,removeAccordionIdFromLocalStorage
FN:1,getAccordionIdsFromLocalStorage
FN:1,toggleAccordion
FN:1,initAccordion
FN:1,(anonymous_9)
FN:1,(anonymous_10)
FN:1,isSourcePage
FN:1,bringElementIntoView
FN:1,(anonymous_13)
FN:1,bringLinkToView
FN:1,bringIdToViewOnMount
FN:1,createAnchorElement
FN:1,addAnchor
FN:1,(anonymous_18)
FN:1,(anonymous_19)
FN:1,copy
FN:1,showTooltip
FN:1,(anonymous_22)
FN:1,copyFunction
FN:1,hideTocOnSourcePage
FN:1,getPreTopBar
FN:1,getPreDiv
FN:1,processAllPre
FN:1,(anonymous_28)
FN:1,highlightAndBringLineIntoView
FN:1,getFontSize
FN:1,updateFontSize
FN:1,incrementFont
FN:1,decrementFont
FN:1,fontSizeTooltip
FN:23,initTooltip
FN:23,fixTable
FN:23,hideMobileMenu
FN:23,showMobileMenu
FN:23,onMobileMenuClick
FN:23,initMobileMenu
FN:23,addHrefToSidebarTitle
FN:23,(anonymous_42)
FN:23,onDomContentLoaded
FN:23,(anonymous_44)
FN:23,(anonymous_45)
FN:23,(anonymous_46)
FN:23,(anonymous_47)
FN:23,(anonymous_48)
FN:23,(anonymous_49)
FNF:50
FNH:0
FNDA:0,getTheme
FNDA:0,updateTheme
FNDA:0,(anonymous_2)
FNDA:0,toggleTheme
FNDA:0,setAccordionIdToLocalStorage
FNDA:0,removeAccordionIdFromLocalStorage
FNDA:0,getAccordionIdsFromLocalStorage
FNDA:0,toggleAccordion
FNDA:0,initAccordion
FNDA:0,(anonymous_9)
FNDA:0,(anonymous_10)
FNDA:0,isSourcePage
FNDA:0,bringElementIntoView
FNDA:0,(anonymous_13)
FNDA:0,bringLinkToView
FNDA:0,bringIdToViewOnMount
FNDA:0,createAnchorElement
FNDA:0,addAnchor
FNDA:0,(anonymous_18)
FNDA:0,(anonymous_19)
FNDA:0,copy
FNDA:0,showTooltip
FNDA:0,(anonymous_22)
FNDA:0,copyFunction
FNDA:0,hideTocOnSourcePage
FNDA:0,getPreTopBar
FNDA:0,getPreDiv
FNDA:0,processAllPre
FNDA:0,(anonymous_28)
FNDA:0,highlightAndBringLineIntoView
FNDA:0,getFontSize
FNDA:0,updateFontSize
FNDA:0,incrementFont
FNDA:0,decrementFont
FNDA:0,fontSizeTooltip
FNDA:0,initTooltip
FNDA:0,fixTable
FNDA:0,hideMobileMenu
FNDA:0,showMobileMenu
FNDA:0,onMobileMenuClick
FNDA:0,initMobileMenu
FNDA:0,addHrefToSidebarTitle
FNDA:0,(anonymous_42)
FNDA:0,onDomContentLoaded
FNDA:0,(anonymous_44)
FNDA:0,(anonymous_45)
FNDA:0,(anonymous_46)
FNDA:0,(anonymous_47)
FNDA:0,(anonymous_48)
FNDA:0,(anonymous_49)
DA:1,0
DA:23,0
LF:2
LH:0
BRDA:1,0,0,0
BRDA:1,0,1,0
BRDA:1,1,0,0
BRDA:1,1,1,0
BRDA:1,2,0,0
BRDA:1,2,1,0
BRDA:1,3,0,0
BRDA:1,3,1,0
BRDA:1,4,0,0
BRDA:1,4,1,0
BRDA:1,4,2,0
BRDA:1,5,0,0
BRDA:1,5,1,0
BRDA:1,6,0,0
BRDA:1,7,0,0
BRDA:1,7,1,0
BRDA:1,8,0,0
BRDA:1,8,1,0
BRDA:1,9,0,0
BRDA:1,9,1,0
BRDA:1,10,0,0
BRDA:1,10,1,0
BRDA:1,11,0,0
BRDA:1,11,1,0
BRDA:1,12,0,0
BRDA:1,12,1,0
BRDA:1,12,2,0
BRDA:1,13,0,0
BRDA:1,13,1,0
BRDA:1,13,2,0
BRDA:1,14,0,0
BRDA:1,14,1,0
BRDA:1,15,0,0
BRDA:1,15,1,0
BRDA:1,16,0,0
BRDA:1,16,1,0
BRDA:1,17,0,0
BRDA:1,17,1,0
BRDA:1,18,0,0
BRDA:1,19,0,0
BRDA:1,19,1,0
BRDA:1,20,0,0
BRDA:1,20,1,0
BRDA:1,21,0,0
BRDA:1,21,1,0
BRDA:1,21,2,0
BRDA:1,22,0,0
BRDA:1,22,1,0
BRDA:1,23,0,0
BRDA:1,23,1,0
BRDA:1,24,0,0
BRDA:1,24,1,0
BRDA:1,25,0,0
BRDA:1,25,1,0
BRDA:3,26,0,0
BRDA:3,26,1,0
BRDA:11,27,0,0
BRDA:11,27,1,0
BRDA:23,28,0,0
BRDA:23,28,1,0
BRDA:23,29,0,0
BRDA:23,29,1,0
BRDA:23,30,0,0
BRDA:23,30,1,0
BRDA:23,31,0,0
BRDA:23,31,1,0
BRDA:23,32,0,0
BRDA:23,32,1,0
BRDA:23,33,0,0
BRDA:23,33,1,0
BRDA:23,34,0,0
BRDA:23,34,1,0
BRDA:23,35,0,0
BRDA:23,35,1,0
BRDA:23,36,0,0
BRDA:23,36,1,0
BRDA:23,37,0,0
BRDA:23,37,1,0
BRDA:23,38,0,0
BRDA:23,38,1,0
BRDA:23,39,0,0
BRDA:23,39,1,0
BRDA:23,40,0,0
BRDA:23,40,1,0
BRDA:23,41,0,0
BRDA:23,41,1,0
BRDA:23,42,0,0
BRDA:23,42,1,0
BRDA:23,43,0,0
BRDA:23,43,1,0
BRF:90
BRH:0
end_of_record
TN:
SF:out\scripts\linenumber.js
FN:2,(anonymous_0)
FNF:1
FNH:0
FNDA:0,(anonymous_0)
DA:2,0
DA:3,0
DA:4,0
DA:5,0
DA:11,0
DA:12,0
DA:13,0
DA:14,0
DA:16,0
DA:17,0
DA:18,0
DA:19,0
DA:20,0
DA:21,0
LF:14
LH:0
BRDA:11,0,0,0
BRDA:11,0,1,0
BRDA:11,1,0,0
BRDA:11,1,1,0
BRDA:20,2,0,0
BRDA:20,2,1,0
BRF:6
BRH:0
end_of_record
TN:
SF:out\scripts\resize.js
FN:6,(anonymous_0)
FN:29,resizeNavbar
FN:56,setupEventListeners
FN:63,afterRemovingEventListeners
FN:73,removeEventListeners
FN:88,setupResizeOptions
FNF:6
FNH:0
FNDA:0,(anonymous_0)
FNDA:0,resizeNavbar
FNDA:0,setupEventListeners
FNDA:0,afterRemovingEventListeners
FNDA:0,removeEventListeners
FNDA:0,setupResizeOptions
DA:4,0
DA:6,0
DA:7,0
DA:9,0
DA:10,0
DA:11,0
DA:12,0
DA:21,0
DA:22,0
DA:23,0
DA:24,0
DA:27,0
DA:30,0
DA:31,0
DA:32,0
DA:33,0
DA:41,0
DA:42,0
DA:49,0
DA:50,0
DA:51,0
DA:52,0
DA:58,0
DA:60,0
DA:65,0
DA:75,0
DA:77,0
DA:78,0
DA:81,0
DA:82,0
DA:84,0
DA:89,0
LF:32
LH:0
BRDA:21,0,0,0
BRDA:21,0,1,0
BRDA:32,1,0,0
BRDA:32,1,1,0
BRDA:33,2,0,0
BRDA:33,2,1,0
BRDA:41,3,0,0
BRDA:41,3,1,0
BRDA:49,4,0,0
BRDA:49,4,1,0
BRDA:49,5,0,0
BRDA:49,5,1,0
BRF:12
BRH:0
end_of_record
TN:
SF:out\scripts\search.js
FN:11,showResultText
FN:15,hideSearch
FN:30,listenCloseKey
FN:38,showSearch
FN:69,fetchAllData
FN:84,onClickSearchItem
FN:98,(anonymous_6)
FN:106,buildSearchResult
FN:128,getSearchResult
FN:156,debounce
FN:159,(anonymous_10)
FN:163,(anonymous_11)
FN:180,search
FN:222,onDomContentLoaded
FN:231,(anonymous_14)
FN:241,(anonymous_15)
FN:260,(anonymous_16)
FNF:17
FNH:0
FNDA:0,showResultText
FNDA:0,hideSearch
FNDA:0,listenCloseKey
FNDA:0,showSearch
FNDA:0,fetchAllData
FNDA:0,onClickSearchItem
FNDA:0,(anonymous_6)
FNDA:0,buildSearchResult
FNDA:0,getSearchResult
FNDA:0,debounce
FNDA:0,(anonymous_10)
FNDA:0,(anonymous_11)
FNDA:0,search
FNDA:0,onDomContentLoaded
FNDA:0,(anonymous_14)
FNDA:0,(anonymous_15)
FNDA:0,(anonymous_16)
DA:3,0
DA:4,0
DA:5,0
DA:6,0
DA:7,0
DA:8,0
DA:9,0
DA:12,0
DA:17,0
DA:19,0
DA:23,0
DA:25,0
DA:26,0
DA:31,0
DA:32,0
DA:34,0
DA:39,0
DA:44,0
DA:46,0
DA:50,0
DA:53,0
DA:55,0
DA:58,0
DA:59,0
DA:61,0
DA:64,0
DA:65,0
DA:71,0
DA:74,0
DA:76,0
DA:77,0
DA:78,0
DA:80,0
DA:85,0
DA:87,0
DA:88,0
DA:89,0
DA:90,0
DA:92,0
DA:93,0
DA:94,0
DA:97,0
DA:98,0
DA:100,0
DA:107,0
DA:108,0
DA:110,0
DA:111,0
DA:113,0
DA:114,0
DA:115,0
DA:117,0
DA:125,0
DA:129,0
DA:139,0
DA:142,0
DA:145,0
DA:147,0
DA:149,0
DA:150,0
DA:153,0
DA:159,0
DA:160,0
DA:162,0
DA:163,0
DA:164,0
DA:165,0
DA:167,0
DA:171,0
DA:173,0
DA:181,0
DA:182,0
DA:184,0
DA:185,0
DA:187,0
DA:190,0
DA:191,0
DA:193,0
DA:196,0
DA:197,0
DA:199,0
DA:201,0
DA:203,0
DA:204,0
DA:206,0
DA:210,0
DA:212,0
DA:213,0
DA:215,0
DA:219,0
DA:223,0
DA:224,0
DA:226,0
DA:227,0
DA:230,0
DA:231,0
DA:232,0
DA:236,0
DA:237,0
DA:240,0
DA:241,0
DA:242,0
DA:246,0
DA:247,0
DA:251,0
DA:252,0
DA:257,0
DA:260,0
DA:262,0
DA:263,0
LF:110
LH:0
BRDA:17,0,0,0
BRDA:17,0,1,0
BRDA:25,1,0,0
BRDA:25,1,1,0
BRDA:31,2,0,0
BRDA:31,2,1,0
BRDA:53,3,0,0
BRDA:53,3,1,0
BRDA:58,4,0,0
BRDA:58,4,1,0
BRDA:64,5,0,0
BRDA:64,5,1,0
BRDA:74,6,0,0
BRDA:74,6,1,0
BRDA:87,7,0,0
BRDA:87,7,1,0
BRDA:88,8,0,0
BRDA:88,8,1,0
BRDA:89,9,0,0
BRDA:89,9,1,0
BRDA:92,10,0,0
BRDA:92,10,1,0
BRDA:97,11,0,0
BRDA:97,11,1,0
BRDA:111,12,0,0
BRDA:111,13,0,0
BRDA:120,14,0,0
BRDA:120,14,1,0
BRDA:149,15,0,0
BRDA:149,15,1,0
BRDA:165,16,0,0
BRDA:165,16,1,0
BRDA:171,17,0,0
BRDA:171,17,1,0
BRDA:171,18,0,0
BRDA:171,18,1,0
BRDA:184,19,0,0
BRDA:184,19,1,0
BRDA:190,20,0,0
BRDA:190,20,1,0
BRDA:196,21,0,0
BRDA:196,21,1,0
BRDA:212,22,0,0
BRDA:212,22,1,0
BRDA:226,23,0,0
BRDA:226,23,1,0
BRDA:230,24,0,0
BRDA:230,24,1,0
BRDA:236,25,0,0
BRDA:236,25,1,0
BRDA:240,26,0,0
BRDA:240,26,1,0
BRDA:246,27,0,0
BRDA:246,27,1,0
BRDA:251,28,0,0
BRDA:251,28,1,0
BRDA:262,29,0,0
BRDA:262,29,1,0
BRF:58
BRH:0
end_of_record
TN:
SF:out\scripts\search.min.js
FN:1,showResultText
FN:1,hideSearch
FN:1,listenCloseKey
FN:1,showSearch
FN:1,fetchAllData
FN:1,onClickSearchItem
FN:1,(anonymous_6)
FN:1,buildSearchResult
FN:6,getSearchResult
FN:6,debounce
FN:6,(anonymous_10)
FN:6,(anonymous_11)
FN:6,search
FN:6,onDomContentLoaded
FN:6,(anonymous_14)
FN:6,(anonymous_15)
FN:6,(anonymous_16)
FNF:17
FNH:0
FNDA:0,showResultText
FNDA:0,hideSearch
FNDA:0,listenCloseKey
FNDA:0,showSearch
FNDA:0,fetchAllData
FNDA:0,onClickSearchItem
FNDA:0,(anonymous_6)
FNDA:0,buildSearchResult
FNDA:0,getSearchResult
FNDA:0,debounce
FNDA:0,(anonymous_10)
FNDA:0,(anonymous_11)
FNDA:0,search
FNDA:0,onDomContentLoaded
FNDA:0,(anonymous_14)
FNDA:0,(anonymous_15)
FNDA:0,(anonymous_16)
DA:1,0
DA:6,0
LF:2
LH:0
BRDA:1,0,0,0
BRDA:1,0,1,0
BRDA:1,1,0,0
BRDA:1,1,1,0
BRDA:1,2,0,0
BRDA:1,2,1,0
BRDA:1,3,0,0
BRDA:1,3,1,0
BRDA:1,4,0,0
BRDA:1,4,1,0
BRDA:1,5,0,0
BRDA:1,5,1,0
BRDA:1,6,0,0
BRDA:1,6,1,0
BRDA:1,7,0,0
BRDA:1,7,1,0
BRDA:1,8,0,0
BRDA:1,8,1,0
BRDA:1,9,0,0
BRDA:1,9,1,0
BRDA:1,10,0,0
BRDA:1,10,1,0
BRDA:1,11,0,0
BRDA:1,11,1,0
BRDA:1,12,0,0
BRDA:1,13,0,0
BRDA:4,14,0,0
BRDA:4,14,1,0
BRDA:6,15,0,0
BRDA:6,15,1,0
BRDA:6,16,0,0
BRDA:6,16,1,0
BRDA:6,17,0,0
BRDA:6,17,1,0
BRDA:6,17,2,0
BRDA:6,18,0,0
BRDA:6,18,1,0
BRDA:6,19,0,0
BRDA:6,19,1,0
BRDA:6,20,0,0
BRDA:6,20,1,0
BRDA:6,21,0,0
BRDA:6,21,1,0
BRDA:6,22,0,0
BRDA:6,22,1,0
BRDA:6,23,0,0
BRDA:6,23,1,0
BRDA:6,24,0,0
BRDA:6,24,1,0
BRDA:6,25,0,0
BRDA:6,25,1,0
BRDA:6,26,0,0
BRDA:6,26,1,0
BRDA:6,27,0,0
BRDA:6,27,1,0
BRDA:6,28,0,0
BRDA:6,28,1,0
BRF:57
BRH:0
end_of_record
TN:
SF:out\scripts\prettify\lang-css.js
FNF:0
FNH:0
DA:1,0
DA:2,0
LF:2
LH:0
BRF:0
BRH:0
end_of_record
TN:
SF:out\scripts\prettify\prettify.js
FN:2,(anonymous_0)
FN:2,L
FN:2,m
FN:2,e
FN:2,h
FN:3,(anonymous_5)
FN:4,y
FN:5,(anonymous_7)
FN:6,M
FN:6,m
FN:7,B
FN:7,x
FN:7,e
FN:8,(anonymous_13)
FN:9,u
FN:12,D
FN:12,e
FN:13,h
FN:13,b
FN:15,k
FN:15,C
FN:15,E
FN:25,(anonymous_22)
FN:25,(anonymous_23)
FN:25,m
FN:27,(anonymous_25)
FNF:26
FNH:0
FNDA:0,(anonymous_0)
FNDA:0,L
FNDA:0,m
FNDA:0,e
FNDA:0,h
FNDA:0,(anonymous_5)
FNDA:0,y
FNDA:0,(anonymous_7)
FNDA:0,M
FNDA:0,m
FNDA:0,B
FNDA:0,x
FNDA:0,e
FNDA:0,(anonymous_13)
FNDA:0,u
FNDA:0,D
FNDA:0,e
FNDA:0,h
FNDA:0,b
FNDA:0,k
FNDA:0,C
FNDA:0,E
FNDA:0,(anonymous_22)
FNDA:0,(anonymous_23)
FNDA:0,m
FNDA:0,(anonymous_25)
DA:1,0
DA:2,0
DA:3,0
DA:4,0
DA:5,0
DA:6,0
DA:7,0
DA:8,0
DA:9,0
DA:10,0
DA:11,0
DA:12,0
DA:13,0
DA:14,0
DA:15,0
DA:16,0
DA:17,0
DA:18,0
DA:19,0
DA:20,0
DA:21,0
DA:22,0
DA:23,0
DA:24,0
DA:25,0
DA:26,0
DA:27,0
LF:27
LH:0
BRDA:2,0,0,0
BRDA:2,0,1,0
BRDA:2,1,0,0
BRDA:2,1,1,0
BRDA:2,2,0,0
BRDA:2,2,1,0
BRDA:2,3,0,0
BRDA:2,3,1,0
BRDA:2,4,0,0
BRDA:2,4,1,0
BRDA:2,5,0,0
BRDA:2,5,1,0
BRDA:2,6,0,0
BRDA:2,6,1,0
BRDA:2,7,0,0
BRDA:2,7,1,0
BRDA:2,8,0,0
BRDA:2,8,1,0
BRDA:2,9,0,0
BRDA:2,9,1,0
BRDA:2,9,2,0
BRDA:2,9,3,0
BRDA:3,10,0,0
BRDA:3,10,1,0
BRDA:3,11,0,0
BRDA:3,11,1,0
BRDA:3,12,0,0
BRDA:3,12,1,0
BRDA:3,13,0,0
BRDA:3,13,1,0
BRDA:3,14,0,0
BRDA:3,14,1,0
BRDA:3,14,2,0
BRDA:3,15,0,0
BRDA:3,15,1,0
BRDA:3,15,2,0
BRDA:3,16,0,0
BRDA:3,16,1,0
BRDA:3,16,2,0
BRDA:3,17,0,0
BRDA:3,17,1,0
BRDA:3,18,0,0
BRDA:3,18,1,0
BRDA:3,19,0,0
BRDA:3,19,1,0
BRDA:4,20,0,0
BRDA:4,20,1,0
BRDA:4,21,0,0
BRDA:4,21,1,0
BRDA:4,22,0,0
BRDA:4,22,1,0
BRDA:4,23,0,0
BRDA:4,23,1,0
BRDA:4,23,2,0
BRDA:4,23,3,0
BRDA:4,24,0,0
BRDA:4,24,1,0
BRDA:4,25,0,0
BRDA:4,25,1,0
BRDA:4,26,0,0
BRDA:4,26,1,0
BRDA:4,27,0,0
BRDA:4,27,1,0
BRDA:4,27,2,0
BRDA:4,27,3,0
BRDA:5,28,0,0
BRDA:5,28,1,0
BRDA:5,28,2,0
BRDA:5,29,0,0
BRDA:5,29,1,0
BRDA:5,30,0,0
BRDA:5,30,1,0
BRDA:5,31,0,0
BRDA:5,31,1,0
BRDA:5,32,0,0
BRDA:5,32,1,0
BRDA:5,33,0,0
BRDA:5,33,1,0
BRDA:5,34,0,0
BRDA:5,34,1,0
BRDA:5,35,0,0
BRDA:5,35,1,0
BRDA:6,36,0,0
BRDA:6,36,1,0
BRDA:6,37,0,0
BRDA:6,37,1,0
BRDA:6,38,0,0
BRDA:6,38,1,0
BRDA:6,39,0,0
BRDA:6,39,1,0
BRDA:6,39,2,0
BRDA:6,40,0,0
BRDA:6,40,1,0
BRDA:6,41,0,0
BRDA:6,41,1,0
BRDA:6,42,0,0
BRDA:6,42,1,0
BRDA:6,43,0,0
BRDA:6,43,1,0
BRDA:6,44,0,0
BRDA:6,44,1,0
BRDA:7,45,0,0
BRDA:7,45,1,0
BRDA:7,46,0,0
BRDA:7,46,1,0
BRDA:7,47,0,0
BRDA:7,47,1,0
BRDA:7,48,0,0
BRDA:7,48,1,0
BRDA:7,49,0,0
BRDA:7,49,1,0
BRDA:7,50,0,0
BRDA:7,50,1,0
BRDA:8,51,0,0
BRDA:8,51,1,0
BRDA:8,52,0,0
BRDA:8,52,1,0
BRDA:8,53,0,0
BRDA:8,53,1,0
BRDA:8,54,0,0
BRDA:8,54,1,0
BRDA:8,55,0,0
BRDA:8,55,1,0
BRDA:8,56,0,0
BRDA:8,56,1,0
BRDA:8,57,0,0
BRDA:8,57,1,0
BRDA:8,58,0,0
BRDA:8,58,1,0
BRDA:8,59,0,0
BRDA:8,59,1,0
BRDA:8,60,0,0
BRDA:8,60,1,0
BRDA:9,61,0,0
BRDA:9,61,1,0
BRDA:9,62,0,0
BRDA:9,62,1,0
BRDA:9,63,0,0
BRDA:9,63,1,0
BRDA:9,64,0,0
BRDA:9,64,1,0
BRDA:10,65,0,0
BRDA:10,65,1,0
BRDA:10,66,0,0
BRDA:10,66,1,0
BRDA:10,67,0,0
BRDA:10,67,1,0
BRDA:10,68,0,0
BRDA:10,68,1,0
BRDA:11,69,0,0
BRDA:11,69,1,0
BRDA:11,70,0,0
BRDA:11,70,1,0
BRDA:11,71,0,0
BRDA:11,71,1,0
BRDA:12,72,0,0
BRDA:12,72,1,0
BRDA:12,73,0,0
BRDA:12,73,1,0
BRDA:12,73,2,0
BRDA:12,74,0,0
BRDA:12,74,1,0
BRDA:12,75,0,0
BRDA:12,75,1,0
BRDA:13,76,0,0
BRDA:13,76,1,0
BRDA:13,77,0,0
BRDA:13,77,1,0
BRDA:13,78,0,0
BRDA:13,78,1,0
BRDA:13,79,0,0
BRDA:13,79,1,0
BRDA:13,80,0,0
BRDA:13,80,1,0
BRDA:13,81,0,0
BRDA:13,81,1,0
BRDA:13,82,0,0
BRDA:13,82,1,0
BRDA:14,83,0,0
BRDA:14,83,1,0
BRDA:14,84,0,0
BRDA:14,84,1,0
BRDA:14,85,0,0
BRDA:14,85,1,0
BRDA:14,86,0,0
BRDA:14,86,1,0
BRDA:14,87,0,0
BRDA:14,87,1,0
BRDA:14,88,0,0
BRDA:14,88,1,0
BRDA:15,89,0,0
BRDA:15,89,1,0
BRDA:15,90,0,0
BRDA:15,90,1,0
BRDA:15,91,0,0
BRDA:15,91,1,0
BRDA:15,92,0,0
BRDA:15,92,1,0
BRDA:15,93,0,0
BRDA:15,93,1,0
BRDA:15,94,0,0
BRDA:15,94,1,0
BRDA:15,95,0,0
BRDA:15,95,1,0
BRDA:16,96,0,0
BRDA:16,96,1,0
BRDA:16,97,0,0
BRDA:16,97,1,0
BRDA:16,98,0,0
BRDA:16,98,1,0
BRDA:16,99,0,0
BRDA:16,99,1,0
BRDA:16,100,0,0
BRDA:16,100,1,0
BRDA:16,101,0,0
BRDA:16,101,1,0
BRDA:16,102,0,0
BRDA:16,102,1,0
BRDA:17,103,0,0
BRDA:17,103,1,0
BRDA:17,104,0,0
BRDA:17,104,1,0
BRDA:17,105,0,0
BRDA:17,105,1,0
BRDA:17,106,0,0
BRDA:17,106,1,0
BRDA:17,107,0,0
BRDA:17,107,1,0
BRDA:17,108,0,0
BRDA:17,108,1,0
BRDA:25,109,0,0
BRDA:25,109,1,0
BRDA:25,110,0,0
BRDA:25,110,1,0
BRDA:25,111,0,0
BRDA:25,111,1,0
BRDA:25,112,0,0
BRDA:25,112,1,0
BRDA:25,113,0,0
BRDA:25,113,1,0
BRDA:26,114,0,0
BRDA:26,114,1,0
BRDA:26,115,0,0
BRDA:26,115,1,0
BRDA:26,116,0,0
BRDA:26,116,1,0
BRDA:26,117,0,0
BRDA:26,117,1,0
BRDA:26,118,0,0
BRDA:26,118,1,0
BRDA:26,119,0,0
BRDA:26,119,1,0
BRDA:26,120,0,0
BRDA:26,120,1,0
BRDA:26,121,0,0
BRDA:26,121,1,0
BRDA:26,122,0,0
BRDA:26,122,1,0
BRDA:26,123,0,0
BRDA:26,123,1,0
BRDA:26,123,2,0
BRDA:26,123,3,0
BRDA:26,123,4,0
BRDA:26,124,0,0
BRDA:26,124,1,0
BRDA:26,125,0,0
BRDA:26,125,1,0
BRDA:26,126,0,0
BRDA:26,126,1,0
BRDA:26,127,0,0
BRDA:26,127,1,0
BRDA:26,128,0,0
BRDA:26,128,1,0
BRDA:26,129,0,0
BRDA:26,129,1,0
BRDA:27,130,0,0
BRDA:27,130,1,0
BRDA:27,131,0,0
BRDA:27,131,1,0
BRF:279
BRH:0
end_of_record
TN:
SF:out\scripts\third-party\fuse.js
FN:9,(anonymous_0)
FN:9,e
FN:9,(anonymous_2)
FN:9,(anonymous_3)
FN:9,t
FN:9,n
FN:9,r
FN:9,i
FN:9,o
FN:9,(anonymous_9)
FN:9,c
FN:9,(anonymous_11)
FN:9,(anonymous_12)
FN:9,a
FN:9,s
FN:9,(anonymous_15)
FN:9,u
FN:9,(anonymous_17)
FN:9,h
FN:9,(anonymous_19)
FN:9,f
FN:9,(anonymous_21)
FN:9,(anonymous_22)
FN:9,(anonymous_23)
FN:9,l
FN:9,(anonymous_25)
FN:9,(anonymous_26)
FN:9,(anonymous_27)
FN:9,(anonymous_28)
FN:9,d
FN:9,v
FN:9,g
FN:9,y
FN:9,p
FN:9,(anonymous_34)
FN:9,m
FN:9,k
FN:9,M
FN:9,b
FN:9,(anonymous_39)
FN:9,(anonymous_40)
FN:9,(anonymous_41)
FN:9,e
FN:9,(anonymous_43)
FN:9,(anonymous_44)
FN:9,(anonymous_45)
FN:9,(anonymous_46)
FN:9,(anonymous_47)
FN:9,_
FN:9,(anonymous_49)
FN:9,(anonymous_50)
FN:9,O
FN:9,j
FN:9,(anonymous_53)
FN:9,(anonymous_54)
FN:9,e
FN:9,(anonymous_56)
FN:9,(anonymous_57)
FN:9,C
FN:9,(anonymous_59)
FN:9,(anonymous_60)
FN:9,(anonymous_61)
FN:9,e
FN:9,(anonymous_63)
FN:9,(anonymous_64)
FN:9,(anonymous_65)
FN:9,(anonymous_66)
FN:9,(anonymous_67)
FN:9,(anonymous_68)
FN:9,(anonymous_69)
FN:9,(anonymous_70)
FN:9,(anonymous_71)
FN:9,(anonymous_72)
FN:9,(anonymous_73)
FN:9,(anonymous_74)
FN:9,(anonymous_75)
FN:9,(anonymous_76)
FN:9,(anonymous_77)
FN:9,(anonymous_78)
FN:9,(anonymous_79)
FN:9,$
FN:9,R
FN:9,F
FN:9,P
FN:9,(anonymous_84)
FN:9,e
FN:9,(anonymous_86)
FN:9,(anonymous_87)
FN:9,(anonymous_88)
FN:9,(anonymous_89)
FN:9,(anonymous_90)
FN:9,e
FN:9,(anonymous_92)
FN:9,(anonymous_93)
FN:9,(anonymous_94)
FN:9,z
FN:9,(anonymous_96)
FN:9,i
FN:9,(anonymous_98)
FN:9,(anonymous_99)
FN:9,(anonymous_100)
FN:9,(anonymous_101)
FN:9,(anonymous_102)
FN:9,i
FN:9,(anonymous_104)
FN:9,(anonymous_105)
FN:9,(anonymous_106)
FN:9,(anonymous_107)
FN:9,(anonymous_108)
FN:9,i
FN:9,(anonymous_110)
FN:9,(anonymous_111)
FN:9,(anonymous_112)
FN:9,(anonymous_113)
FN:9,(anonymous_114)
FN:9,i
FN:9,(anonymous_116)
FN:9,(anonymous_117)
FN:9,(anonymous_118)
FN:9,(anonymous_119)
FN:9,(anonymous_120)
FN:9,i
FN:9,(anonymous_122)
FN:9,(anonymous_123)
FN:9,(anonymous_124)
FN:9,(anonymous_125)
FN:9,(anonymous_126)
FN:9,i
FN:9,(anonymous_128)
FN:9,(anonymous_129)
FN:9,(anonymous_130)
FN:9,(anonymous_131)
FN:9,(anonymous_132)
FN:9,i
FN:9,(anonymous_134)
FN:9,(anonymous_135)
FN:9,(anonymous_136)
FN:9,(anonymous_137)
FN:9,(anonymous_138)
FN:9,i
FN:9,(anonymous_140)
FN:9,(anonymous_141)
FN:9,(anonymous_142)
FN:9,(anonymous_143)
FN:9,X
FN:9,(anonymous_145)
FN:9,(anonymous_146)
FN:9,(anonymous_147)
FN:9,e
FN:9,(anonymous_149)
FN:9,(anonymous_150)
FN:9,te
FN:9,(anonymous_152)
FN:9,(anonymous_153)
FN:9,(anonymous_154)
FN:9,(anonymous_155)
FN:9,(anonymous_156)
FN:9,he
FN:9,(anonymous_158)
FN:9,(anonymous_159)
FN:9,fe
FN:9,(anonymous_161)
FN:9,le
FN:9,de
FN:9,(anonymous_164)
FN:9,(anonymous_165)
FN:9,(anonymous_166)
FN:9,e
FN:9,(anonymous_168)
FN:9,(anonymous_169)
FN:9,(anonymous_170)
FN:9,(anonymous_171)
FN:9,(anonymous_172)
FN:9,(anonymous_173)
FN:9,(anonymous_174)
FN:9,(anonymous_175)
FN:9,(anonymous_176)
FN:9,(anonymous_177)
FN:9,(anonymous_178)
FN:9,e
FN:9,(anonymous_180)
FN:9,(anonymous_181)
FN:9,(anonymous_182)
FN:9,e
FN:9,(anonymous_184)
FN:9,(anonymous_185)
FN:9,(anonymous_186)
FN:9,(anonymous_187)
FN:9,(anonymous_188)
FN:9,(anonymous_189)
FN:9,(anonymous_190)
FN:9,(anonymous_191)
FNF:192
FNH:0
FNDA:0,(anonymous_0)
FNDA:0,e
FNDA:0,(anonymous_2)
FNDA:0,(anonymous_3)
FNDA:0,t
FNDA:0,n
FNDA:0,r
FNDA:0,i
FNDA:0,o
FNDA:0,(anonymous_9)
FNDA:0,c
FNDA:0,(anonymous_11)
FNDA:0,(anonymous_12)
FNDA:0,a
FNDA:0,s
FNDA:0,(anonymous_15)
FNDA:0,u
FNDA:0,(anonymous_17)
FNDA:0,h
FNDA:0,(anonymous_19)
FNDA:0,f
FNDA:0,(anonymous_21)
FNDA:0,(anonymous_22)
FNDA:0,(anonymous_23)
FNDA:0,l
FNDA:0,(anonymous_25)
FNDA:0,(anonymous_26)
FNDA:0,(anonymous_27)
FNDA:0,(anonymous_28)
FNDA:0,d
FNDA:0,v
FNDA:0,g
FNDA:0,y
FNDA:0,p
FNDA:0,(anonymous_34)
FNDA:0,m
FNDA:0,k
FNDA:0,M
FNDA:0,b
FNDA:0,(anonymous_39)
FNDA:0,(anonymous_40)
FNDA:0,(anonymous_41)
FNDA:0,e
FNDA:0,(anonymous_43)
FNDA:0,(anonymous_44)
FNDA:0,(anonymous_45)
FNDA:0,(anonymous_46)
FNDA:0,(anonymous_47)
FNDA:0,_
FNDA:0,(anonymous_49)
FNDA:0,(anonymous_50)
FNDA:0,O
FNDA:0,j
FNDA:0,(anonymous_53)
FNDA:0,(anonymous_54)
FNDA:0,e
FNDA:0,(anonymous_56)
FNDA:0,(anonymous_57)
FNDA:0,C
FNDA:0,(anonymous_59)
FNDA:0,(anonymous_60)
FNDA:0,(anonymous_61)
FNDA:0,e
FNDA:0,(anonymous_63)
FNDA:0,(anonymous_64)
FNDA:0,(anonymous_65)
FNDA:0,(anonymous_66)
FNDA:0,(anonymous_67)
FNDA:0,(anonymous_68)
FNDA:0,(anonymous_69)
FNDA:0,(anonymous_70)
FNDA:0,(anonymous_71)
FNDA:0,(anonymous_72)
FNDA:0,(anonymous_73)
FNDA:0,(anonymous_74)
FNDA:0,(anonymous_75)
FNDA:0,(anonymous_76)
FNDA:0,(anonymous_77)
FNDA:0,(anonymous_78)
FNDA:0,(anonymous_79)
FNDA:0,$
FNDA:0,R
FNDA:0,F
FNDA:0,P
FNDA:0,(anonymous_84)
FNDA:0,e
FNDA:0,(anonymous_86)
FNDA:0,(anonymous_87)
FNDA:0,(anonymous_88)
FNDA:0,(anonymous_89)
FNDA:0,(anonymous_90)
FNDA:0,e
FNDA:0,(anonymous_92)
FNDA:0,(anonymous_93)
FNDA:0,(anonymous_94)
FNDA:0,z
FNDA:0,(anonymous_96)
FNDA:0,i
FNDA:0,(anonymous_98)
FNDA:0,(anonymous_99)
FNDA:0,(anonymous_100)
FNDA:0,(anonymous_101)
FNDA:0,(anonymous_102)
FNDA:0,i
FNDA:0,(anonymous_104)
FNDA:0,(anonymous_105)
FNDA:0,(anonymous_106)
FNDA:0,(anonymous_107)
FNDA:0,(anonymous_108)
FNDA:0,i
FNDA:0,(anonymous_110)
FNDA:0,(anonymous_111)
FNDA:0,(anonymous_112)
FNDA:0,(anonymous_113)
FNDA:0,(anonymous_114)
FNDA:0,i
FNDA:0,(anonymous_116)
FNDA:0,(anonymous_117)
FNDA:0,(anonymous_118)
FNDA:0,(anonymous_119)
FNDA:0,(anonymous_120)
FNDA:0,i
FNDA:0,(anonymous_122)
FNDA:0,(anonymous_123)
FNDA:0,(anonymous_124)
FNDA:0,(anonymous_125)
FNDA:0,(anonymous_126)
FNDA:0,i
FNDA:0,(anonymous_128)
FNDA:0,(anonymous_129)
FNDA:0,(anonymous_130)
FNDA:0,(anonymous_131)
FNDA:0,(anonymous_132)
FNDA:0,i
FNDA:0,(anonymous_134)
FNDA:0,(anonymous_135)
FNDA:0,(anonymous_136)
FNDA:0,(anonymous_137)
FNDA:0,(anonymous_138)
FNDA:0,i
FNDA:0,(anonymous_140)
FNDA:0,(anonymous_141)
FNDA:0,(anonymous_142)
FNDA:0,(anonymous_143)
FNDA:0,X
FNDA:0,(anonymous_145)
FNDA:0,(anonymous_146)
FNDA:0,(anonymous_147)
FNDA:0,e
FNDA:0,(anonymous_149)
FNDA:0,(anonymous_150)
FNDA:0,te
FNDA:0,(anonymous_152)
FNDA:0,(anonymous_153)
FNDA:0,(anonymous_154)
FNDA:0,(anonymous_155)
FNDA:0,(anonymous_156)
FNDA:0,he
FNDA:0,(anonymous_158)
FNDA:0,(anonymous_159)
FNDA:0,fe
FNDA:0,(anonymous_161)
FNDA:0,le
FNDA:0,de
FNDA:0,(anonymous_164)
FNDA:0,(anonymous_165)
FNDA:0,(anonymous_166)
FNDA:0,e
FNDA:0,(anonymous_168)
FNDA:0,(anonymous_169)
FNDA:0,(anonymous_170)
FNDA:0,(anonymous_171)
FNDA:0,(anonymous_172)
FNDA:0,(anonymous_173)
FNDA:0,(anonymous_174)
FNDA:0,(anonymous_175)
FNDA:0,(anonymous_176)
FNDA:0,(anonymous_177)
FNDA:0,(anonymous_178)
FNDA:0,e
FNDA:0,(anonymous_180)
FNDA:0,(anonymous_181)
FNDA:0,(anonymous_182)
FNDA:0,e
FNDA:0,(anonymous_184)
FNDA:0,(anonymous_185)
FNDA:0,(anonymous_186)
FNDA:0,(anonymous_187)
FNDA:0,(anonymous_188)
FNDA:0,(anonymous_189)
FNDA:0,(anonymous_190)
FNDA:0,(anonymous_191)
DA:9,0
LF:1
LH:0
BRDA:9,0,0,0
BRDA:9,0,1,0
BRDA:9,1,0,0
BRDA:9,1,1,0
BRDA:9,2,0,0
BRDA:9,2,1,0
BRDA:9,3,0,0
BRDA:9,3,1,0
BRDA:9,3,2,0
BRDA:9,3,3,0
BRDA:9,4,0,0
BRDA:9,4,1,0
BRDA:9,5,0,0
BRDA:9,5,1,0
BRDA:9,6,0,0
BRDA:9,6,1,0
BRDA:9,7,0,0
BRDA:9,7,1,0
BRDA:9,8,0,0
BRDA:9,8,1,0
BRDA:9,9,0,0
BRDA:9,9,1,0
BRDA:9,10,0,0
BRDA:9,10,1,0
BRDA:9,11,0,0
BRDA:9,11,1,0
BRDA:9,12,0,0
BRDA:9,12,1,0
BRDA:9,13,0,0
BRDA:9,13,1,0
BRDA:9,14,0,0
BRDA:9,14,1,0
BRDA:9,15,0,0
BRDA:9,15,1,0
BRDA:9,16,0,0
BRDA:9,16,1,0
BRDA:9,17,0,0
BRDA:9,17,1,0
BRDA:9,18,0,0
BRDA:9,18,1,0
BRDA:9,19,0,0
BRDA:9,19,1,0
BRDA:9,20,0,0
BRDA:9,20,1,0
BRDA:9,21,0,0
BRDA:9,21,1,0
BRDA:9,22,0,0
BRDA:9,22,1,0
BRDA:9,23,0,0
BRDA:9,23,1,0
BRDA:9,23,2,0
BRDA:9,24,0,0
BRDA:9,24,1,0
BRDA:9,25,0,0
BRDA:9,25,1,0
BRDA:9,26,0,0
BRDA:9,26,1,0
BRDA:9,27,0,0
BRDA:9,27,1,0
BRDA:9,28,0,0
BRDA:9,28,1,0
BRDA:9,29,0,0
BRDA:9,29,1,0
BRDA:9,30,0,0
BRDA:9,30,1,0
BRDA:9,30,2,0
BRDA:9,30,3,0
BRDA:9,31,0,0
BRDA:9,31,1,0
BRDA:9,32,0,0
BRDA:9,32,1,0
BRDA:9,33,0,0
BRDA:9,33,1,0
BRDA:9,34,0,0
BRDA:9,34,1,0
BRDA:9,35,0,0
BRDA:9,35,1,0
BRDA:9,36,0,0
BRDA:9,36,1,0
BRDA:9,36,2,0
BRDA:9,37,0,0
BRDA:9,37,1,0
BRDA:9,38,0,0
BRDA:9,38,1,0
BRDA:9,39,0,0
BRDA:9,39,1,0
BRDA:9,40,0,0
BRDA:9,40,1,0
BRDA:9,41,0,0
BRDA:9,41,1,0
BRDA:9,41,2,0
BRDA:9,42,0,0
BRDA:9,42,1,0
BRDA:9,43,0,0
BRDA:9,43,1,0
BRDA:9,43,2,0
BRDA:9,43,3,0
BRDA:9,44,0,0
BRDA:9,44,1,0
BRDA:9,45,0,0
BRDA:9,45,1,0
BRDA:9,46,0,0
BRDA:9,46,1,0
BRDA:9,47,0,0
BRDA:9,47,1,0
BRDA:9,48,0,0
BRDA:9,48,1,0
BRDA:9,49,0,0
BRDA:9,49,1,0
BRDA:9,50,0,0
BRDA:9,50,1,0
BRDA:9,51,0,0
BRDA:9,51,1,0
BRDA:9,52,0,0
BRDA:9,52,1,0
BRDA:9,53,0,0
BRDA:9,53,1,0
BRDA:9,54,0,0
BRDA:9,54,1,0
BRDA:9,55,0,0
BRDA:9,55,1,0
BRDA:9,56,0,0
BRDA:9,56,1,0
BRDA:9,57,0,0
BRDA:9,57,1,0
BRDA:9,58,0,0
BRDA:9,58,1,0
BRDA:9,59,0,0
BRDA:9,59,1,0
BRDA:9,60,0,0
BRDA:9,60,1,0
BRDA:9,61,0,0
BRDA:9,61,1,0
BRDA:9,61,2,0
BRDA:9,61,3,0
BRDA:9,62,0,0
BRDA:9,62,1,0
BRDA:9,63,0,0
BRDA:9,63,1,0
BRDA:9,64,0,0
BRDA:9,64,1,0
BRDA:9,65,0,0
BRDA:9,65,1,0
BRDA:9,66,0,0
BRDA:9,66,1,0
BRDA:9,67,0,0
BRDA:9,67,1,0
BRDA:9,68,0,0
BRDA:9,68,1,0
BRDA:9,69,0,0
BRDA:9,69,1,0
BRDA:9,70,0,0
BRDA:9,70,1,0
BRDA:9,71,0,0
BRDA:9,71,1,0
BRDA:9,72,0,0
BRDA:9,72,1,0
BRDA:9,73,0,0
BRDA:9,73,1,0
BRDA:9,74,0,0
BRDA:9,74,1,0
BRDA:9,75,0,0
BRDA:9,75,1,0
BRDA:9,76,0,0
BRDA:9,76,1,0
BRDA:9,77,0,0
BRDA:9,77,1,0
BRDA:9,78,0,0
BRDA:9,78,1,0
BRDA:9,79,0,0
BRDA:9,79,1,0
BRDA:9,80,0,0
BRDA:9,80,1,0
BRDA:9,81,0,0
BRDA:9,81,1,0
BRDA:9,82,0,0
BRDA:9,82,1,0
BRDA:9,82,2,0
BRDA:9,83,0,0
BRDA:9,83,1,0
BRDA:9,84,0,0
BRDA:9,84,1,0
BRDA:9,85,0,0
BRDA:9,85,1,0
BRDA:9,86,0,0
BRDA:9,86,1,0
BRDA:9,87,0,0
BRDA:9,87,1,0
BRDA:9,88,0,0
BRDA:9,88,1,0
BRDA:9,89,0,0
BRDA:9,89,1,0
BRDA:9,90,0,0
BRDA:9,90,1,0
BRDA:9,91,0,0
BRDA:9,91,1,0
BRDA:9,92,0,0
BRDA:9,92,1,0
BRDA:9,93,0,0
BRDA:9,93,1,0
BRDA:9,94,0,0
BRDA:9,94,1,0
BRDA:9,95,0,0
BRDA:9,95,1,0
BRDA:9,96,0,0
BRDA:9,96,1,0
BRDA:9,97,0,0
BRDA:9,97,1,0
BRDA:9,98,0,0
BRDA:9,98,1,0
BRDA:9,99,0,0
BRDA:9,99,1,0
BRDA:9,100,0,0
BRDA:9,100,1,0
BRDA:9,101,0,0
BRDA:9,101,1,0
BRDA:9,102,0,0
BRDA:9,102,1,0
BRDA:9,103,0,0
BRDA:9,103,1,0
BRDA:9,104,0,0
BRDA:9,104,1,0
BRDA:9,105,0,0
BRDA:9,105,1,0
BRDA:9,106,0,0
BRDA:9,106,1,0
BRDA:9,107,0,0
BRDA:9,107,1,0
BRDA:9,108,0,0
BRDA:9,108,1,0
BRDA:9,109,0,0
BRDA:9,109,1,0
BRDA:9,110,0,0
BRDA:9,110,1,0
BRDA:9,111,0,0
BRDA:9,111,1,0
BRDA:9,112,0,0
BRDA:9,112,1,0
BRDA:9,113,0,0
BRDA:9,113,1,0
BRDA:9,113,2,0
BRDA:9,114,0,0
BRDA:9,114,1,0
BRDA:9,115,0,0
BRDA:9,115,1,0
BRDA:9,115,2,0
BRDA:9,116,0,0
BRDA:9,116,1,0
BRDA:9,117,0,0
BRDA:9,117,1,0
BRDA:9,118,0,0
BRDA:9,118,1,0
BRDA:9,119,0,0
BRDA:9,119,1,0
BRDA:9,120,0,0
BRDA:9,120,1,0
BRDA:9,121,0,0
BRDA:9,121,1,0
BRDA:9,122,0,0
BRDA:9,122,1,0
BRDA:9,123,0,0
BRDA:9,123,1,0
BRDA:9,124,0,0
BRDA:9,124,1,0
BRDA:9,125,0,0
BRDA:9,125,1,0
BRDA:9,126,0,0
BRDA:9,126,1,0
BRDA:9,127,0,0
BRDA:9,127,1,0
BRDA:9,128,0,0
BRDA:9,128,1,0
BRDA:9,129,0,0
BRDA:9,129,1,0
BRDA:9,130,0,0
BRDA:9,130,1,0
BRDA:9,131,0,0
BRDA:9,131,1,0
BRDA:9,132,0,0
BRDA:9,132,1,0
BRDA:9,133,0,0
BRDA:9,133,1,0
BRDA:9,134,0,0
BRDA:9,134,1,0
BRDA:9,135,0,0
BRDA:9,135,1,0
BRDA:9,136,0,0
BRDA:9,136,1,0
BRDA:9,137,0,0
BRDA:9,137,1,0
BRDA:9,138,0,0
BRDA:9,138,1,0
BRDA:9,139,0,0
BRDA:9,139,1,0
BRDA:9,140,0,0
BRDA:9,140,1,0
BRDA:9,141,0,0
BRDA:9,141,1,0
BRDA:9,142,0,0
BRDA:9,142,1,0
BRDA:9,143,0,0
BRDA:9,143,1,0
BRDA:9,144,0,0
BRDA:9,144,1,0
BRDA:9,145,0,0
BRDA:9,145,1,0
BRDA:9,146,0,0
BRDA:9,146,1,0
BRDA:9,147,0,0
BRDA:9,147,1,0
BRDA:9,148,0,0
BRDA:9,148,1,0
BRDA:9,149,0,0
BRDA:9,149,1,0
BRDA:9,150,0,0
BRDA:9,150,1,0
BRDA:9,151,0,0
BRDA:9,151,1,0
BRDA:9,152,0,0
BRDA:9,152,1,0
BRDA:9,153,0,0
BRDA:9,153,1,0
BRDA:9,154,0,0
BRDA:9,154,1,0
BRDA:9,155,0,0
BRDA:9,155,1,0
BRDA:9,156,0,0
BRDA:9,156,1,0
BRDA:9,157,0,0
BRDA:9,157,1,0
BRDA:9,158,0,0
BRDA:9,158,1,0
BRDA:9,159,0,0
BRDA:9,159,1,0
BRDA:9,159,2,0
BRDA:9,160,0,0
BRDA:9,160,1,0
BRDA:9,161,0,0
BRDA:9,161,1,0
BRDA:9,161,2,0
BRDA:9,162,0,0
BRDA:9,162,1,0
BRDA:9,163,0,0
BRDA:9,163,1,0
BRDA:9,164,0,0
BRDA:9,164,1,0
BRDA:9,165,0,0
BRDA:9,165,1,0
BRDA:9,166,0,0
BRDA:9,166,1,0
BRDA:9,167,0,0
BRDA:9,167,1,0
BRDA:9,168,0,0
BRDA:9,168,1,0
BRDA:9,169,0,0
BRDA:9,169,1,0
BRDA:9,170,0,0
BRDA:9,170,1,0
BRDA:9,171,0,0
BRDA:9,171,1,0
BRDA:9,172,0,0
BRDA:9,172,1,0
BRDA:9,173,0,0
BRDA:9,173,1,0
BRDA:9,174,0,0
BRDA:9,174,1,0
BRDA:9,175,0,0
BRDA:9,175,1,0
BRDA:9,176,0,0
BRDA:9,176,1,0
BRDA:9,177,0,0
BRDA:9,177,1,0
BRDA:9,178,0,0
BRDA:9,178,1,0
BRDA:9,179,0,0
BRDA:9,179,1,0
BRDA:9,180,0,0
BRDA:9,180,1,0
BRDA:9,181,0,0
BRDA:9,181,1,0
BRDA:9,182,0,0
BRDA:9,182,1,0
BRDA:9,183,0,0
BRDA:9,183,1,0
BRDA:9,184,0,0
BRDA:9,184,1,0
BRDA:9,185,0,0
BRDA:9,185,1,0
BRDA:9,186,0,0
BRDA:9,186,1,0
BRDA:9,187,0,0
BRDA:9,187,1,0
BRDA:9,188,0,0
BRDA:9,188,1,0
BRDA:9,189,0,0
BRDA:9,189,1,0
BRDA:9,190,0,0
BRDA:9,190,1,0
BRDA:9,191,0,0
BRDA:9,191,1,0
BRDA:9,192,0,0
BRDA:9,192,1,0
BRDA:9,193,0,0
BRDA:9,193,1,0
BRDA:9,194,0,0
BRDA:9,194,1,0
BRDA:9,195,0,0
BRDA:9,195,1,0
BRDA:9,196,0,0
BRDA:9,196,1,0
BRDA:9,197,0,0
BRDA:9,197,1,0
BRDA:9,198,0,0
BRDA:9,198,1,0
BRDA:9,199,0,0
BRDA:9,199,1,0
BRDA:9,200,0,0
BRDA:9,200,1,0
BRDA:9,201,0,0
BRDA:9,201,1,0
BRDA:9,202,0,0
BRDA:9,202,1,0
BRDA:9,203,0,0
BRDA:9,203,1,0
BRDA:9,204,0,0
BRDA:9,204,1,0
BRDA:9,205,0,0
BRDA:9,205,1,0
BRDA:9,206,0,0
BRDA:9,206,1,0
BRDA:9,207,0,0
BRDA:9,207,1,0
BRDA:9,207,2,0
BRDA:9,208,0,0
BRDA:9,208,1,0
BRDA:9,209,0,0
BRDA:9,209,1,0
BRDA:9,210,0,0
BRDA:9,210,1,0
BRDA:9,211,0,0
BRDA:9,211,1,0
BRDA:9,212,0,0
BRDA:9,212,1,0
BRDA:9,213,0,0
BRDA:9,213,1,0
BRDA:9,214,0,0
BRDA:9,214,1,0
BRDA:9,215,0,0
BRDA:9,215,1,0
BRDA:9,216,0,0
BRDA:9,216,1,0
BRDA:9,217,0,0
BRDA:9,217,1,0
BRDA:9,218,0,0
BRDA:9,218,1,0
BRDA:9,219,0,0
BRDA:9,219,1,0
BRDA:9,220,0,0
BRDA:9,220,1,0
BRDA:9,221,0,0
BRDA:9,221,1,0
BRDA:9,222,0,0
BRDA:9,222,1,0
BRDA:9,223,0,0
BRDA:9,223,1,0
BRDA:9,224,0,0
BRDA:9,224,1,0
BRDA:9,225,0,0
BRDA:9,225,1,0
BRDA:9,226,0,0
BRDA:9,226,1,0
BRDA:9,227,0,0
BRDA:9,227,1,0
BRDA:9,228,0,0
BRDA:9,228,1,0
BRDA:9,229,0,0
BRDA:9,229,1,0
BRDA:9,230,0,0
BRDA:9,230,1,0
BRDA:9,231,0,0
BRDA:9,231,1,0
BRDA:9,232,0,0
BRDA:9,232,1,0
BRDA:9,233,0,0
BRDA:9,233,1,0
BRDA:9,234,0,0
BRDA:9,234,1,0
BRDA:9,235,0,0
BRDA:9,235,1,0
BRDA:9,236,0,0
BRDA:9,236,1,0
BRDA:9,237,0,0
BRDA:9,237,1,0
BRDA:9,238,0,0
BRDA:9,238,1,0
BRDA:9,239,0,0
BRDA:9,239,1,0
BRDA:9,240,0,0
BRDA:9,240,1,0
BRDA:9,241,0,0
BRDA:9,241,1,0
BRDA:9,242,0,0
BRDA:9,242,1,0
BRDA:9,242,2,0
BRDA:9,243,0,0
BRDA:9,243,1,0
BRDA:9,244,0,0
BRDA:9,244,1,0
BRDA:9,245,0,0
BRDA:9,245,1,0
BRDA:9,246,0,0
BRDA:9,246,1,0
BRDA:9,247,0,0
BRDA:9,247,1,0
BRDA:9,248,0,0
BRDA:9,248,1,0
BRDA:9,249,0,0
BRDA:9,249,1,0
BRDA:9,249,2,0
BRDA:9,250,0,0
BRDA:9,250,1,0
BRDA:9,251,0,0
BRDA:9,251,1,0
BRDA:9,252,0,0
BRDA:9,252,1,0
BRDA:9,253,0,0
BRDA:9,253,1,0
BRDA:9,254,0,0
BRDA:9,254,1,0
BRDA:9,255,0,0
BRDA:9,255,1,0
BRDA:9,256,0,0
BRDA:9,256,1,0
BRDA:9,257,0,0
BRDA:9,257,1,0
BRDA:9,258,0,0
BRDA:9,258,1,0
BRDA:9,259,0,0
BRDA:9,259,1,0
BRDA:9,260,0,0
BRDA:9,260,1,0
BRDA:9,261,0,0
BRDA:9,261,1,0
BRDA:9,262,0,0
BRDA:9,262,1,0
BRDA:9,263,0,0
BRDA:9,263,1,0
BRDA:9,264,0,0
BRDA:9,264,1,0
BRDA:9,265,0,0
BRDA:9,265,1,0
BRDA:9,266,0,0
BRDA:9,266,1,0
BRDA:9,267,0,0
BRDA:9,267,1,0
BRDA:9,268,0,0
BRDA:9,268,1,0
BRDA:9,269,0,0
BRDA:9,269,1,0
BRDA:9,270,0,0
BRDA:9,270,1,0
BRDA:9,271,0,0
BRDA:9,271,1,0
BRDA:9,272,0,0
BRDA:9,272,1,0
BRDA:9,273,0,0
BRDA:9,273,1,0
BRDA:9,274,0,0
BRDA:9,274,1,0
BRDA:9,275,0,0
BRDA:9,275,1,0
BRDA:9,276,0,0
BRDA:9,276,1,0
BRDA:9,277,0,0
BRDA:9,277,1,0
BRDA:9,278,0,0
BRDA:9,278,1,0
BRDA:9,279,0,0
BRDA:9,279,1,0
BRDA:9,280,0,0
BRDA:9,280,1,0
BRF:581
BRH:0
end_of_record
TN:
SF:out\scripts\third-party\hljs-line-num-original.js
FN:3,(anonymous_0)
FN:24,isHljsLnCodeDescendant
FN:35,getHljsLnTable
FN:48,edgeGetSelectedCodeLines
FN:112,(anonymous_4)
FN:135,addStyles
FN:150,initLineNumbersOnLoad
FN:154,(anonymous_7)
FN:160,documentReady
FN:176,isPluginDisabledForBlock
FN:180,lineNumbersBlock
FN:183,(anonymous_11)
FN:188,lineNumbersValue
FN:197,lineNumbersInternal
FN:206,addLineNumbersBlockFor
FN:248,mapOptions
FN:256,getSingleLineOption
FN:264,getStartFromOption
FN:286,duplicateMultilineNodes
FN:306,duplicateMultilineNode
FN:321,getLines
FN:326,getLinesCount
FN:334,async
FN:343,format
FN:344,(anonymous_24)
FN:354,getAttribute
FN:363,toNumber
FNF:27
FNH:0
FNDA:0,(anonymous_0)
FNDA:0,isHljsLnCodeDescendant
FNDA:0,getHljsLnTable
FNDA:0,edgeGetSelectedCodeLines
FNDA:0,(anonymous_4)
FNDA:0,addStyles
FNDA:0,initLineNumbersOnLoad
FNDA:0,(anonymous_7)
FNDA:0,documentReady
FNDA:0,isPluginDisabledForBlock
FNDA:0,lineNumbersBlock
FNDA:0,(anonymous_11)
FNDA:0,lineNumbersValue
FNDA:0,lineNumbersInternal
FNDA:0,addLineNumbersBlockFor
FNDA:0,mapOptions
FNDA:0,getSingleLineOption
FNDA:0,getStartFromOption
FNDA:0,duplicateMultilineNodes
FNDA:0,duplicateMultilineNode
FNDA:0,getLines
FNDA:0,getLinesCount
FNDA:0,async
FNDA:0,format
FNDA:0,(anonymous_24)
FNDA:0,getAttribute
FNDA:0,toNumber
DA:3,0
DA:6,0
DA:7,0
DA:8,0
DA:9,0
DA:10,0
DA:11,0
DA:12,0
DA:14,0
DA:15,0
DA:16,0
DA:17,0
DA:19,0
DA:21,0
DA:25,0
DA:26,0
DA:27,0
DA:28,0
DA:30,0
DA:32,0
DA:36,0
DA:37,0
DA:38,0
DA:40,0
DA:50,0
DA:53,0
DA:54,0
DA:55,0
DA:59,0
DA:60,0
DA:61,0
DA:65,0
DA:66,0
DA:69,0
DA:71,0
DA:72,0
DA:75,0
DA:76,0
DA:77,0
DA:78,0
DA:79,0
DA:80,0
DA:81,0
DA:85,0
DA:86,0
DA:90,0
DA:91,0
DA:95,0
DA:96,0
DA:97,0
DA:98,0
DA:99,0
DA:100,0
DA:102,0
DA:103,0
DA:106,0
DA:112,0
DA:114,0
DA:116,0
DA:120,0
DA:121,0
DA:124,0
DA:126,0
DA:131,0
DA:136,0
DA:137,0
DA:138,0
DA:147,0
DA:151,0
DA:152,0
DA:154,0
DA:155,0
DA:161,0
DA:162,0
DA:164,0
DA:165,0
DA:166,0
DA:167,0
DA:172,0
DA:177,0
DA:181,0
DA:183,0
DA:184,0
DA:189,0
DA:191,0
DA:192,0
DA:194,0
DA:199,0
DA:201,0
DA:203,0
DA:207,0
DA:210,0
DA:211,0
DA:214,0
DA:215,0
DA:217,0
DA:218,0
DA:237,0
DA:240,0
DA:249,0
DA:250,0
DA:257,0
DA:258,0
DA:259,0
DA:261,0
DA:265,0
DA:266,0
DA:268,0
DA:269,0
DA:273,0
DA:274,0
DA:275,0
DA:278,0
DA:287,0
DA:288,0
DA:289,0
DA:290,0
DA:291,0
DA:292,0
DA:293,0
DA:295,0
DA:307,0
DA:309,0
DA:311,0
DA:313,0
DA:314,0
DA:315,0
DA:318,0
DA:322,0
DA:323,0
DA:327,0
DA:335,0
DA:344,0
DA:345,0
DA:355,0
DA:364,0
DA:365,0
DA:366,0
LF:138
LH:0
BRDA:14,0,0,0
BRDA:14,0,1,0
BRDA:27,1,0,0
BRDA:27,1,1,0
BRDA:27,2,0,0
BRDA:27,2,1,0
BRDA:69,3,0,0
BRDA:69,3,1,0
BRDA:75,4,0,0
BRDA:75,4,1,0
BRDA:116,5,0,0
BRDA:116,5,1,0
BRDA:120,6,0,0
BRDA:120,6,1,0
BRDA:151,7,0,0
BRDA:151,7,1,0
BRDA:151,8,0,0
BRDA:151,8,1,0
BRDA:165,9,0,0
BRDA:165,9,1,0
BRDA:166,10,0,0
BRDA:166,10,1,0
BRDA:181,11,0,0
BRDA:181,11,1,0
BRDA:189,12,0,0
BRDA:189,12,1,0
BRDA:210,13,0,0
BRDA:210,13,1,0
BRDA:214,14,0,0
BRDA:214,14,1,0
BRDA:214,15,0,0
BRDA:214,15,1,0
BRDA:233,16,0,0
BRDA:233,16,1,0
BRDA:249,17,0,0
BRDA:249,17,1,0
BRDA:258,18,0,0
BRDA:258,18,1,0
BRDA:268,19,0,0
BRDA:268,19,1,0
BRDA:274,20,0,0
BRDA:274,20,1,0
BRDA:289,21,0,0
BRDA:289,21,1,0
BRDA:291,22,0,0
BRDA:291,22,1,0
BRDA:292,23,0,0
BRDA:292,23,1,0
BRDA:309,24,0,0
BRDA:309,24,1,0
BRDA:314,25,0,0
BRDA:314,25,1,0
BRDA:322,26,0,0
BRDA:322,26,1,0
BRDA:327,27,0,0
BRDA:327,27,1,0
BRDA:345,28,0,0
BRDA:345,28,1,0
BRDA:355,29,0,0
BRDA:355,29,1,0
BRDA:364,30,0,0
BRDA:364,30,1,0
BRDA:366,31,0,0
BRDA:366,31,1,0
BRF:64
BRH:0
end_of_record
TN:
SF:out\scripts\third-party\hljs-line-num.js
FN:1,(anonymous_0)
FN:1,t
FN:1,(anonymous_2)
FN:1,a
FN:1,i
FN:1,(anonymous_5)
FN:1,d
FN:1,(anonymous_7)
FN:1,(anonymous_8)
FN:1,(anonymous_9)
FN:1,(anonymous_10)
FN:1,e
FN:1,m
FN:1,g
FN:1,p
FN:1,v
FN:1,(anonymous_16)
FN:1,(anonymous_17)
FN:1,(anonymous_18)
FN:1,(anonymous_19)
FN:1,(anonymous_20)
FN:1,(anonymous_21)
FNF:22
FNH:0
FNDA:0,(anonymous_0)
FNDA:0,t
FNDA:0,(anonymous_2)
FNDA:0,a
FNDA:0,i
FNDA:0,(anonymous_5)
FNDA:0,d
FNDA:0,(anonymous_7)
FNDA:0,(anonymous_8)
FNDA:0,(anonymous_9)
FNDA:0,(anonymous_10)
FNDA:0,e
FNDA:0,m
FNDA:0,g
FNDA:0,p
FNDA:0,v
FNDA:0,(anonymous_16)
FNDA:0,(anonymous_17)
FNDA:0,(anonymous_18)
FNDA:0,(anonymous_19)
FNDA:0,(anonymous_20)
FNDA:0,(anonymous_21)
DA:1,0
LF:1
LH:0
BRDA:1,0,0,0
BRDA:1,0,1,0
BRDA:1,1,0,0
BRDA:1,1,1,0
BRDA:1,2,0,0
BRDA:1,2,1,0
BRDA:1,2,2,0
BRDA:1,3,0,0
BRDA:1,3,1,0
BRDA:1,4,0,0
BRDA:1,4,1,0
BRDA:1,5,0,0
BRDA:1,5,1,0
BRDA:1,6,0,0
BRDA:1,6,1,0
BRDA:1,7,0,0
BRDA:1,7,1,0
BRDA:1,8,0,0
BRDA:1,8,1,0
BRDA:1,9,0,0
BRDA:1,9,1,0
BRDA:1,10,0,0
BRDA:1,10,1,0
BRDA:1,11,0,0
BRDA:1,11,1,0
BRDA:1,11,2,0
BRDA:1,12,0,0
BRDA:1,12,1,0
BRDA:1,13,0,0
BRDA:1,13,1,0
BRDA:1,14,0,0
BRDA:1,14,1,0
BRDA:1,15,0,0
BRDA:1,15,1,0
BRDA:1,16,0,0
BRDA:1,16,1,0
BRDA:1,17,0,0
BRDA:1,17,1,0
BRDA:1,18,0,0
BRDA:1,18,1,0
BRDA:1,19,0,0
BRDA:1,19,1,0
BRDA:1,20,0,0
BRDA:1,20,1,0
BRDA:1,21,0,0
BRDA:1,21,1,0
BRDA:1,22,0,0
BRDA:1,22,1,0
BRDA:1,23,0,0
BRDA:1,23,1,0
BRDA:1,24,0,0
BRDA:1,24,1,0
BRDA:1,25,0,0
BRDA:1,25,1,0
BRDA:1,26,0,0
BRDA:1,26,1,0
BRDA:1,27,0,0
BRDA:1,27,1,0
BRDA:1,28,0,0
BRDA:1,28,1,0
BRDA:1,29,0,0
BRDA:1,29,1,0
BRF:62
BRH:0
end_of_record
TN:
SF:out\scripts\third-party\hljs-original.js
FN:6,(anonymous_0)
FN:11,deepFreeze
FN:13,(anonymous_2)
FN:17,(anonymous_3)
FN:25,(anonymous_4)
FN:50,(anonymous_5)
FN:58,(anonymous_6)
FN:67,escapeHTML
FN:84,inherit$1
FN:91,(anonymous_9)
FN:117,(anonymous_10)
FN:126,(anonymous_11)
FN:131,(anonymous_12)
FN:145,(anonymous_13)
FN:155,(anonymous_14)
FN:163,(anonymous_15)
FN:179,(anonymous_16)
FN:188,(anonymous_17)
FN:198,(anonymous_18)
FN:209,(anonymous_19)
FN:215,(anonymous_20)
FN:219,(anonymous_21)
FN:222,(anonymous_22)
FN:227,(anonymous_23)
FN:234,(anonymous_24)
FN:242,(anonymous_25)
FN:246,(anonymous_26)
FN:254,(anonymous_27)
FN:265,(anonymous_28)
FN:270,(anonymous_29)
FN:279,(anonymous_30)
FN:283,(anonymous_31)
FN:288,(anonymous_32)
FN:319,(anonymous_33)
FN:328,(anonymous_34)
FN:339,(anonymous_35)
FN:349,(anonymous_36)
FN:357,(anonymous_37)
FN:362,(anonymous_38)
FN:376,source
FN:387,lookahead
FN:395,optional
FN:403,concat
FN:404,(anonymous_43)
FN:408,stripOptionsFromArgs
FN:426,either
FN:430,(anonymous_46)
FN:438,countMatchGroups
FN:447,startsWith
FN:472,_rewriteBackreferences
FN:475,(anonymous_50)
FN:500,(anonymous_51)
FN:518,(anonymous_52)
FN:533,(anonymous_53)
FN:568,(anonymous_54)
FN:698,(anonymous_55)
FN:702,(anonymous_56)
FN:704,(anonymous_57)
FN:765,skipIfHasPrecedingDot
FN:776,scopeClassName
FN:788,beginKeywords
FN:812,compileIllegal
FN:822,compileMatch
FN:834,compileRelevance
FN:841,(anonymous_64)
FN:848,(anonymous_65)
FN:886,compileKeywords
FN:897,(anonymous_67)
FN:917,compileList
FN:919,(anonymous_69)
FN:921,(anonymous_70)
FN:936,scoreForKeyword
FN:950,commonKeyword
FN:969,(anonymous_73)
FN:977,(anonymous_74)
FN:985,(anonymous_75)
FN:1028,remapScopeNames
FN:1051,beginMultiClass
FN:1071,endMultiClass
FN:1099,scopeSugar
FN:1109,MultiClass
FN:1141,compileLanguage
FN:1148,langRe
FN:1169,(anonymous_83)
FN:1178,(anonymous_84)
FN:1186,(anonymous_85)
FN:1190,(anonymous_86)
FN:1192,(anonymous_87)
FN:1198,(anonymous_88)
FN:1204,(anonymous_89)
FN:1247,(anonymous_90)
FN:1259,(anonymous_91)
FN:1263,(anonymous_92)
FN:1269,(anonymous_93)
FN:1273,(anonymous_94)
FN:1278,(anonymous_95)
FN:1284,(anonymous_96)
FN:1347,buildModeRegex
FN:1350,(anonymous_98)
FN:1401,compileMode
FN:1412,(anonymous_100)
FN:1414,(anonymous_101)
FN:1426,(anonymous_102)
FN:1460,(anonymous_103)
FN:1463,(anonymous_104)
FN:1497,dependencyOnParent
FN:1513,expandOrCloneMode
FN:1515,(anonymous_107)
FN:1580,(anonymous_108)
FN:1617,shouldNotHighlight
FN:1624,blockLanguage
FN:1642,(anonymous_111)
FN:1667,highlight
FN:1720,_highlight
FN:1729,keywordData
FN:1733,processKeywords
FN:1773,processSubLanguage
FN:1799,processBuffer
FN:1812,emitMultiClass
FN:1834,startNewMode
FN:1860,endOfMode
FN:1889,doIgnore
FN:1909,doBeginMatch
FN:1942,doEndMatch
FN:1982,processContinuations
FN:1989,(anonymous_125)
FN:2001,processLexeme
FN:2169,justTextHighlightResult
FN:2195,highlightAuto
FN:2199,(anonymous_129)
FN:2204,(anonymous_130)
FN:2241,updateClassName
FN:2253,highlightElement
FN:2297,configure
FN:2302,(anonymous_134)
FN:2308,initHighlightingOnLoad
FN:2318,highlightAll
FN:2329,boot
FN:2345,registerLanguage
FN:2374,unregisterLanguage
FN:2386,listLanguages
FN:2394,getLanguage
FN:2404,registerAliases
FN:2408,(anonymous_143)
FN:2415,autoDetection
FN:2425,upgradePluginAPI
FN:2428,(anonymous_146)
FN:2435,(anonymous_147)
FN:2446,addPlugin
FN:2456,fire
FN:2458,(anonymous_150)
FN:2469,deprecateHighlightBlock
FN:2497,(anonymous_152)
FN:2498,(anonymous_153)
FN:2527,bash
FN:2683,(anonymous_155)
FN:3179,recurRegex
FN:3182,(anonymous_157)
FN:3335,javascript
FN:3343,(anonymous_159)
FN:3361,(anonymous_160)
FN:3631,noneOf
FN:3862,json
FN:3903,xml
FN:4135,markdown
FN:4367,plaintext
FN:4388,scss
FN:4506,shell
FN:4527,(anonymous_168)
FN:4855,typescript
FN:4904,(anonymous_170)
FN:4905,(anonymous_171)
FN:4928,(anonymous_172)
FN:4949,yaml
FNF:174
FNH:0
FNDA:0,(anonymous_0)
FNDA:0,deepFreeze
FNDA:0,(anonymous_2)
FNDA:0,(anonymous_3)
FNDA:0,(anonymous_4)
FNDA:0,(anonymous_5)
FNDA:0,(anonymous_6)
FNDA:0,escapeHTML
FNDA:0,inherit$1
FNDA:0,(anonymous_9)
FNDA:0,(anonymous_10)
FNDA:0,(anonymous_11)
FNDA:0,(anonymous_12)
FNDA:0,(anonymous_13)
FNDA:0,(anonymous_14)
FNDA:0,(anonymous_15)
FNDA:0,(anonymous_16)
FNDA:0,(anonymous_17)
FNDA:0,(anonymous_18)
FNDA:0,(anonymous_19)
FNDA:0,(anonymous_20)
FNDA:0,(anonymous_21)
FNDA:0,(anonymous_22)
FNDA:0,(anonymous_23)
FNDA:0,(anonymous_24)
FNDA:0,(anonymous_25)
FNDA:0,(anonymous_26)
FNDA:0,(anonymous_27)
FNDA:0,(anonymous_28)
FNDA:0,(anonymous_29)
FNDA:0,(anonymous_30)
FNDA:0,(anonymous_31)
FNDA:0,(anonymous_32)
FNDA:0,(anonymous_33)
FNDA:0,(anonymous_34)
FNDA:0,(anonymous_35)
FNDA:0,(anonymous_36)
FNDA:0,(anonymous_37)
FNDA:0,(anonymous_38)
FNDA:0,source
FNDA:0,lookahead
FNDA:0,optional
FNDA:0,concat
FNDA:0,(anonymous_43)
FNDA:0,stripOptionsFromArgs
FNDA:0,either
FNDA:0,(anonymous_46)
FNDA:0,countMatchGroups
FNDA:0,startsWith
FNDA:0,_rewriteBackreferences
FNDA:0,(anonymous_50)
FNDA:0,(anonymous_51)
FNDA:0,(anonymous_52)
FNDA:0,(anonymous_53)
FNDA:0,(anonymous_54)
FNDA:0,(anonymous_55)
FNDA:0,(anonymous_56)
FNDA:0,(anonymous_57)
FNDA:0,skipIfHasPrecedingDot
FNDA:0,scopeClassName
FNDA:0,beginKeywords
FNDA:0,compileIllegal
FNDA:0,compileMatch
FNDA:0,compileRelevance
FNDA:0,(anonymous_64)
FNDA:0,(anonymous_65)
FNDA:0,compileKeywords
FNDA:0,(anonymous_67)
FNDA:0,compileList
FNDA:0,(anonymous_69)
FNDA:0,(anonymous_70)
FNDA:0,scoreForKeyword
FNDA:0,commonKeyword
FNDA:0,(anonymous_73)
FNDA:0,(anonymous_74)
FNDA:0,(anonymous_75)
FNDA:0,remapScopeNames
FNDA:0,beginMultiClass
FNDA:0,endMultiClass
FNDA:0,scopeSugar
FNDA:0,MultiClass
FNDA:0,compileLanguage
FNDA:0,langRe
FNDA:0,(anonymous_83)
FNDA:0,(anonymous_84)
FNDA:0,(anonymous_85)
FNDA:0,(anonymous_86)
FNDA:0,(anonymous_87)
FNDA:0,(anonymous_88)
FNDA:0,(anonymous_89)
FNDA:0,(anonymous_90)
FNDA:0,(anonymous_91)
FNDA:0,(anonymous_92)
FNDA:0,(anonymous_93)
FNDA:0,(anonymous_94)
FNDA:0,(anonymous_95)
FNDA:0,(anonymous_96)
FNDA:0,buildModeRegex
FNDA:0,(anonymous_98)
FNDA:0,compileMode
FNDA:0,(anonymous_100)
FNDA:0,(anonymous_101)
FNDA:0,(anonymous_102)
FNDA:0,(anonymous_103)
FNDA:0,(anonymous_104)
FNDA:0,dependencyOnParent
FNDA:0,expandOrCloneMode
FNDA:0,(anonymous_107)
FNDA:0,(anonymous_108)
FNDA:0,shouldNotHighlight
FNDA:0,blockLanguage
FNDA:0,(anonymous_111)
FNDA:0,highlight
FNDA:0,_highlight
FNDA:0,keywordData
FNDA:0,processKeywords
FNDA:0,processSubLanguage
FNDA:0,processBuffer
FNDA:0,emitMultiClass
FNDA:0,startNewMode
FNDA:0,endOfMode
FNDA:0,doIgnore
FNDA:0,doBeginMatch
FNDA:0,doEndMatch
FNDA:0,processContinuations
FNDA:0,(anonymous_125)
FNDA:0,processLexeme
FNDA:0,justTextHighlightResult
FNDA:0,highlightAuto
FNDA:0,(anonymous_129)
FNDA:0,(anonymous_130)
FNDA:0,updateClassName
FNDA:0,highlightElement
FNDA:0,configure
FNDA:0,(anonymous_134)
FNDA:0,initHighlightingOnLoad
FNDA:0,highlightAll
FNDA:0,boot
FNDA:0,registerLanguage
FNDA:0,unregisterLanguage
FNDA:0,listLanguages
FNDA:0,getLanguage
FNDA:0,registerAliases
FNDA:0,(anonymous_143)
FNDA:0,autoDetection
FNDA:0,upgradePluginAPI
FNDA:0,(anonymous_146)
FNDA:0,(anonymous_147)
FNDA:0,addPlugin
FNDA:0,fire
FNDA:0,(anonymous_150)
FNDA:0,deprecateHighlightBlock
FNDA:0,(anonymous_152)
FNDA:0,(anonymous_153)
FNDA:0,bash
FNDA:0,(anonymous_155)
FNDA:0,recurRegex
FNDA:0,(anonymous_157)
FNDA:0,javascript
FNDA:0,(anonymous_159)
FNDA:0,(anonymous_160)
FNDA:0,noneOf
FNDA:0,json
FNDA:0,xml
FNDA:0,markdown
FNDA:0,plaintext
FNDA:0,scss
FNDA:0,shell
FNDA:0,(anonymous_168)
FNDA:0,typescript
FNDA:0,(anonymous_170)
FNDA:0,(anonymous_171)
FNDA:0,(anonymous_172)
FNDA:0,yaml
DA:6,0
DA:9,0
DA:12,0
DA:13,0
DA:14,0
DA:16,0
DA:17,0
DA:18,0
DA:23,0
DA:25,0
DA:26,0
DA:29,0
DA:30,0
DA:34,0
DA:37,0
DA:38,0
DA:40,0
DA:52,0
DA:54,0
DA:55,0
DA:59,0
DA:68,0
DA:86,0
DA:88,0
DA:89,0
DA:91,0
DA:92,0
DA:93,0
DA:96,0
DA:111,0
DA:117,0
DA:118,0
DA:126,0
DA:127,0
DA:128,0
DA:129,0
DA:131,0
DA:134,0
DA:146,0
DA:147,0
DA:148,0
DA:156,0
DA:164,0
DA:166,0
DA:167,0
DA:168,0
DA:170,0
DA:172,0
DA:180,0
DA:182,0
DA:189,0
DA:199,0
DA:211,0
DA:212,0
DA:216,0
DA:219,0
DA:223,0
DA:229,0
DA:230,0
DA:231,0
DA:235,0
DA:236,0
DA:239,0
DA:243,0
DA:247,0
DA:256,0
DA:266,0
DA:267,0
DA:268,0
DA:269,0
DA:270,0
DA:271,0
DA:273,0
DA:280,0
DA:281,0
DA:283,0
DA:286,0
DA:288,0
DA:289,0
DA:320,0
DA:321,0
DA:329,0
DA:331,0
DA:332,0
DA:333,0
DA:340,0
DA:342,0
DA:351,0
DA:352,0
DA:353,0
DA:354,0
DA:358,0
DA:359,0
DA:363,0
DA:377,0
DA:378,0
DA:380,0
DA:388,0
DA:396,0
DA:404,0
DA:405,0
DA:409,0
DA:411,0
DA:412,0
DA:413,0
DA:415,0
DA:427,0
DA:428,0
DA:430,0
DA:431,0
DA:439,0
DA:448,0
DA:449,0
DA:459,0
DA:473,0
DA:475,0
DA:476,0
DA:477,0
DA:478,0
DA:479,0
DA:481,0
DA:482,0
DA:483,0
DA:484,0
DA:485,0
DA:487,0
DA:488,0
DA:489,0
DA:491,0
DA:493,0
DA:494,0
DA:495,0
DA:499,0
DA:500,0
DA:507,0
DA:508,0
DA:509,0
DA:510,0
DA:511,0
DA:512,0
DA:513,0
DA:518,0
DA:519,0
DA:520,0
DA:521,0
DA:527,0
DA:534,0
DA:540,0
DA:543,0
DA:550,0
DA:557,0
DA:568,0
DA:569,0
DA:578,0
DA:587,0
DA:606,0
DA:631,0
DA:633,0
DA:634,0
DA:635,0
DA:636,0
DA:641,0
DA:646,0
DA:651,0
DA:675,0
DA:680,0
DA:685,0
DA:698,0
DA:699,0
DA:702,0
DA:704,0
DA:708,0
DA:766,0
DA:767,0
DA:768,0
DA:778,0
DA:779,0
DA:780,0
DA:789,0
DA:790,0
DA:797,0
DA:798,0
DA:799,0
DA:800,0
DA:805,0
DA:813,0
DA:815,0
DA:823,0
DA:824,0
DA:826,0
DA:827,0
DA:836,0
DA:841,0
DA:842,0
DA:845,0
DA:847,0
DA:848,0
DA:850,0
DA:851,0
DA:852,0
DA:858,0
DA:860,0
DA:864,0
DA:878,0
DA:888,0
DA:892,0
DA:893,0
DA:894,0
DA:895,0
DA:897,0
DA:899,0
DA:905,0
DA:918,0
DA:919,0
DA:921,0
DA:922,0
DA:923,0
DA:939,0
DA:940,0
DA:943,0
DA:951,0
DA:964,0
DA:969,0
DA:970,0
DA:977,0
DA:978,0
DA:985,0
DA:986,0
DA:988,0
DA:989,0
DA:998,0
DA:1029,0
DA:1030,0
DA:1032,0
DA:1034,0
DA:1036,0
DA:1037,0
DA:1038,0
DA:1039,0
DA:1043,0
DA:1044,0
DA:1045,0
DA:1052,0
DA:1054,0
DA:1055,0
DA:1056,0
DA:1059,0
DA:1060,0
DA:1061,0
DA:1064,0
DA:1065,0
DA:1072,0
DA:1074,0
DA:1075,0
DA:1076,0
DA:1079,0
DA:1080,0
DA:1081,0
DA:1084,0
DA:1085,0
DA:1100,0
DA:1101,0
DA:1102,0
DA:1110,0
DA:1112,0
DA:1113,0
DA:1115,0
DA:1116,0
DA:1119,0
DA:1120,0
DA:1149,0
DA:1170,0
DA:1172,0
DA:1173,0
DA:1174,0
DA:1179,0
DA:1181,0
DA:1182,0
DA:1183,0
DA:1187,0
DA:1190,0
DA:1192,0
DA:1193,0
DA:1194,0
DA:1199,0
DA:1200,0
DA:1201,0
DA:1204,0
DA:1206,0
DA:1209,0
DA:1211,0
DA:1249,0
DA:1251,0
DA:1252,0
DA:1254,0
DA:1255,0
DA:1260,0
DA:1262,0
DA:1263,0
DA:1264,0
DA:1265,0
DA:1266,0
DA:1270,0
DA:1274,0
DA:1279,0
DA:1280,0
DA:1285,0
DA:1286,0
DA:1287,0
DA:1320,0
DA:1321,0
DA:1322,0
DA:1323,0
DA:1324,0
DA:1328,0
DA:1329,0
DA:1330,0
DA:1332,0
DA:1336,0
DA:1348,0
DA:1350,0
DA:1352,0
DA:1353,0
DA:1355,0
DA:1356,0
DA:1359,0
DA:1402,0
DA:1403,0
DA:1405,0
DA:1412,0
DA:1414,0
DA:1417,0
DA:1419,0
DA:1426,0
DA:1428,0
DA:1430,0
DA:1431,0
DA:1435,0
DA:1436,0
DA:1437,0
DA:1439,0
DA:1441,0
DA:1442,0
DA:1445,0
DA:1447,0
DA:1448,0
DA:1449,0
DA:1450,0
DA:1451,0
DA:1452,0
DA:1453,0
DA:1454,0
DA:1457,0
DA:1458,0
DA:1460,0
DA:1461,0
DA:1463,0
DA:1465,0
DA:1466,0
DA:1469,0
DA:1470,0
DA:1473,0
DA:1476,0
DA:1477,0
DA:1481,0
DA:1483,0
DA:1498,0
DA:1500,0
DA:1514,0
DA:1515,0
DA:1516,0
DA:1523,0
DA:1524,0
DA:1531,0
DA:1532,0
DA:1535,0
DA:1536,0
DA:1540,0
DA:1543,0
DA:1571,0
DA:1572,0
DA:1573,0
DA:1574,0
DA:1580,0
DA:1583,0
DA:1585,0
DA:1587,0
DA:1591,0
DA:1592,0
DA:1594,0
DA:1599,0
DA:1618,0
DA:1625,0
DA:1627,0
DA:1630,0
DA:1631,0
DA:1632,0
DA:1633,0
DA:1634,0
DA:1635,0
DA:1637,0
DA:1640,0
DA:1642,0
DA:1668,0
DA:1669,0
DA:1670,0
DA:1671,0
DA:1672,0
DA:1673,0
DA:1676,0
DA:1679,0
DA:1680,0
DA:1681,0
DA:1682,0
DA:1687,0
DA:1690,0
DA:1696,0
DA:1700,0
DA:1704,0
DA:1706,0
DA:1708,0
DA:1721,0
DA:1730,0
DA:1734,0
DA:1735,0
DA:1736,0
DA:1739,0
DA:1740,0
DA:1741,0
DA:1742,0
DA:1744,0
DA:1745,0
DA:1746,0
DA:1747,0
DA:1748,0
DA:1749,0
DA:1750,0
DA:1751,0
DA:1753,0
DA:1754,0
DA:1755,0
DA:1758,0
DA:1760,0
DA:1761,0
DA:1764,0
DA:1766,0
DA:1767,0
DA:1769,0
DA:1770,0
DA:1774,0
DA:1776,0
DA:1778,0
DA:1779,0
DA:1780,0
DA:1781,0
DA:1783,0
DA:1784,0
DA:1786,0
DA:1793,0
DA:1794,0
DA:1796,0
DA:1800,0
DA:1801,0
DA:1803,0
DA:1805,0
DA:1813,0
DA:1815,0
DA:1816,0
DA:1817,0
DA:1818,0
DA:1819,0
DA:1820,0
DA:1822,0
DA:1823,0
DA:1824,0
DA:1826,0
DA:1835,0
DA:1836,0
DA:1838,0
DA:1840,0
DA:1841,0
DA:1842,0
DA:1843,0
DA:1845,0
DA:1846,0
DA:1850,0
DA:1851,0
DA:1861,0
DA:1863,0
DA:1864,0
DA:1865,0
DA:1866,0
DA:1867,0
DA:1870,0
DA:1871,0
DA:1872,0
DA:1874,0
DA:1879,0
DA:1880,0
DA:1890,0
DA:1893,0
DA:1894,0
DA:1898,0
DA:1899,0
DA:1910,0
DA:1911,0
DA:1913,0
DA:1915,0
DA:1916,0
DA:1917,0
DA:1918,0
DA:1919,0
DA:1922,0
DA:1923,0
DA:1925,0
DA:1926,0
DA:1928,0
DA:1929,0
DA:1930,0
DA:1933,0
DA:1934,0
DA:1943,0
DA:1944,0
DA:1946,0
DA:1947,0
DA:1949,0
DA:1950,0
DA:1951,0
DA:1952,0
DA:1953,0
DA:1954,0
DA:1955,0
DA:1956,0
DA:1957,0
DA:1959,0
DA:1960,0
DA:1962,0
DA:1963,0
DA:1964,0
DA:1967,0
DA:1968,0
DA:1969,0
DA:1971,0
DA:1972,0
DA:1974,0
DA:1976,0
DA:1977,0
DA:1979,0
DA:1983,0
DA:1984,0
DA:1985,0
DA:1986,0
DA:1989,0
DA:1993,0
DA:2002,0
DA:2005,0
DA:2007,0
DA:2008,0
DA:2009,0
DA:2016,0
DA:2018,0
DA:2019,0
DA:2021,0
DA:2022,0
DA:2023,0
DA:2024,0
DA:2026,0
DA:2028,0
DA:2030,0
DA:2031,0
DA:2032,0
DA:2035,0
DA:2036,0
DA:2037,0
DA:2038,0
DA:2039,0
DA:2040,0
DA:2041,0
DA:2048,0
DA:2050,0
DA:2057,0
DA:2058,0
DA:2059,0
DA:2070,0
DA:2071,0
DA:2074,0
DA:2075,0
DA:2076,0
DA:2077,0
DA:2080,0
DA:2081,0
DA:2083,0
DA:2085,0
DA:2086,0
DA:2087,0
DA:2088,0
DA:2089,0
DA:2090,0
DA:2091,0
DA:2092,0
DA:2094,0
DA:2095,0
DA:2097,0
DA:2098,0
DA:2099,0
DA:2102,0
DA:2104,0
DA:2106,0
DA:2108,0
DA:2111,0
DA:2113,0
DA:2114,0
DA:2115,0
DA:2117,0
DA:2118,0
DA:2119,0
DA:2120,0
DA:2122,0
DA:2131,0
DA:2132,0
DA:2146,0
DA:2147,0
DA:2157,0
DA:2170,0
DA:2177,0
DA:2178,0
DA:2196,0
DA:2197,0
DA:2199,0
DA:2200,0
DA:2202,0
DA:2204,0
DA:2206,0
DA:2210,0
DA:2211,0
DA:2212,0
DA:2213,0
DA:2214,0
DA:2222,0
DA:2225,0
DA:2228,0
DA:2229,0
DA:2231,0
DA:2242,0
DA:2244,0
DA:2245,0
DA:2255,0
DA:2256,0
DA:2258,0
DA:2260,0
DA:2264,0
DA:2265,0
DA:2266,0
DA:2267,0
DA:2270,0
DA:2271,0
DA:2272,0
DA:2274,0
DA:2276,0
DA:2277,0
DA:2278,0
DA:2284,0
DA:2285,0
DA:2298,0
DA:2302,0
DA:2303,0
DA:2304,0
DA:2309,0
DA:2310,0
DA:2313,0
DA:2320,0
DA:2321,0
DA:2322,0
DA:2325,0
DA:2326,0
DA:2331,0
DA:2335,0
DA:2336,0
DA:2346,0
DA:2347,0
DA:2348,0
DA:2350,0
DA:2352,0
DA:2357,0
DA:2360,0
DA:2361,0
DA:2362,0
DA:2364,0
DA:2365,0
DA:2375,0
DA:2376,0
DA:2377,0
DA:2378,0
DA:2387,0
DA:2395,0
DA:2396,0
DA:2405,0
DA:2406,0
DA:2408,0
DA:2416,0
DA:2417,0
DA:2427,0
DA:2428,0
DA:2429,0
DA:2434,0
DA:2435,0
DA:2436,0
DA:2447,0
DA:2448,0
DA:2457,0
DA:2458,0
DA:2459,0
DA:2460,0
DA:2470,0
DA:2471,0
DA:2473,0
DA:2477,0
DA:2497,0
DA:2498,0
DA:2499,0
DA:2501,0
DA:2503,0
DA:2505,0
DA:2510,0
DA:2512,0
DA:2516,0
DA:2528,0
DA:2529,0
DA:2540,0
DA:2553,0
DA:2558,0
DA:2570,0
DA:2579,0
DA:2580,0
DA:2585,0
DA:2589,0
DA:2598,0
DA:2609,0
DA:2613,0
DA:2621,0
DA:2637,0
DA:2642,0
DA:2683,0
DA:2684,0
DA:2719,0
DA:2794,0
DA:2832,0
DA:2895,0
DA:2912,0
DA:3125,0
DA:3129,0
DA:3130,0
DA:3131,0
DA:3132,0
DA:3180,0
DA:3182,0
DA:3183,0
DA:3187,0
DA:3188,0
DA:3231,0
DA:3240,0
DA:3277,0
DA:3287,0
DA:3309,0
DA:3321,0
DA:3343,0
DA:3344,0
DA:3345,0
DA:3346,0
DA:3349,0
DA:3350,0
DA:3354,0
DA:3362,0
DA:3363,0
DA:3367,0
DA:3368,0
DA:3369,0
DA:3373,0
DA:3376,0
DA:3377,0
DA:3382,0
DA:3391,0
DA:3392,0
DA:3395,0
DA:3396,0
DA:3421,0
DA:3428,0
DA:3441,0
DA:3454,0
DA:3463,0
DA:3502,0
DA:3510,0
DA:3519,0
DA:3530,0
DA:3531,0
DA:3540,0
DA:3551,0
DA:3578,0
DA:3591,0
DA:3598,0
DA:3625,0
DA:3632,0
DA:3635,0
DA:3647,0
DA:3658,0
DA:3677,0
DA:3685,0
DA:3701,0
DA:3863,0
DA:3868,0
DA:3878,0
DA:3886,0
DA:3905,0
DA:3906,0
DA:3907,0
DA:3911,0
DA:3921,0
DA:3925,0
DA:3928,0
DA:3931,0
DA:3968,0
DA:4136,0
DA:4142,0
DA:4146,0
DA:4182,0
DA:4188,0
DA:4207,0
DA:4208,0
DA:4264,0
DA:4278,0
DA:4293,0
DA:4294,0
DA:4296,0
DA:4301,0
DA:4302,0
DA:4304,0
DA:4306,0
DA:4330,0
DA:4337,0
DA:4368,0
DA:4389,0
DA:4390,0
DA:4391,0
DA:4393,0
DA:4394,0
DA:4395,0
DA:4396,0
DA:4401,0
DA:4507,0
DA:4527,0
DA:4534,0
DA:4540,0
DA:4546,0
DA:4552,0
DA:4645,0
DA:4652,0
DA:4664,0
DA:4688,0
DA:4726,0
DA:4748,0
DA:4760,0
DA:4763,0
DA:4783,0
DA:4790,0
DA:4793,0
DA:4797,0
DA:4830,0
DA:4856,0
DA:4857,0
DA:4860,0
DA:4864,0
DA:4869,0
DA:4879,0
DA:4892,0
DA:4899,0
DA:4904,0
DA:4905,0
DA:4906,0
DA:4907,0
DA:4910,0
DA:4914,0
DA:4916,0
DA:4917,0
DA:4924,0
DA:4926,0
DA:4928,0
DA:4929,0
DA:4931,0
DA:4936,0
DA:4950,0
DA:4953,0
DA:4959,0
DA:4974,0
DA:4987,0
DA:5011,0
DA:5027,0
DA:5028,0
DA:5029,0
DA:5030,0
DA:5031,0
DA:5036,0
DA:5043,0
DA:5050,0
DA:5058,0
DA:5132,0
DA:5133,0
DA:5134,0
DA:5135,0
DA:5137,0
DA:5145,0
DA:5161,0
DA:5163,0
DA:5164,0
DA:5165,0
DA:5168,0
DA:5171,0
LF:916
LH:0
BRDA:12,0,0,0
BRDA:12,0,1,0
BRDA:16,1,0,0
BRDA:16,1,1,0
BRDA:29,2,0,0
BRDA:29,2,1,0
BRDA:29,3,0,0
BRDA:29,3,1,0
BRDA:52,4,0,0
BRDA:52,4,1,0
BRDA:127,5,0,0
BRDA:127,5,1,0
BRDA:164,6,0,0
BRDA:164,6,1,0
BRDA:167,7,0,0
BRDA:167,7,1,0
BRDA:180,8,0,0
BRDA:180,8,1,0
BRDA:235,9,0,0
BRDA:235,9,1,0
BRDA:266,10,0,0
BRDA:266,10,1,0
BRDA:268,11,0,0
BRDA:268,11,1,0
BRDA:280,12,0,0
BRDA:280,12,1,0
BRDA:281,13,0,0
BRDA:281,13,1,0
BRDA:283,14,0,0
BRDA:283,14,1,0
BRDA:329,15,0,0
BRDA:329,15,1,0
BRDA:340,16,0,0
BRDA:340,16,1,0
BRDA:377,17,0,0
BRDA:377,17,1,0
BRDA:378,18,0,0
BRDA:378,18,1,0
BRDA:411,19,0,0
BRDA:411,19,1,0
BRDA:411,20,0,0
BRDA:411,20,1,0
BRDA:429,21,0,0
BRDA:429,21,1,0
BRDA:448,22,0,0
BRDA:448,22,1,0
BRDA:449,23,0,0
BRDA:449,23,1,0
BRDA:483,24,0,0
BRDA:483,24,1,0
BRDA:489,25,0,0
BRDA:489,25,1,0
BRDA:489,26,0,0
BRDA:489,26,1,0
BRDA:494,27,0,0
BRDA:494,27,1,0
BRDA:518,28,0,0
BRDA:520,29,0,0
BRDA:520,29,1,0
BRDA:534,30,0,0
BRDA:534,30,1,0
BRDA:568,31,0,0
BRDA:704,32,0,0
BRDA:704,32,1,0
BRDA:767,33,0,0
BRDA:767,33,1,0
BRDA:778,34,0,0
BRDA:778,34,1,0
BRDA:789,35,0,0
BRDA:789,35,1,0
BRDA:790,36,0,0
BRDA:790,36,1,0
BRDA:799,37,0,0
BRDA:799,37,1,0
BRDA:805,38,0,0
BRDA:805,38,1,0
BRDA:813,39,0,0
BRDA:813,39,1,0
BRDA:823,40,0,0
BRDA:823,40,1,0
BRDA:824,41,0,0
BRDA:824,41,1,0
BRDA:824,42,0,0
BRDA:824,42,1,0
BRDA:836,43,0,0
BRDA:836,43,1,0
BRDA:842,44,0,0
BRDA:842,44,1,0
BRDA:845,45,0,0
BRDA:845,45,1,0
BRDA:886,46,0,0
BRDA:892,47,0,0
BRDA:892,47,1,0
BRDA:894,48,0,0
BRDA:894,48,1,0
BRDA:918,49,0,0
BRDA:918,49,1,0
BRDA:939,50,0,0
BRDA:939,50,1,0
BRDA:943,51,0,0
BRDA:943,51,1,0
BRDA:986,52,0,0
BRDA:986,52,1,0
BRDA:1052,53,0,0
BRDA:1052,53,1,0
BRDA:1054,54,0,0
BRDA:1054,54,1,0
BRDA:1054,55,0,0
BRDA:1054,55,1,0
BRDA:1054,55,2,0
BRDA:1059,56,0,0
BRDA:1059,56,1,0
BRDA:1059,57,0,0
BRDA:1059,57,1,0
BRDA:1072,58,0,0
BRDA:1072,58,1,0
BRDA:1074,59,0,0
BRDA:1074,59,1,0
BRDA:1074,60,0,0
BRDA:1074,60,1,0
BRDA:1074,60,2,0
BRDA:1079,61,0,0
BRDA:1079,61,1,0
BRDA:1079,62,0,0
BRDA:1079,62,1,0
BRDA:1100,63,0,0
BRDA:1100,63,1,0
BRDA:1100,64,0,0
BRDA:1100,64,1,0
BRDA:1100,64,2,0
BRDA:1112,65,0,0
BRDA:1112,65,1,0
BRDA:1115,66,0,0
BRDA:1115,66,1,0
BRDA:1151,67,0,0
BRDA:1151,67,1,0
BRDA:1151,68,0,0
BRDA:1151,68,1,0
BRDA:1187,69,0,0
BRDA:1187,69,1,0
BRDA:1201,70,0,0
BRDA:1201,70,1,0
BRDA:1204,71,0,0
BRDA:1204,71,1,0
BRDA:1260,72,0,0
BRDA:1260,72,1,0
BRDA:1280,73,0,0
BRDA:1280,73,1,0
BRDA:1320,74,0,0
BRDA:1320,74,1,0
BRDA:1321,75,0,0
BRDA:1321,75,1,0
BRDA:1321,76,0,0
BRDA:1321,76,1,0
BRDA:1328,77,0,0
BRDA:1328,77,1,0
BRDA:1330,78,0,0
BRDA:1330,78,1,0
BRDA:1352,79,0,0
BRDA:1352,79,1,0
BRDA:1355,80,0,0
BRDA:1355,80,1,0
BRDA:1403,81,0,0
BRDA:1403,81,1,0
BRDA:1431,82,0,0
BRDA:1431,82,1,0
BRDA:1431,83,0,0
BRDA:1431,83,1,0
BRDA:1439,84,0,0
BRDA:1439,84,1,0
BRDA:1441,85,0,0
BRDA:1441,85,1,0
BRDA:1447,86,0,0
BRDA:1447,86,1,0
BRDA:1448,87,0,0
BRDA:1448,87,1,0
BRDA:1450,88,0,0
BRDA:1450,88,1,0
BRDA:1450,89,0,0
BRDA:1450,89,1,0
BRDA:1451,90,0,0
BRDA:1451,90,1,0
BRDA:1452,91,0,0
BRDA:1452,91,1,0
BRDA:1453,92,0,0
BRDA:1453,92,1,0
BRDA:1453,93,0,0
BRDA:1453,93,1,0
BRDA:1454,94,0,0
BRDA:1454,94,1,0
BRDA:1457,95,0,0
BRDA:1457,95,1,0
BRDA:1458,96,0,0
BRDA:1458,96,1,0
BRDA:1461,97,0,0
BRDA:1461,97,1,0
BRDA:1465,98,0,0
BRDA:1465,98,1,0
BRDA:1473,99,0,0
BRDA:1473,99,1,0
BRDA:1476,100,0,0
BRDA:1476,100,1,0
BRDA:1476,101,0,0
BRDA:1476,101,1,0
BRDA:1481,102,0,0
BRDA:1481,102,1,0
BRDA:1498,103,0,0
BRDA:1498,103,1,0
BRDA:1500,104,0,0
BRDA:1500,104,1,0
BRDA:1514,105,0,0
BRDA:1514,105,1,0
BRDA:1514,106,0,0
BRDA:1514,106,1,0
BRDA:1523,107,0,0
BRDA:1523,107,1,0
BRDA:1531,108,0,0
BRDA:1531,108,1,0
BRDA:1532,109,0,0
BRDA:1532,109,1,0
BRDA:1535,110,0,0
BRDA:1535,110,1,0
BRDA:1627,111,0,0
BRDA:1627,111,1,0
BRDA:1631,112,0,0
BRDA:1631,112,1,0
BRDA:1633,113,0,0
BRDA:1633,113,1,0
BRDA:1637,114,0,0
BRDA:1637,114,1,0
BRDA:1642,115,0,0
BRDA:1642,115,1,0
BRDA:1670,116,0,0
BRDA:1670,116,1,0
BRDA:1687,117,0,0
BRDA:1687,117,1,0
BRDA:1700,118,0,0
BRDA:1700,118,1,0
BRDA:1734,119,0,0
BRDA:1734,119,1,0
BRDA:1746,120,0,0
BRDA:1746,120,1,0
BRDA:1748,121,0,0
BRDA:1748,121,1,0
BRDA:1753,122,0,0
BRDA:1753,122,1,0
BRDA:1754,123,0,0
BRDA:1754,123,1,0
BRDA:1755,124,0,0
BRDA:1755,124,1,0
BRDA:1760,125,0,0
BRDA:1760,125,1,0
BRDA:1774,126,0,0
BRDA:1774,126,1,0
BRDA:1778,127,0,0
BRDA:1778,127,1,0
BRDA:1779,128,0,0
BRDA:1779,128,1,0
BRDA:1786,129,0,0
BRDA:1786,129,1,0
BRDA:1793,130,0,0
BRDA:1793,130,1,0
BRDA:1800,131,0,0
BRDA:1800,131,1,0
BRDA:1816,132,0,0
BRDA:1816,132,1,0
BRDA:1817,133,0,0
BRDA:1817,133,1,0
BRDA:1819,134,0,0
BRDA:1819,134,1,0
BRDA:1835,135,0,0
BRDA:1835,135,1,0
BRDA:1835,136,0,0
BRDA:1835,136,1,0
BRDA:1836,137,0,0
BRDA:1836,137,1,0
BRDA:1838,138,0,0
BRDA:1838,138,1,0
BRDA:1840,139,0,0
BRDA:1840,139,1,0
BRDA:1841,140,0,0
BRDA:1841,140,1,0
BRDA:1843,141,0,0
BRDA:1843,141,1,0
BRDA:1863,142,0,0
BRDA:1863,142,1,0
BRDA:1864,143,0,0
BRDA:1864,143,1,0
BRDA:1867,144,0,0
BRDA:1867,144,1,0
BRDA:1870,145,0,0
BRDA:1870,145,1,0
BRDA:1871,146,0,0
BRDA:1871,146,1,0
BRDA:1879,147,0,0
BRDA:1879,147,1,0
BRDA:1890,148,0,0
BRDA:1890,148,1,0
BRDA:1917,149,0,0
BRDA:1917,149,1,0
BRDA:1919,150,0,0
BRDA:1919,150,1,0
BRDA:1922,151,0,0
BRDA:1922,151,1,0
BRDA:1925,152,0,0
BRDA:1925,152,1,0
BRDA:1929,153,0,0
BRDA:1929,153,1,0
BRDA:1929,154,0,0
BRDA:1929,154,1,0
BRDA:1934,155,0,0
BRDA:1934,155,1,0
BRDA:1947,156,0,0
BRDA:1947,156,1,0
BRDA:1950,157,0,0
BRDA:1950,157,1,0
BRDA:1950,158,0,0
BRDA:1950,158,1,0
BRDA:1953,159,0,0
BRDA:1953,159,1,0
BRDA:1953,160,0,0
BRDA:1953,160,1,0
BRDA:1956,161,0,0
BRDA:1956,161,1,0
BRDA:1959,162,0,0
BRDA:1959,162,1,0
BRDA:1959,163,0,0
BRDA:1959,163,1,0
BRDA:1963,164,0,0
BRDA:1963,164,1,0
BRDA:1968,165,0,0
BRDA:1968,165,1,0
BRDA:1968,166,0,0
BRDA:1968,166,1,0
BRDA:1971,167,0,0
BRDA:1971,167,1,0
BRDA:1971,168,0,0
BRDA:1971,168,1,0
BRDA:1976,169,0,0
BRDA:1976,169,1,0
BRDA:1979,170,0,0
BRDA:1979,170,1,0
BRDA:1985,171,0,0
BRDA:1985,171,1,0
BRDA:2002,172,0,0
BRDA:2002,172,1,0
BRDA:2007,173,0,0
BRDA:2007,173,1,0
BRDA:2016,174,0,0
BRDA:2016,174,1,0
BRDA:2016,175,0,0
BRDA:2016,175,1,0
BRDA:2016,175,2,0
BRDA:2016,175,3,0
BRDA:2019,176,0,0
BRDA:2019,176,1,0
BRDA:2030,177,0,0
BRDA:2030,177,1,0
BRDA:2032,178,0,0
BRDA:2032,178,1,0
BRDA:2032,179,0,0
BRDA:2032,179,1,0
BRDA:2035,180,0,0
BRDA:2035,180,1,0
BRDA:2038,181,0,0
BRDA:2038,181,1,0
BRDA:2040,182,0,0
BRDA:2040,182,1,0
BRDA:2048,183,0,0
BRDA:2048,183,1,0
BRDA:2048,184,0,0
BRDA:2048,184,1,0
BRDA:2057,185,0,0
BRDA:2057,185,1,0
BRDA:2057,186,0,0
BRDA:2057,186,1,0
BRDA:2075,187,0,0
BRDA:2075,187,1,0
BRDA:2083,188,0,0
BRDA:2083,188,1,0
BRDA:2099,189,0,0
BRDA:2099,189,1,0
BRDA:2111,190,0,0
BRDA:2111,190,1,0
BRDA:2131,191,0,0
BRDA:2131,191,1,0
BRDA:2131,192,0,0
BRDA:2131,192,1,0
BRDA:2146,193,0,0
BRDA:2146,193,1,0
BRDA:2196,194,0,0
BRDA:2196,194,1,0
BRDA:2196,194,2,0
BRDA:2206,195,0,0
BRDA:2206,195,1,0
BRDA:2210,196,0,0
BRDA:2210,196,1,0
BRDA:2210,197,0,0
BRDA:2210,197,1,0
BRDA:2211,198,0,0
BRDA:2211,198,1,0
BRDA:2213,199,0,0
BRDA:2213,199,1,0
BRDA:2242,200,0,0
BRDA:2242,200,1,0
BRDA:2242,200,2,0
BRDA:2258,201,0,0
BRDA:2258,201,1,0
BRDA:2264,202,0,0
BRDA:2264,202,1,0
BRDA:2264,203,0,0
BRDA:2264,203,1,0
BRDA:2272,204,0,0
BRDA:2272,204,1,0
BRDA:2284,205,0,0
BRDA:2284,205,1,0
BRDA:2320,206,0,0
BRDA:2320,206,1,0
BRDA:2331,207,0,0
BRDA:2331,207,1,0
BRDA:2335,208,0,0
BRDA:2335,208,1,0
BRDA:2335,209,0,0
BRDA:2335,209,1,0
BRDA:2352,210,0,0
BRDA:2352,210,1,0
BRDA:2360,211,0,0
BRDA:2360,211,1,0
BRDA:2364,212,0,0
BRDA:2364,212,1,0
BRDA:2377,213,0,0
BRDA:2377,213,1,0
BRDA:2395,214,0,0
BRDA:2395,214,1,0
BRDA:2396,215,0,0
BRDA:2396,215,1,0
BRDA:2405,216,0,0
BRDA:2405,216,1,0
BRDA:2417,217,0,0
BRDA:2417,217,1,0
BRDA:2427,218,0,0
BRDA:2427,218,1,0
BRDA:2427,219,0,0
BRDA:2427,219,1,0
BRDA:2434,220,0,0
BRDA:2434,220,1,0
BRDA:2434,221,0,0
BRDA:2434,221,1,0
BRDA:2459,222,0,0
BRDA:2459,222,1,0
BRDA:2503,223,0,0
BRDA:2503,223,1,0
BRDA:3180,224,0,0
BRDA:3180,224,1,0
BRDA:3367,225,0,0
BRDA:3367,225,1,0
BRDA:3373,226,0,0
BRDA:3373,226,1,0
BRDA:3376,227,0,0
BRDA:3376,227,1,0
BRDA:4530,228,0,0
BRDA:4530,228,1,0
BRDA:4906,229,0,0
BRDA:4906,229,1,0
BRDA:5171,230,0,0
BRDA:5171,230,1,0
BRDA:5171,231,0,0
BRDA:5171,231,1,0
BRF:468
BRH:0
end_of_record
TN:
SF:out\scripts\third-party\hljs.js
FN:1,(anonymous_0)
FN:1,t
FN:1,(anonymous_2)
FN:1,(anonymous_3)
FN:1,(anonymous_4)
FN:1,(anonymous_5)
FN:1,(anonymous_6)
FN:1,n
FN:1,l
FN:1,(anonymous_9)
FN:1,(anonymous_10)
FN:1,(anonymous_11)
FN:1,(anonymous_12)
FN:1,(anonymous_13)
FN:1,(anonymous_14)
FN:1,(anonymous_15)
FN:1,(anonymous_16)
FN:1,(anonymous_17)
FN:1,(anonymous_18)
FN:1,(anonymous_19)
FN:1,(anonymous_20)
FN:1,(anonymous_21)
FN:1,(anonymous_22)
FN:1,(anonymous_23)
FN:1,(anonymous_24)
FN:1,(anonymous_25)
FN:1,(anonymous_26)
FN:1,(anonymous_27)
FN:1,(anonymous_28)
FN:1,(anonymous_29)
FN:1,(anonymous_30)
FN:1,(anonymous_31)
FN:1,(anonymous_32)
FN:1,(anonymous_33)
FN:1,(anonymous_34)
FN:1,(anonymous_35)
FN:1,(anonymous_36)
FN:1,(anonymous_37)
FN:1,(anonymous_38)
FN:1,c
FN:1,k
FN:1,O
FN:1,(anonymous_42)
FN:1,d
FN:1,(anonymous_44)
FN:1,u
FN:1,g
FN:1,(anonymous_47)
FN:1,(anonymous_48)
FN:1,r
FN:1,(anonymous_50)
FN:1,(anonymous_51)
FN:1,(anonymous_52)
FN:1,(anonymous_53)
FN:1,(anonymous_54)
FN:1,$
FN:1,P
FN:1,U
FN:1,H
FN:1,Z
FN:1,G
FN:1,(anonymous_61)
FN:1,(anonymous_62)
FN:1,_
FN:1,(anonymous_64)
FN:1,i
FN:1,(anonymous_66)
FN:1,(anonymous_67)
FN:1,(anonymous_68)
FN:1,(anonymous_69)
FN:1,(anonymous_70)
FN:1,(anonymous_71)
FN:1,(anonymous_72)
FN:1,M
FN:1,q
FN:1,Q
FN:1,s
FN:1,(anonymous_77)
FN:1,(anonymous_78)
FN:1,(anonymous_79)
FN:1,(anonymous_80)
FN:1,(anonymous_81)
FN:1,(anonymous_82)
FN:1,(anonymous_83)
FN:1,(anonymous_84)
FN:1,(anonymous_85)
FN:1,(anonymous_86)
FN:1,(anonymous_87)
FN:1,(anonymous_88)
FN:1,(anonymous_89)
FN:1,(anonymous_90)
FN:1,n
FN:1,(anonymous_92)
FN:1,(anonymous_93)
FN:1,(anonymous_94)
FN:1,(anonymous_95)
FN:1,(anonymous_96)
FN:1,e
FN:1,(anonymous_98)
FN:1,(anonymous_99)
FN:1,(anonymous_100)
FN:1,(anonymous_101)
FN:1,o
FN:1,l
FN:1,B
FN:1,c
FN:1,d
FN:1,(anonymous_107)
FN:1,i
FN:1,u
FN:1,g
FN:1,b
FN:1,e
FN:1,n
FN:1,(anonymous_114)
FN:1,T
FN:1,(anonymous_116)
FN:1,(anonymous_117)
FN:1,(anonymous_118)
FN:1,n
FN:1,(anonymous_120)
FN:1,(anonymous_121)
FN:1,e
FN:1,I
FN:1,c
FN:1,(anonymous_125)
FN:1,d
FN:1,u
FN:1,(anonymous_128)
FN:1,(anonymous_129)
FN:1,(anonymous_130)
FN:1,(anonymous_131)
FN:1,(anonymous_132)
FN:1,(anonymous_133)
FN:1,(anonymous_134)
FN:1,(anonymous_135)
FN:1,(anonymous_136)
FN:1,(anonymous_137)
FN:1,(anonymous_138)
FN:1,(anonymous_139)
FN:1,(anonymous_140)
FN:1,(anonymous_141)
FN:1,de
FN:1,(anonymous_143)
FN:1,ue
FN:1,ge
FN:1,(anonymous_146)
FN:1,(anonymous_147)
FN:1,(anonymous_148)
FN:1,(anonymous_149)
FN:1,(anonymous_150)
FN:1,(anonymous_151)
FN:1,(anonymous_152)
FN:1,(anonymous_153)
FN:1,(anonymous_154)
FN:1,(anonymous_155)
FN:1,(anonymous_156)
FNF:157
FNH:0
FNDA:0,(anonymous_0)
FNDA:0,t
FNDA:0,(anonymous_2)
FNDA:0,(anonymous_3)
FNDA:0,(anonymous_4)
FNDA:0,(anonymous_5)
FNDA:0,(anonymous_6)
FNDA:0,n
FNDA:0,l
FNDA:0,(anonymous_9)
FNDA:0,(anonymous_10)
FNDA:0,(anonymous_11)
FNDA:0,(anonymous_12)
FNDA:0,(anonymous_13)
FNDA:0,(anonymous_14)
FNDA:0,(anonymous_15)
FNDA:0,(anonymous_16)
FNDA:0,(anonymous_17)
FNDA:0,(anonymous_18)
FNDA:0,(anonymous_19)
FNDA:0,(anonymous_20)
FNDA:0,(anonymous_21)
FNDA:0,(anonymous_22)
FNDA:0,(anonymous_23)
FNDA:0,(anonymous_24)
FNDA:0,(anonymous_25)
FNDA:0,(anonymous_26)
FNDA:0,(anonymous_27)
FNDA:0,(anonymous_28)
FNDA:0,(anonymous_29)
FNDA:0,(anonymous_30)
FNDA:0,(anonymous_31)
FNDA:0,(anonymous_32)
FNDA:0,(anonymous_33)
FNDA:0,(anonymous_34)
FNDA:0,(anonymous_35)
FNDA:0,(anonymous_36)
FNDA:0,(anonymous_37)
FNDA:0,(anonymous_38)
FNDA:0,c
FNDA:0,k
FNDA:0,O
FNDA:0,(anonymous_42)
FNDA:0,d
FNDA:0,(anonymous_44)
FNDA:0,u
FNDA:0,g
FNDA:0,(anonymous_47)
FNDA:0,(anonymous_48)
FNDA:0,r
FNDA:0,(anonymous_50)
FNDA:0,(anonymous_51)
FNDA:0,(anonymous_52)
FNDA:0,(anonymous_53)
FNDA:0,(anonymous_54)
FNDA:0,$
FNDA:0,P
FNDA:0,U
FNDA:0,H
FNDA:0,Z
FNDA:0,G
FNDA:0,(anonymous_61)
FNDA:0,(anonymous_62)
FNDA:0,_
FNDA:0,(anonymous_64)
FNDA:0,i
FNDA:0,(anonymous_66)
FNDA:0,(anonymous_67)
FNDA:0,(anonymous_68)
FNDA:0,(anonymous_69)
FNDA:0,(anonymous_70)
FNDA:0,(anonymous_71)
FNDA:0,(anonymous_72)
FNDA:0,M
FNDA:0,q
FNDA:0,Q
FNDA:0,s
FNDA:0,(anonymous_77)
FNDA:0,(anonymous_78)
FNDA:0,(anonymous_79)
FNDA:0,(anonymous_80)
FNDA:0,(anonymous_81)
FNDA:0,(anonymous_82)
FNDA:0,(anonymous_83)
FNDA:0,(anonymous_84)
FNDA:0,(anonymous_85)
FNDA:0,(anonymous_86)
FNDA:0,(anonymous_87)
FNDA:0,(anonymous_88)
FNDA:0,(anonymous_89)
FNDA:0,(anonymous_90)
FNDA:0,n
FNDA:0,(anonymous_92)
FNDA:0,(anonymous_93)
FNDA:0,(anonymous_94)
FNDA:0,(anonymous_95)
FNDA:0,(anonymous_96)
FNDA:0,e
FNDA:0,(anonymous_98)
FNDA:0,(anonymous_99)
FNDA:0,(anonymous_100)
FNDA:0,(anonymous_101)
FNDA:0,o
FNDA:0,l
FNDA:0,B
FNDA:0,c
FNDA:0,d
FNDA:0,(anonymous_107)
FNDA:0,i
FNDA:0,u
FNDA:0,g
FNDA:0,b
FNDA:0,e
FNDA:0,n
FNDA:0,(anonymous_114)
FNDA:0,T
FNDA:0,(anonymous_116)
FNDA:0,(anonymous_117)
FNDA:0,(anonymous_118)
FNDA:0,n
FNDA:0,(anonymous_120)
FNDA:0,(anonymous_121)
FNDA:0,e
FNDA:0,I
FNDA:0,c
FNDA:0,(anonymous_125)
FNDA:0,d
FNDA:0,u
FNDA:0,(anonymous_128)
FNDA:0,(anonymous_129)
FNDA:0,(anonymous_130)
FNDA:0,(anonymous_131)
FNDA:0,(anonymous_132)
FNDA:0,(anonymous_133)
FNDA:0,(anonymous_134)
FNDA:0,(anonymous_135)
FNDA:0,(anonymous_136)
FNDA:0,(anonymous_137)
FNDA:0,(anonymous_138)
FNDA:0,(anonymous_139)
FNDA:0,(anonymous_140)
FNDA:0,(anonymous_141)
FNDA:0,de
FNDA:0,(anonymous_143)
FNDA:0,ue
FNDA:0,ge
FNDA:0,(anonymous_146)
FNDA:0,(anonymous_147)
FNDA:0,(anonymous_148)
FNDA:0,(anonymous_149)
FNDA:0,(anonymous_150)
FNDA:0,(anonymous_151)
FNDA:0,(anonymous_152)
FNDA:0,(anonymous_153)
FNDA:0,(anonymous_154)
FNDA:0,(anonymous_155)
FNDA:0,(anonymous_156)
DA:1,0
LF:1
LH:0
BRDA:1,0,0,0
BRDA:1,0,1,0
BRDA:1,1,0,0
BRDA:1,1,1,0
BRDA:1,2,0,0
BRDA:1,2,1,0
BRDA:1,2,2,0
BRDA:1,3,0,0
BRDA:1,3,1,0
BRDA:1,4,0,0
BRDA:1,4,1,0
BRDA:1,5,0,0
BRDA:1,5,1,0
BRDA:1,6,0,0
BRDA:1,6,1,0
BRDA:1,7,0,0
BRDA:1,7,1,0
BRDA:1,8,0,0
BRDA:1,8,1,0
BRDA:1,9,0,0
BRDA:1,9,1,0
BRDA:1,10,0,0
BRDA:1,10,1,0
BRDA:1,11,0,0
BRDA:1,11,1,0
BRDA:1,11,2,0
BRDA:1,12,0,0
BRDA:1,12,1,0
BRDA:1,13,0,0
BRDA:1,13,1,0
BRDA:1,14,0,0
BRDA:1,14,1,0
BRDA:1,15,0,0
BRDA:1,15,1,0
BRDA:1,16,0,0
BRDA:1,16,1,0
BRDA:1,17,0,0
BRDA:1,17,1,0
BRDA:1,18,0,0
BRDA:1,18,1,0
BRDA:1,19,0,0
BRDA:1,19,1,0
BRDA:1,20,0,0
BRDA:1,20,1,0
BRDA:1,21,0,0
BRDA:1,21,1,0
BRDA:1,22,0,0
BRDA:1,22,1,0
BRDA:1,23,0,0
BRDA:1,23,1,0
BRDA:1,24,0,0
BRDA:1,25,0,0
BRDA:1,26,0,0
BRDA:1,26,1,0
BRDA:1,27,0,0
BRDA:1,27,1,0
BRDA:1,28,0,0
BRDA:1,28,1,0
BRDA:1,29,0,0
BRDA:1,29,1,0
BRDA:1,30,0,0
BRDA:1,30,1,0
BRDA:1,31,0,0
BRDA:1,31,1,0
BRDA:1,31,2,0
BRDA:1,32,0,0
BRDA:1,32,1,0
BRDA:1,33,0,0
BRDA:1,33,1,0
BRDA:1,34,0,0
BRDA:1,34,1,0
BRDA:1,35,0,0
BRDA:1,35,1,0
BRDA:1,36,0,0
BRDA:1,36,1,0
BRDA:1,37,0,0
BRDA:1,37,1,0
BRDA:1,38,0,0
BRDA:1,38,1,0
BRDA:1,39,0,0
BRDA:1,39,1,0
BRDA:1,40,0,0
BRDA:1,40,1,0
BRDA:1,41,0,0
BRDA:1,42,0,0
BRDA:1,42,1,0
BRDA:1,43,0,0
BRDA:1,43,1,0
BRDA:1,44,0,0
BRDA:1,44,1,0
BRDA:1,45,0,0
BRDA:1,45,1,0
BRDA:1,46,0,0
BRDA:1,46,1,0
BRDA:1,47,0,0
BRDA:1,47,1,0
BRDA:1,48,0,0
BRDA:1,48,1,0
BRDA:1,48,2,0
BRDA:1,48,3,0
BRDA:1,49,0,0
BRDA:1,49,1,0
BRDA:1,50,0,0
BRDA:1,50,1,0
BRDA:1,51,0,0
BRDA:1,51,1,0
BRDA:1,52,0,0
BRDA:1,52,1,0
BRDA:1,53,0,0
BRDA:1,53,1,0
BRDA:1,53,2,0
BRDA:1,54,0,0
BRDA:1,54,1,0
BRDA:1,55,0,0
BRDA:1,55,1,0
BRDA:1,56,0,0
BRDA:1,56,1,0
BRDA:1,57,0,0
BRDA:1,57,1,0
BRDA:1,58,0,0
BRDA:1,58,1,0
BRDA:1,58,2,0
[...]
BRDA:1,229,0,0
BRDA:1,229,1,0
BRDA:1,230,0,0
BRDA:1,230,1,0
BRDA:1,231,0,0
BRDA:1,231,1,0
BRDA:1,232,0,0
BRDA:1,232,1,0
BRDA:1,232,2,0
BRDA:1,232,3,0
BRDA:1,233,0,0
BRDA:1,233,1,0
BRDA:1,234,0,0
BRDA:1,234,1,0
BRDA:1,235,0,0
BRDA:1,235,1,0
BRDA:1,236,0,0
BRDA:1,236,1,0
BRDA:1,237,0,0
BRDA:1,237,1,0
BRDA:1,238,0,0
BRDA:1,238,1,0
BRDA:1,238,2,0
BRDA:1,238,3,0
BRDA:1,238,4,0
BRDA:1,238,5,0
BRDA:1,239,0,0
BRDA:1,239,1,0
BRDA:1,240,0,0
BRDA:1,240,1,0
BRDA:1,241,0,0
BRDA:1,241,1,0
BRDA:1,241,2,0
BRDA:1,241,3,0
BRDA:1,241,4,0
BRDA:1,241,5,0
BRDA:1,242,0,0
BRDA:1,242,1,0
BRDA:1,243,0,0
BRDA:1,243,1,0
BRDA:1,244,0,0
BRDA:1,244,1,0
BRDA:1,245,0,0
BRDA:1,245,1,0
BRDA:1,246,0,0
BRDA:1,246,1,0
BRDA:1,247,0,0
BRDA:1,247,1,0
BRDA:1,248,0,0
BRDA:1,248,1,0
BRDA:1,249,0,0
BRDA:1,249,1,0
BRDA:1,250,0,0
BRDA:1,250,1,0
BRDA:1,251,0,0
BRDA:1,251,1,0
BRDA:1,252,0,0
BRDA:1,252,1,0
BRDA:1,252,2,0
BRDA:1,253,0,0
BRDA:1,253,1,0
BRDA:1,253,2,0
BRDA:1,254,0,0
BRDA:1,254,1,0
BRDA:1,255,0,0
BRDA:1,255,1,0
BRDA:1,256,0,0
BRDA:1,256,1,0
BRDA:1,257,0,0
BRDA:1,257,1,0
BRDA:1,258,0,0
BRDA:1,258,1,0
BRDA:1,259,0,0
BRDA:1,259,1,0
BRDA:1,260,0,0
BRDA:1,260,1,0
BRDA:1,261,0,0
BRDA:1,261,1,0
BRDA:1,262,0,0
BRDA:1,262,1,0
BRDA:1,263,0,0
BRDA:1,263,1,0
BRDA:1,264,0,0
BRDA:1,264,1,0
BRDA:1,265,0,0
BRDA:1,265,1,0
BRDA:1,266,0,0
BRDA:1,266,1,0
BRDA:1,267,0,0
BRDA:1,267,1,0
BRDA:1,268,0,0
BRDA:1,268,1,0
BRDA:1,269,0,0
BRDA:1,269,1,0
BRDA:1,270,0,0
BRDA:1,270,1,0
BRDA:1,271,0,0
BRDA:1,271,1,0
BRDA:1,272,0,0
BRDA:1,272,1,0
BRDA:1,273,0,0
BRDA:1,273,1,0
BRDA:1,273,2,0
BRDA:1,274,0,0
BRDA:1,274,1,0
BRDA:1,275,0,0
BRDA:1,275,1,0
BRDA:1,276,0,0
BRDA:1,276,1,0
BRDA:1,276,2,0
BRDA:1,276,3,0
BRDA:1,277,0,0
BRDA:1,277,1,0
BRDA:1,278,0,0
BRDA:1,278,1,0
BRDA:1,279,0,0
BRDA:1,279,1,0
BRDA:1,280,0,0
BRDA:1,280,1,0
BRDA:1,281,0,0
BRDA:1,281,1,0
BRDA:1,282,0,0
BRDA:1,282,1,0
BRDA:1,283,0,0
BRDA:1,283,1,0
BRDA:1,284,0,0
BRDA:1,284,1,0
BRDA:1,285,0,0
BRDA:1,285,1,0
BRF:639
BRH:0
end_of_record
TN:
SF:out\scripts\third-party\tocbot.js
FN:17,(anonymous_0)
FN:34,ParseContent
FN:42,getLastItem
FN:51,getHeadingLevel
FN:60,getHeadingObject
FN:97,addNode
FN:132,selectHeadings
FN:136,mapSelectors
FN:153,nestHeadingsArray
FN:154,reducer
FN:171,BuildHtml
FN:186,createEl
FN:190,(anonymous_12)
FN:203,render
FN:207,(anonymous_14)
FN:236,createLink
FN:252,(anonymous_16)
FN:272,createList
FN:289,updateFixedSidebarClass
FN:316,getHeadingTopPos
FN:326,updateListActiveElement
FN:331,(anonymous_21)
FN:336,(anonymous_22)
FN:357,(anonymous_23)
FN:373,updateToc
FN:394,(anonymous_25)
FN:421,removeCollapsedFromParents
FN:433,disableTocAnimation
FN:446,enableTocAnimation
FN:459,updateTocScroll
FN:470,(anonymous_30)
FN:478,(anonymous_31)
FN:495,extend
FN:509,throttle
FN:513,(anonymous_34)
FN:520,(anonymous_35)
FN:531,getContentElement
FN:540,getTocElement
FN:552,(anonymous_38)
FN:579,(anonymous_39)
FN:637,(anonymous_40)
FN:663,(anonymous_41)
FNF:42
FNH:0
FNDA:0,(anonymous_0)
FNDA:0,ParseContent
FNDA:0,getLastItem
FNDA:0,getHeadingLevel
FNDA:0,getHeadingObject
FNDA:0,addNode
FNDA:0,selectHeadings
FNDA:0,mapSelectors
FNDA:0,nestHeadingsArray
FNDA:0,reducer
FNDA:0,BuildHtml
FNDA:0,createEl
FNDA:0,(anonymous_12)
FNDA:0,render
FNDA:0,(anonymous_14)
FNDA:0,createLink
FNDA:0,(anonymous_16)
FNDA:0,createList
FNDA:0,updateFixedSidebarClass
FNDA:0,getHeadingTopPos
FNDA:0,updateListActiveElement
FNDA:0,(anonymous_21)
FNDA:0,(anonymous_22)
FNDA:0,(anonymous_23)
FNDA:0,updateToc
FNDA:0,(anonymous_25)
FNDA:0,removeCollapsedFromParents
FNDA:0,disableTocAnimation
FNDA:0,enableTocAnimation
FNDA:0,updateTocScroll
FNDA:0,(anonymous_30)
FNDA:0,(anonymous_31)
FNDA:0,extend
FNDA:0,throttle
FNDA:0,(anonymous_34)
FNDA:0,(anonymous_35)
FNDA:0,getContentElement
FNDA:0,getTocElement
FNDA:0,(anonymous_38)
FNDA:0,(anonymous_39)
FNDA:0,(anonymous_40)
FNDA:0,(anonymous_41)
DA:2,0
DA:35,0
DA:43,0
DA:52,0
DA:64,0
DA:66,0
DA:67,0
DA:70,0
DA:72,0
DA:80,0
DA:81,0
DA:84,0
DA:85,0
DA:88,0
DA:98,0
DA:99,0
DA:100,0
DA:101,0
DA:102,0
DA:105,0
DA:107,0
DA:108,0
DA:110,0
DA:111,0
DA:112,0
DA:113,0
DA:115,0
DA:118,0
DA:119,0
DA:122,0
DA:123,0
DA:133,0
DA:134,0
DA:135,0
DA:137,0
DA:140,0
DA:141,0
DA:143,0
DA:144,0
DA:154,0
DA:155,0
DA:156,0
DA:157,0
DA:159,0
DA:165,0
DA:172,0
DA:173,0
DA:174,0
DA:176,0
DA:177,0
DA:178,0
DA:187,0
DA:188,0
DA:189,0
DA:190,0
DA:191,0
DA:193,0
DA:204,0
DA:205,0
DA:207,0
DA:208,0
DA:212,0
DA:213,0
DA:214,0
DA:218,0
DA:219,0
DA:223,0
DA:224,0
DA:228,0
DA:237,0
DA:238,0
DA:239,0
DA:240,0
DA:243,0
DA:244,0
DA:247,0
DA:248,0
DA:251,0
DA:252,0
DA:253,0
DA:257,0
DA:259,0
DA:260,0
DA:263,0
DA:264,0
DA:273,0
DA:274,0
DA:275,0
DA:277,0
DA:278,0
DA:279,0
DA:281,0
DA:282,0
DA:290,0
DA:292,0
DA:294,0
DA:296,0
DA:298,0
DA:299,0
DA:302,0
DA:303,0
DA:304,0
DA:307,0
DA:317,0
DA:318,0
DA:319,0
DA:320,0
DA:322,0
DA:327,0
DA:329,0
DA:331,0
DA:332,0
DA:334,0
DA:336,0
DA:337,0
DA:341,0
DA:345,0
DA:346,0
DA:348,0
DA:349,0
DA:350,0
DA:353,0
DA:357,0
DA:358,0
DA:359,0
DA:364,0
DA:365,0
DA:367,0
DA:375,0
DA:377,0
DA:379,0
DA:383,0
DA:384,0
DA:388,0
DA:391,0
DA:394,0
DA:395,0
DA:396,0
DA:397,0
DA:399,0
DA:401,0
DA:402,0
DA:403,0
DA:404,0
DA:406,0
DA:407,0
DA:412,0
DA:422,0
DA:423,0
DA:424,0
DA:426,0
DA:434,0
DA:435,0
DA:436,0
DA:440,0
DA:447,0
DA:450,0
DA:460,0
DA:461,0
DA:462,0
DA:463,0
DA:464,0
DA:465,0
DA:470,0
DA:471,0
DA:472,0
DA:473,0
DA:474,0
DA:476,0
DA:481,0
DA:482,0
DA:487,0
DA:488,0
DA:489,0
DA:494,0
DA:496,0
DA:497,0
DA:498,0
DA:499,0
DA:500,0
DA:501,0
DA:505,0
DA:510,0
DA:513,0
DA:514,0
DA:515,0
DA:516,0
DA:517,0
DA:519,0
DA:520,0
DA:521,0
DA:522,0
DA:525,0
DA:526,0
DA:532,0
DA:533,0
DA:535,0
DA:536,0
DA:541,0
DA:542,0
DA:544,0
DA:545,0
DA:552,0
DA:553,0
DA:554,0
DA:555,0
DA:558,0
DA:560,0
DA:561,0
DA:566,0
DA:567,0
DA:568,0
DA:570,0
DA:571,0
DA:579,0
DA:581,0
DA:582,0
DA:587,0
DA:588,0
DA:589,0
DA:592,0
DA:593,0
DA:594,0
DA:598,0
DA:599,0
DA:602,0
DA:603,0
DA:604,0
DA:605,0
DA:608,0
DA:610,0
DA:611,0
DA:612,0
DA:615,0
DA:616,0
DA:617,0
DA:621,0
DA:623,0
DA:624,0
DA:628,0
DA:629,0
DA:632,0
DA:633,0
DA:637,0
DA:638,0
DA:639,0
DA:640,0
DA:641,0
DA:642,0
DA:643,0
DA:644,0
DA:648,0
DA:649,0
DA:650,0
DA:651,0
DA:653,0
DA:654,0
DA:657,0
DA:663,0
DA:664,0
DA:665,0
DA:669,0
DA:671,0
LF:263
LH:0
BRDA:64,0,0,0
BRDA:64,0,1,0
BRDA:66,1,0,0
BRDA:66,1,1,0
BRDA:66,2,0,0
BRDA:66,2,1,0
BRDA:66,2,2,0
BRDA:70,3,0,0
BRDA:70,3,1,0
BRDA:71,4,0,0
BRDA:71,4,1,0
BRDA:80,5,0,0
BRDA:80,5,1,0
BRDA:84,6,0,0
BRDA:84,6,1,0
BRDA:102,7,0,0
BRDA:102,7,1,0
BRDA:110,8,0,0
BRDA:110,8,1,0
BRDA:110,9,0,0
BRDA:110,9,1,0
BRDA:112,10,0,0
BRDA:112,10,1,0
BRDA:112,11,0,0
BRDA:112,11,1,0
BRDA:118,12,0,0
BRDA:118,12,1,0
BRDA:134,13,0,0
BRDA:134,13,1,0
BRDA:156,14,0,0
BRDA:156,14,1,0
BRDA:188,15,0,0
BRDA:188,15,1,0
BRDA:212,16,0,0
BRDA:212,16,1,0
BRDA:213,17,0,0
BRDA:213,17,1,0
BRDA:218,18,0,0
BRDA:218,18,1,0
BRDA:223,19,0,0
BRDA:223,19,1,0
BRDA:239,20,0,0
BRDA:239,20,1,0
BRDA:243,21,0,0
BRDA:243,21,1,0
BRDA:247,22,0,0
BRDA:247,22,1,0
BRDA:251,23,0,0
BRDA:251,23,1,0
BRDA:251,24,0,0
BRDA:251,24,1,0
BRDA:273,25,0,0
BRDA:273,25,1,0
BRDA:277,26,0,0
BRDA:277,26,1,0
BRDA:290,27,0,0
BRDA:290,27,1,0
BRDA:290,28,0,0
BRDA:290,28,1,0
BRDA:294,29,0,0
BRDA:294,29,1,0
BRDA:298,30,0,0
BRDA:298,30,1,0
BRDA:302,31,0,0
BRDA:302,31,1,0
BRDA:303,32,0,0
BRDA:303,32,1,0
BRDA:318,33,0,0
BRDA:318,33,1,0
BRDA:320,34,0,0
BRDA:320,34,1,0
BRDA:345,35,0,0
BRDA:345,35,1,0
BRDA:345,36,0,0
BRDA:345,36,1,0
BRDA:348,37,0,0
BRDA:348,37,1,0
BRDA:349,38,0,0
BRDA:349,38,1,0
BRDA:349,39,0,0
BRDA:349,39,1,0
BRDA:358,40,0,0
BRDA:358,40,1,0
BRDA:364,41,0,0
BRDA:364,41,1,0
BRDA:364,42,0,0
BRDA:364,42,1,0
BRDA:364,42,2,0
BRDA:367,43,0,0
BRDA:367,43,1,0
BRDA:375,44,0,0
BRDA:375,44,1,0
BRDA:375,45,0,0
BRDA:375,45,1,0
BRDA:379,46,0,0
BRDA:379,46,1,0
BRDA:383,47,0,0
BRDA:383,47,1,0
BRDA:391,48,0,0
BRDA:391,48,1,0
BRDA:391,49,0,0
BRDA:391,49,1,0
BRDA:391,49,2,0
BRDA:396,50,0,0
BRDA:396,50,1,0
BRDA:399,51,0,0
BRDA:399,51,1,0
BRDA:401,52,0,0
BRDA:401,52,1,0
BRDA:404,53,0,0
BRDA:404,53,1,0
BRDA:422,54,0,0
BRDA:422,54,1,0
BRDA:422,55,0,0
BRDA:422,55,1,0
BRDA:422,55,2,0
BRDA:434,56,0,0
BRDA:434,56,1,0
BRDA:435,57,0,0
BRDA:435,57,1,0
BRDA:435,58,0,0
BRDA:435,58,1,0
BRDA:460,59,0,0
BRDA:460,59,1,0
BRDA:461,60,0,0
BRDA:461,60,1,0
BRDA:461,61,0,0
BRDA:461,61,1,0
BRDA:463,62,0,0
BRDA:463,62,1,0
BRDA:471,63,0,0
BRDA:471,63,1,0
BRDA:471,64,0,0
BRDA:471,64,1,0
BRDA:473,65,0,0
BRDA:473,65,1,0
BRDA:478,66,0,0
BRDA:478,66,1,0
BRDA:478,67,0,0
BRDA:478,67,1,0
BRDA:487,68,0,0
BRDA:487,68,1,0
BRDA:487,68,2,0
BRDA:487,68,3,0
BRDA:488,69,0,0
BRDA:488,69,1,0
BRDA:488,70,0,0
BRDA:488,70,1,0
BRDA:500,71,0,0
BRDA:500,71,1,0
BRDA:510,72,0,0
BRDA:510,72,1,0
BRDA:514,73,0,0
BRDA:514,73,1,0
BRDA:517,74,0,0
BRDA:517,74,1,0
BRDA:517,75,0,0
BRDA:517,75,1,0
BRDA:533,76,0,0
BRDA:533,76,1,0
BRDA:542,77,0,0
BRDA:542,77,1,0
BRDA:554,78,0,0
BRDA:554,78,1,0
BRDA:558,79,0,0
BRDA:558,79,1,0
BRDA:560,80,0,0
BRDA:560,80,1,0
BRDA:566,81,0,0
BRDA:566,81,1,0
BRDA:566,82,0,0
BRDA:566,82,1,0
BRDA:581,83,0,0
BRDA:581,83,1,0
BRDA:587,84,0,0
BRDA:587,84,1,0
BRDA:592,85,0,0
BRDA:592,85,1,0
BRDA:611,86,0,0
BRDA:611,86,1,0
BRDA:616,87,0,0
BRDA:616,87,1,0
BRDA:623,88,0,0
BRDA:623,88,1,0
BRDA:632,89,0,0
BRDA:632,89,1,0
BRDA:639,90,0,0
BRDA:639,90,1,0
BRDA:640,91,0,0
BRDA:640,91,1,0
BRDA:640,91,2,0
BRDA:640,91,3,0
BRDA:641,92,0,0
BRDA:641,92,1,0
BRDA:641,93,0,0
BRDA:641,93,1,0
BRDA:641,93,2,0
BRDA:641,93,3,0
BRDA:643,94,0,0
BRDA:643,94,1,0
BRDA:649,95,0,0
BRDA:649,95,1,0
BRDA:649,96,0,0
BRDA:649,96,1,0
BRDA:665,97,0,0
BRDA:665,97,1,0
BRF:206
BRH:0
end_of_record
TN:
SF:out\scripts\third-party\tocbot.min.js
FN:1,(anonymous_0)
FN:1,ParseContent
FN:1,a
FN:1,c
FN:1,(anonymous_4)
FN:1,(anonymous_5)
FN:1,(anonymous_6)
FN:1,(anonymous_7)
FN:1,BuildHtml
FN:1,o
FN:1,(anonymous_10)
FN:1,(anonymous_11)
FN:1,(anonymous_12)
FN:1,s
FN:1,f
FN:1,(anonymous_15)
FN:1,(anonymous_16)
FN:1,(anonymous_17)
FN:1,e
FN:1,(anonymous_19)
FN:1,(anonymous_20)
FN:1,(anonymous_21)
FN:1,(anonymous_22)
FN:1,(anonymous_23)
FN:1,(anonymous_24)
FN:1,e
FN:1,updateTocScroll
FN:1,(anonymous_27)
FN:1,(anonymous_28)
FN:1,(anonymous_29)
FN:1,(anonymous_30)
FN:1,(anonymous_31)
FN:1,(anonymous_32)
FN:1,(anonymous_33)
FN:1,(anonymous_34)
FN:1,(anonymous_35)
FN:1,(anonymous_36)
FN:1,C
FNF:38
FNH:0
FNDA:0,(anonymous_0)
FNDA:0,ParseContent
FNDA:0,a
FNDA:0,c
FNDA:0,(anonymous_4)
FNDA:0,(anonymous_5)
FNDA:0,(anonymous_6)
FNDA:0,(anonymous_7)
FNDA:0,BuildHtml
FNDA:0,o
FNDA:0,(anonymous_10)
FNDA:0,(anonymous_11)
FNDA:0,(anonymous_12)
FNDA:0,s
FNDA:0,f
FNDA:0,(anonymous_15)
FNDA:0,(anonymous_16)
FNDA:0,(anonymous_17)
FNDA:0,e
FNDA:0,(anonymous_19)
FNDA:0,(anonymous_20)
FNDA:0,(anonymous_21)
FNDA:0,(anonymous_22)
FNDA:0,(anonymous_23)
FNDA:0,(anonymous_24)
FNDA:0,e
FNDA:0,updateTocScroll
FNDA:0,(anonymous_27)
FNDA:0,(anonymous_28)
FNDA:0,(anonymous_29)
FNDA:0,(anonymous_30)
FNDA:0,(anonymous_31)
FNDA:0,(anonymous_32)
FNDA:0,(anonymous_33)
FNDA:0,(anonymous_34)
FNDA:0,(anonymous_35)
FNDA:0,(anonymous_36)
FNDA:0,C
DA:1,0
LF:1
LH:0
BRDA:1,0,0,0
BRDA:1,0,1,0
BRDA:1,1,0,0
BRDA:1,1,1,0
BRDA:1,2,0,0
BRDA:1,2,1,0
BRDA:1,2,2,0
BRDA:1,3,0,0
BRDA:1,3,1,0
BRDA:1,4,0,0
BRDA:1,4,1,0
BRDA:1,5,0,0
BRDA:1,5,1,0
BRDA:1,6,0,0
BRDA:1,6,1,0
BRDA:1,7,0,0
BRDA:1,7,1,0
BRDA:1,8,0,0
BRDA:1,8,1,0
BRDA:1,9,0,0
BRDA:1,9,1,0
BRDA:1,9,2,0
BRDA:1,10,0,0
BRDA:1,10,1,0
BRDA:1,10,2,0
BRDA:1,11,0,0
BRDA:1,11,1,0
BRDA:1,12,0,0
BRDA:1,12,1,0
BRDA:1,13,0,0
BRDA:1,13,1,0
BRDA:1,14,0,0
BRDA:1,14,1,0
BRDA:1,15,0,0
BRDA:1,15,1,0
BRDA:1,16,0,0
BRDA:1,16,1,0
BRDA:1,17,0,0
BRDA:1,17,1,0
BRDA:1,18,0,0
BRDA:1,18,1,0
BRDA:1,19,0,0
BRDA:1,19,1,0
BRDA:1,20,0,0
BRDA:1,20,1,0
BRDA:1,21,0,0
BRDA:1,21,1,0
BRDA:1,21,2,0
BRDA:1,22,0,0
BRDA:1,22,1,0
BRDA:1,23,0,0
BRDA:1,23,1,0
BRDA:1,23,2,0
BRDA:1,24,0,0
BRDA:1,24,1,0
BRDA:1,25,0,0
BRDA:1,25,1,0
BRDA:1,25,2,0
BRDA:1,25,3,0
BRDA:1,26,0,0
BRDA:1,26,1,0
BRDA:1,27,0,0
BRDA:1,27,1,0
BRDA:1,27,2,0
BRDA:1,28,0,0
BRDA:1,28,1,0
BRDA:1,29,0,0
BRDA:1,29,1,0
BRDA:1,29,2,0
BRDA:1,30,0,0
BRDA:1,30,1,0
BRDA:1,31,0,0
BRDA:1,31,1,0
BRDA:1,32,0,0
BRDA:1,32,1,0
BRDA:1,33,0,0
BRDA:1,33,1,0
BRDA:1,34,0,0
BRDA:1,34,1,0
BRDA:1,35,0,0
BRDA:1,35,1,0
BRDA:1,36,0,0
BRDA:1,36,1,0
BRDA:1,37,0,0
BRDA:1,37,1,0
BRDA:1,38,0,0
BRDA:1,38,1,0
BRDA:1,39,0,0
BRDA:1,39,1,0
BRDA:1,40,0,0
BRDA:1,40,1,0
BRDA:1,41,0,0
BRDA:1,41,1,0
BRDA:1,42,0,0
BRDA:1,42,1,0
BRDA:1,43,0,0
BRDA:1,43,1,0
BRDA:1,44,0,0
BRDA:1,44,1,0
BRDA:1,45,0,0
BRDA:1,45,1,0
BRDA:1,45,2,0
BRDA:1,45,3,0
BRDA:1,46,0,0
BRDA:1,46,1,0
BRDA:1,47,0,0
BRDA:1,47,1,0
BRDA:1,48,0,0
BRDA:1,48,1,0
BRDA:1,49,0,0
BRDA:1,49,1,0
BRDA:1,50,0,0
BRDA:1,50,1,0
BRDA:1,51,0,0
BRDA:1,51,1,0
BRDA:1,52,0,0
BRDA:1,52,1,0
BRDA:1,53,0,0
BRDA:1,53,1,0
BRDA:1,53,2,0
BRDA:1,53,3,0
BRDA:1,54,0,0
BRDA:1,54,1,0
BRDA:1,55,0,0
BRDA:1,55,1,0
BRDA:1,56,0,0
BRDA:1,56,1,0
BRDA:1,57,0,0
BRDA:1,57,1,0
BRDA:1,58,0,0
BRDA:1,58,1,0
BRDA:1,59,0,0
BRDA:1,59,1,0
BRDA:1,59,2,0
BRDA:1,59,3,0
BRDA:1,60,0,0
BRDA:1,60,1,0
BRDA:1,61,0,0
BRDA:1,61,1,0
BRDA:1,62,0,0
BRDA:1,62,1,0
BRDA:1,63,0,0
BRDA:1,63,1,0
BRDA:1,63,2,0
BRDA:1,64,0,0
BRDA:1,64,1,0
BRDA:1,65,0,0
BRDA:1,65,1,0
BRDA:1,66,0,0
BRDA:1,66,1,0
BRDA:1,67,0,0
BRDA:1,67,1,0
BRDA:1,68,0,0
BRDA:1,68,1,0
BRDA:1,69,0,0
BRDA:1,69,1,0
BRDA:1,70,0,0
BRDA:1,70,1,0
BRDA:1,71,0,0
BRDA:1,71,1,0
BRDA:1,72,0,0
BRDA:1,72,1,0
BRDA:1,73,0,0
BRDA:1,73,1,0
BRDA:1,74,0,0
BRDA:1,74,1,0
BRDA:1,75,0,0
BRDA:1,75,1,0
BRDA:1,76,0,0
BRDA:1,76,1,0
BRDA:1,76,2,0
BRDA:1,76,3,0
BRDA:1,77,0,0
BRDA:1,77,1,0
BRDA:1,77,2,0
BRDA:1,77,3,0
BRDA:1,77,4,0
BRDA:1,78,0,0
BRDA:1,78,1,0
BRDA:1,79,0,0
BRDA:1,79,1,0
BRDA:1,80,0,0
BRDA:1,80,1,0
BRDA:1,81,0,0
BRDA:1,81,1,0
BRDA:1,82,0,0
BRDA:1,82,1,0
BRDA:1,83,0,0
BRDA:1,83,1,0
BRDA:1,84,0,0
BRDA:1,84,1,0
BRDA:1,85,0,0
BRDA:1,85,1,0
BRDA:1,86,0,0
BRDA:1,86,1,0
BRF:195
BRH:0
end_of_record
TN:
SF:source\eslint.config.js
FNF:0
FNH:0
DA:12,0
LF:1
LH:0
BRF:0
BRH:0
end_of_record
TN:
SF:source\interpPage.js
FN:389,(anonymous_0)
FN:393,(anonymous_1)
FN:399,(anonymous_2)
FN:407,(anonymous_3)
FN:425,getCardNamesFromLS
FN:446,setCardProp
FN:484,randomInterp
FN:505,flipCard
FN:513,(anonymous_8)
FN:517,(anonymous_9)
FN:522,(anonymous_10)
FNF:11
FNH:0
FNDA:0,(anonymous_0)
FNDA:0,(anonymous_1)
FNDA:0,(anonymous_2)
FNDA:0,(anonymous_3)
FNDA:0,getCardNamesFromLS
FNDA:0,setCardProp
FNDA:0,randomInterp
FNDA:0,flipCard
FNDA:0,(anonymous_8)
FNDA:0,(anonymous_9)
FNDA:0,(anonymous_10)
DA:5,0
DA:319,0
DA:377,0
DA:379,0
DA:382,0
DA:383,0
DA:384,0
DA:385,0
DA:386,0
DA:389,0
DA:392,0
DA:393,0
DA:394,0
DA:398,0
DA:399,0
DA:400,0
DA:404,0
DA:405,0
DA:407,0
DA:408,0
DA:410,0
DA:411,0
DA:412,0
DA:414,0
DA:427,0
DA:428,0
DA:431,0
DA:432,0
DA:433,0
DA:434,0
DA:436,0
DA:440,0
DA:447,0
DA:448,0
DA:449,0
DA:452,0
DA:453,0
DA:455,0
DA:456,0
DA:459,0
DA:460,0
DA:461,0
DA:464,0
DA:465,0
DA:466,0
DA:471,0
DA:472,0
DA:474,0
DA:485,0
DA:488,0
DA:489,0
DA:493,0
DA:496,0
DA:497,0
DA:499,0
DA:506,0
DA:513,0
DA:514,0
DA:515,0
DA:516,0
DA:517,0
DA:518,0
DA:522,0
DA:523,0
DA:524,0
DA:525,0
DA:527,0
DA:528,0
LF:68
LH:0
BRDA:382,0,0,0
BRDA:382,0,1,0
BRDA:410,1,0,0
BRDA:410,1,1,0
BRDA:433,2,0,0
BRDA:433,2,1,0
BRDA:471,3,0,0
BRDA:471,3,1,0
BRDA:516,4,0,0
BRDA:516,4,1,0
BRDA:523,5,0,0
BRDA:523,5,1,0
BRF:12
BRH:0
end_of_record
TN:
SF:source\recipe.js
FN:2,(anonymous_0)
FN:102,(anonymous_1)
FN:118,(anonymous_2)
FN:124,(anonymous_3)
FNF:4
FNH:0
FNDA:0,(anonymous_0)
FNDA:0,(anonymous_1)
FNDA:0,(anonymous_2)
FNDA:0,(anonymous_3)
DA:3,0
DA:5,0
DA:6,0
DA:7,0
DA:9,0
DA:85,0
DA:86,0
DA:104,0
DA:106,0
DA:107,0
DA:118,0
DA:124,0
DA:131,0
LF:13
LH:0
BRDA:104,0,0,0
BRDA:104,0,1,0
BRF:2
BRH:0
end_of_record
TN:
SF:source\recipeGenerator.js
FN:4,(anonymous_0)
FN:8,(anonymous_1)
FN:12,init
FN:17,(anonymous_3)
FN:20,(anonymous_4)
FN:22,(anonymous_5)
FN:24,(anonymous_6)
FN:35,getRecipeFromStorage
FN:48,GenerateButtonHandler
FN:60,(anonymous_9)
FNF:10
FNH:0
FNDA:0,(anonymous_0)
FNDA:0,(anonymous_1)
FNDA:0,init
FNDA:0,(anonymous_3)
FNDA:0,(anonymous_4)
FNDA:0,(anonymous_5)
FNDA:0,(anonymous_6)
FNDA:0,getRecipeFromStorage
FNDA:0,GenerateButtonHandler
FNDA:0,(anonymous_9)
DA:1,0
DA:4,0
DA:5,0
DA:8,0
DA:9,0
DA:14,0
DA:15,0
DA:17,0
DA:18,0
DA:21,0
DA:23,0
DA:25,0
DA:36,0
DA:37,0
DA:38,0
DA:49,0
DA:50,0
DA:51,0
DA:54,0
DA:55,0
DA:57,0
DA:59,0
DA:60,0
DA:61,0
DA:62,0
DA:63,0
LF:26
LH:0
BRDA:54,0,0,0
BRDA:54,0,1,0
BRF:2
BRH:0
end_of_record
TN:
SF:source\assets\scripts\rando.js
FN:1,shake
FN:13,(anonymous_1)
FN:19,(anonymous_2)
FNF:3
FNH:0
FNDA:0,shake
FNDA:0,(anonymous_1)
FNDA:0,(anonymous_2)
DA:3,0
DA:7,0
DA:9,0
DA:13,0
DA:14,0
DA:15,0
DA:19,0
DA:21,0
DA:24,0
DA:27,0
DA:30,0
DA:47,0
DA:50,0
LF:13
LH:0
BRF:0
BRH:0
end_of_record
TN:
SF:source\script\shuffle.js
FN:97,(anonymous_0)
FN:116,(anonymous_1)
FN:147,toInterp
FN:164,shuffle
FN:183,(anonymous_4)
FN:188,(anonymous_5)
FNF:6
FNH:0
FNDA:0,(anonymous_0)
FNDA:0,(anonymous_1)
FNDA:0,toInterp
FNDA:0,shuffle
FNDA:0,(anonymous_4)
FNDA:0,(anonymous_5)
DA:2,0
DA:94,0
DA:95,0
DA:97,0
DA:98,0
DA:100,0
DA:102,0
DA:103,0
DA:104,0
DA:106,0
DA:107,0
DA:109,0
DA:110,0
DA:112,0
DA:113,0
DA:116,0
DA:117,0
DA:119,0
DA:120,0
DA:121,0
DA:124,0
DA:129,0
DA:131,0
DA:132,0
DA:134,0
DA:135,0
DA:137,0
DA:149,0
DA:150,0
DA:151,0
DA:152,0
DA:155,0
DA:156,0
DA:157,0
DA:165,0
DA:166,0
DA:167,0
DA:168,0
DA:169,0
DA:170,0
DA:172,0
DA:173,0
DA:174,0
DA:183,0
DA:184,0
DA:185,0
DA:187,0
DA:188,0
DA:189,0
DA:190,0
DA:191,0
DA:193,0
DA:194,0
LF:53
LH:0
BRDA:109,0,0,0
BRDA:109,0,1,0
BRDA:119,1,0,0
BRDA:119,1,1,0
BRDA:119,2,0,0
BRDA:119,2,1,0
BRDA:131,3,0,0
BRDA:131,3,1,0
BRDA:151,4,0,0
BRDA:151,4,1,0
BRDA:187,5,0,0
BRDA:187,5,1,0
BRDA:189,6,0,0
BRDA:189,6,1,0
BRF:14
BRH:0
end_of_record
TN:
SF:specs\Magic8Ball\script.js
FN:1,shake
FN:11,(anonymous_1)
FN:17,(anonymous_2)
FNF:3
FNH:0
FNDA:0,shake
FNDA:0,(anonymous_1)
FNDA:0,(anonymous_2)
DA:3,0
DA:6,0
DA:8,0
DA:11,0
DA:12,0
DA:13,0
DA:17,0
DA:19,0
DA:22,0
DA:25,0
DA:28,0
DA:45,0
DA:48,0
LF:13
LH:0
BRF:0
BRH:0
end_of_record
TN:
SF:specs\Magic8BallTest2\script.js
FN:27,shakeMagic8Ball
FN:38,(anonymous_1)
FN:41,(anonymous_2)
FNF:3
FNH:0
FNDA:0,shakeMagic8Ball
FNDA:0,(anonymous_1)
FNDA:0,(anonymous_2)
DA:1,0
DA:2,0
DA:4,0
DA:28,0
DA:29,0
DA:30,0
DA:31,0
DA:32,0
DA:33,0
DA:34,0
DA:37,0
DA:38,0
DA:39,0
DA:41,0
DA:42,0
LF:15
LH:0
BRF:0
BRH:0
end_of_record
TN:
SF:specs\Magic8BallTest3\script.js
FN:12,(anonymous_0)
FN:17,(anonymous_1)
FN:24,shakeBall
FN:28,speakAnswer
FNF:4
FNH:0
FNDA:0,(anonymous_0)
FNDA:0,(anonymous_1)
FNDA:0,shakeBall
FNDA:0,speakAnswer
DA:1,0
DA:2,0
DA:12,0
DA:13,0
DA:14,0
DA:17,0
DA:18,0
DA:19,0
DA:20,0
DA:21,0
DA:25,0
DA:29,0
DA:30,0
LF:13
LH:0
BRF:0
BRH:0
end_of_record
TN:
SF:specs\Magic8BallTest4\script.js
FN:1,shake
FN:48,(anonymous_1)
FNF:2
FNH:0
FNDA:0,shake
FNDA:0,(anonymous_1)
DA:3,0
DA:6,0
DA:7,0
DA:8,0
DA:12,0
DA:13,0
DA:16,0
DA:35,0
DA:38,0
DA:39,0
DA:42,0
DA:43,0
DA:44,0
DA:48,0
DA:49,0
LF:15
LH:0
BRDA:6,0,0,0
BRDA:6,0,1,0
BRF:2
BRH:0
end_of_record
TN:
SF:specs\Magic8BallTest5\script.js
FN:1,shake
FN:50,(anonymous_1)
FNF:2
FNH:0
FNDA:0,shake
FNDA:0,(anonymous_1)
DA:3,0
DA:6,0
DA:7,0
DA:8,0
DA:12,0
DA:13,0
DA:16,0
DA:35,0
DA:38,0
DA:39,0
DA:40,0
DA:43,0
DA:44,0
DA:45,0
DA:49,0
DA:50,0
DA:51,0
DA:52,0
DA:53,0
LF:19
LH:0
BRDA:6,0,0,0
BRDA:6,0,1,0
BRF:2
BRH:0
end_of_record
TN:
SF:specs\Magic8BallTest6(Harish)\barrelroll.js
FN:1,shake
FN:8,(anonymous_1)
FNF:2
FNH:0
FNDA:0,shake
FNDA:0,(anonymous_1)
DA:2,0
DA:3,0
DA:4,0
DA:6,0
DA:7,0
DA:8,0
DA:9,0
DA:10,0
DA:11,0
DA:12,0
DA:15,0
DA:19,0
LF:12
LH:0
BRDA:6,0,0,0
BRDA:6,0,1,0
BRF:2
BRH:0
end_of_record
TN:
SF:specs\Magic8BallTest7(Sophia)\script.js
FN:1,shakeBall
FN:12,getResponse
FNF:2
FNH:0
FNDA:0,shakeBall
FNDA:0,getResponse
DA:2,0
DA:3,0
DA:4,0
DA:5,0
DA:6,0
DA:8,0
DA:13,0
DA:35,0
DA:36,0
DA:37,0
LF:10
LH:0
BRDA:3,0,0,0
BRDA:3,0,1,0
BRF:2
BRH:0
end_of_record
TN:
SF:specs\Magic8BallTest8(Thanh)\script.js
FN:28,getRandomAnswer
FN:32,shake
FN:34,(anonymous_2)
FN:39,handleShakeBtnClick
FNF:4
FNH:0
FNDA:0,getRandomAnswer
FNDA:0,shake
FNDA:0,(anonymous_2)
FNDA:0,handleShakeBtnClick
DA:1,0
DA:23,0
DA:24,0
DA:25,0
DA:26,0
DA:29,0
DA:33,0
DA:34,0
DA:35,0
DA:40,0
DA:41,0
DA:42,0
DA:44,0
DA:45,0
DA:48,0
LF:15
LH:0
BRDA:40,0,0,0
BRDA:40,0,1,0
BRF:2
BRH:0
end_of_record
